# JRE version: Java(TM) SE Runtime Environment (8.0_101-b13) (build 1.8.0_101-b13)
# Java VM: Java HotSpot(TM) 64-Bit Server VM (25.101-b13 mixed mode windows-amd64 compressed oops)
Heap:
 PSYoungGen      total 929280K, used 494003K [0x000000076ab00000, 0x00000007a9100000, 0x00000007c0000000)
  eden space 885760K, 55% used [0x000000076ab00000,0x000000078883d858,0x00000007a0c00000)
  from space 43520K, 12% used [0x00000007a6680000,0x00000007a6baf440,0x00000007a9100000)
  to   space 68096K, 0% used [0x00000007a0c00000,0x00000007a0c00000,0x00000007a4e80000)
 ParOldGen       total 344064K, used 170169K [0x00000006c0000000, 0x00000006d5000000, 0x000000076ab00000)
  object space 344064K, 49% used [0x00000006c0000000,0x00000006ca62e7b8,0x00000006d5000000)
 Metaspace       used 44257K, capacity 44647K, committed 45184K, reserved 1089536K
  class space    used 5294K, capacity 5432K, committed 5504K, reserved 1048576K
GC Heap History (10 events):
Event: 22.706 GC heap before
{Heap before GC invocations=18 (full 4):
 PSYoungGen      total 841216K, used 376245K [0x000000076ab00000, 0x00000007a2a00000, 0x00000007c0000000)
  eden space 774144K, 48% used [0x000000076ab00000,0x0000000781a6d6c8,0x0000000799f00000)
  from space 67072K, 0% used [0x0000000799f00000,0x0000000799f00000,0x000000079e080000)
  to   space 69120K, 0% used [0x000000079e680000,0x000000079e680000,0x00000007a2a00000)
 ParOldGen       total 180224K, used 129104K [0x00000006c0000000, 0x00000006cb000000, 0x000000076ab00000)
  object space 180224K, 71% used [0x00000006c0000000,0x00000006c7e14060,0x00000006cb000000)
 Metaspace       used 41664K, capacity 42065K, committed 42496K, reserved 1087488K
  class space    used 5185K, capacity 5327K, committed 5376K, reserved 1048576K
Event: 22.721 GC heap after
Heap after GC invocations=18 (full 4):
 PSYoungGen      total 845312K, used 36689K [0x000000076ab00000, 0x00000007a2800000, 0x00000007c0000000)
  eden space 778240K, 0% used [0x000000076ab00000,0x000000076ab00000,0x000000079a300000)
  from space 67072K, 54% used [0x000000079e680000,0x00000007a0a54590,0x00000007a2800000)
  to   space 68096K, 0% used [0x000000079a300000,0x000000079a300000,0x000000079e580000)
 ParOldGen       total 180224K, used 129112K [0x00000006c0000000, 0x00000006cb000000, 0x000000076ab00000)
  object space 180224K, 71% used [0x00000006c0000000,0x00000006c7e16060,0x00000006cb000000)
 Metaspace       used 41664K, capacity 42065K, committed 42496K, reserved 1087488K
  class space    used 5185K, capacity 5327K, committed 5376K, reserved 1048576K
}
Event: 22.721 GC heap before
{Heap before GC invocations=19 (full 5):
 PSYoungGen      total 845312K, used 36689K [0x000000076ab00000, 0x00000007a2800000, 0x00000007c0000000)
  eden space 778240K, 0% used [0x000000076ab00000,0x000000076ab00000,0x000000079a300000)
  from space 67072K, 54% used [0x000000079e680000,0x00000007a0a54590,0x00000007a2800000)
  to   space 68096K, 0% used [0x000000079a300000,0x000000079a300000,0x000000079e580000)
 ParOldGen       total 180224K, used 129112K [0x00000006c0000000, 0x00000006cb000000, 0x000000076ab00000)
  object space 180224K, 71% used [0x00000006c0000000,0x00000006c7e16060,0x00000006cb000000)
 Metaspace       used 41664K, capacity 42065K, committed 42496K, reserved 1087488K
  class space    used 5185K, capacity 5327K, committed 5376K, reserved 1048576K
Event: 23.115 GC heap after
Heap after GC invocations=19 (full 5):
 PSYoungGen      total 845312K, used 0K [0x000000076ab00000, 0x00000007a2800000, 0x00000007c0000000)
  eden space 778240K, 0% used [0x000000076ab00000,0x000000076ab00000,0x000000079a300000)
  from space 67072K, 0% used [0x000000079e680000,0x000000079e680000,0x00000007a2800000)
  to   space 68096K, 0% used [0x000000079a300000,0x000000079a300000,0x000000079e580000)
 ParOldGen       total 180224K, used 161833K [0x00000006c0000000, 0x00000006cb000000, 0x000000076ab00000)
  object space 180224K, 89% used [0x00000006c0000000,0x00000006c9e0a6a0,0x00000006cb000000)
 Metaspace       used 41664K, capacity 42065K, committed 42496K, reserved 1087488K
  class space    used 5185K, capacity 5327K, committed 5376K, reserved 1048576K
}
Event: 24.855 GC heap before
{Heap before GC invocations=20 (full 6):
 PSYoungGen      total 845312K, used 778240K [0x000000076ab00000, 0x00000007a2800000, 0x00000007c0000000)
  eden space 778240K, 100% used [0x000000076ab00000,0x000000079a300000,0x000000079a300000)
  from space 67072K, 0% used [0x000000079e680000,0x000000079e680000,0x00000007a2800000)
  to   space 68096K, 0% used [0x000000079a300000,0x000000079a300000,0x000000079e580000)
 ParOldGen       total 180224K, used 161833K [0x00000006c0000000, 0x00000006cb000000, 0x000000076ab00000)
  object space 180224K, 89% used [0x00000006c0000000,0x00000006c9e0a6a0,0x00000006cb000000)
 Metaspace       used 43095K, capacity 43489K, committed 43904K, reserved 1087488K
  class space    used 5279K, capacity 5431K, committed 5504K, reserved 1048576K
Event: 24.999 GC heap after
Heap after GC invocations=20 (full 6):
 PSYoungGen      total 845312K, used 0K [0x000000076ab00000, 0x00000007a2800000, 0x00000007c0000000)
  eden space 778240K, 0% used [0x000000076ab00000,0x000000076ab00000,0x000000079a300000)
  from space 67072K, 0% used [0x000000079e680000,0x000000079e680000,0x00000007a2800000)
  to   space 68096K, 0% used [0x000000079a300000,0x000000079a300000,0x000000079e580000)
 ParOldGen       total 344064K, used 170153K [0x00000006c0000000, 0x00000006d5000000, 0x000000076ab00000)
  object space 344064K, 49% used [0x00000006c0000000,0x00000006ca62a7b8,0x00000006d5000000)
 Metaspace       used 43095K, capacity 43489K, committed 43904K, reserved 1087488K
  class space    used 5279K, capacity 5431K, committed 5504K, reserved 1048576K
}
Event: 29.498 GC heap before
{Heap before GC invocations=21 (full 6):
 PSYoungGen      total 845312K, used 778240K [0x000000076ab00000, 0x00000007a2800000, 0x00000007c0000000)
  eden space 778240K, 100% used [0x000000076ab00000,0x000000079a300000,0x000000079a300000)
  from space 67072K, 0% used [0x000000079e680000,0x000000079e680000,0x00000007a2800000)
  to   space 68096K, 0% used [0x000000079a300000,0x000000079a300000,0x000000079e580000)
 ParOldGen       total 344064K, used 170153K [0x00000006c0000000, 0x00000006d5000000, 0x000000076ab00000)
  object space 344064K, 49% used [0x00000006c0000000,0x00000006ca62a7b8,0x00000006d5000000)
 Metaspace       used 43637K, capacity 44007K, committed 44416K, reserved 1087488K
  class space    used 5280K, capacity 5432K, committed 5504K, reserved 1048576K
Event: 29.501 GC heap after
Heap after GC invocations=21 (full 6):
 PSYoungGen      total 846336K, used 5325K [0x000000076ab00000, 0x00000007aa900000, 0x00000007c0000000)
  eden space 778240K, 0% used [0x000000076ab00000,0x000000076ab00000,0x000000079a300000)
  from space 68096K, 7% used [0x000000079a300000,0x000000079a833450,0x000000079e580000)
  to   space 68096K, 0% used [0x00000007a6680000,0x00000007a6680000,0x00000007aa900000)
 ParOldGen       total 344064K, used 170161K [0x00000006c0000000, 0x00000006d5000000, 0x000000076ab00000)
  object space 344064K, 49% used [0x00000006c0000000,0x00000006ca62c7b8,0x00000006d5000000)
 Metaspace       used 43637K, capacity 44007K, committed 44416K, reserved 1087488K
  class space    used 5280K, capacity 5432K, committed 5504K, reserved 1048576K
}
Event: 35.699 GC heap before
{Heap before GC invocations=22 (full 6):
 PSYoungGen      total 846336K, used 783565K [0x000000076ab00000, 0x00000007aa900000, 0x00000007c0000000)
  eden space 778240K, 100% used [0x000000076ab00000,0x000000079a300000,0x000000079a300000)
  from space 68096K, 7% used [0x000000079a300000,0x000000079a833450,0x000000079e580000)
  to   space 68096K, 0% used [0x00000007a6680000,0x00000007a6680000,0x00000007aa900000)
 ParOldGen       total 344064K, used 170161K [0x00000006c0000000, 0x00000006d5000000, 0x000000076ab00000)
  object space 344064K, 49% used [0x00000006c0000000,0x00000006ca62c7b8,0x00000006d5000000)
 Metaspace       used 44037K, capacity 44519K, committed 44928K, reserved 1089536K
  class space    used 5283K, capacity 5432K, committed 5504K, reserved 1048576K
Event: 35.702 GC heap after
Heap after GC invocations=22 (full 6):
 PSYoungGen      total 929280K, used 5309K [0x000000076ab00000, 0x00000007a9100000, 0x00000007c0000000)
  eden space 885760K, 0% used [0x000000076ab00000,0x000000076ab00000,0x00000007a0c00000)
  from space 43520K, 12% used [0x00000007a6680000,0x00000007a6baf440,0x00000007a9100000)
  to   space 68096K, 0% used [0x00000007a0c00000,0x00000007a0c00000,0x00000007a4e80000)
 ParOldGen       total 344064K, used 170169K [0x00000006c0000000, 0x00000006d5000000, 0x000000076ab00000)
  object space 344064K, 49% used [0x00000006c0000000,0x00000006ca62e7b8,0x00000006d5000000)
 Metaspace       used 44037K, capacity 44519K, committed 44928K, reserved 1089536K
  class space    used 5283K, capacity 5432K, committed 5504K, reserved 1048576K
}

