# JRE version: Java(TM) SE Runtime Environment (8.0_77-b03) (build 1.8.0_77-b03)
# Java VM: Java HotSpot(TM) 64-Bit Server VM (25.77-b03 mixed mode windows-amd64 compressed oops)
Heap:
 PSYoungGen      total 168448K, used 6811K [0x000000076ab00000, 0x0000000792100000, 0x00000007c0000000)
  eden space 158208K, 4% used [0x000000076ab00000,0x000000076b1a6c70,0x0000000774580000)
  from space 10240K, 0% used [0x0000000791700000,0x0000000791700000,0x0000000792100000)
  to   space 14336K, 0% used [0x0000000790500000,0x0000000790500000,0x0000000791300000)
 ParOldGen       total 325632K, used 182937K [0x00000006c0000000, 0x00000006d3e00000, 0x000000076ab00000)
  object space 325632K, 56% used [0x00000006c0000000,0x00000006cb2a6528,0x00000006d3e00000)
 Metaspace       used 43810K, capacity 44271K, committed 44800K, reserved 1089536K
  class space    used 5220K, capacity 5327K, committed 5376K, reserved 1048576K
GC Heap History (10 events):
Event: 636.342 GC heap before
{Heap before GC invocations=108 (full 5):
 PSYoungGen      total 151552K, used 151286K [0x000000076ab00000, 0x0000000793280000, 0x00000007c0000000)
  eden space 141312K, 100% used [0x000000076ab00000,0x0000000773500000,0x0000000773500000)
  from space 10240K, 97% used [0x0000000792880000,0x000000079323daf0,0x0000000793280000)
  to   space 14336K, 0% used [0x0000000791680000,0x0000000791680000,0x0000000792480000)
 ParOldGen       total 325632K, used 206388K [0x00000006c0000000, 0x00000006d3e00000, 0x000000076ab00000)
  object space 325632K, 63% used [0x00000006c0000000,0x00000006cc98d2a0,0x00000006d3e00000)
 Metaspace       used 43798K, capacity 44207K, committed 44800K, reserved 1089536K
  class space    used 5217K, capacity 5327K, committed 5376K, reserved 1048576K
Event: 636.347 GC heap after
Heap after GC invocations=108 (full 5):
 PSYoungGen      total 147968K, used 9849K [0x000000076ab00000, 0x0000000792900000, 0x00000007c0000000)
  eden space 137728K, 0% used [0x000000076ab00000,0x000000076ab00000,0x0000000773180000)
  from space 10240K, 96% used [0x0000000791680000,0x000000079201e590,0x0000000792080000)
  to   space 8704K, 0% used [0x0000000792080000,0x0000000792080000,0x0000000792900000)
 ParOldGen       total 325632K, used 208131K [0x00000006c0000000, 0x00000006d3e00000, 0x000000076ab00000)
  object space 325632K, 63% used [0x00000006c0000000,0x00000006ccb40db0,0x00000006d3e00000)
 Metaspace       used 43798K, capacity 44207K, committed 44800K, reserved 1089536K
  class space    used 5217K, capacity 5327K, committed 5376K, reserved 1048576K
}
Event: 636.559 GC heap before
{Heap before GC invocations=109 (full 5):
 PSYoungGen      total 147968K, used 147577K [0x000000076ab00000, 0x0000000792900000, 0x00000007c0000000)
  eden space 137728K, 100% used [0x000000076ab00000,0x0000000773180000,0x0000000773180000)
  from space 10240K, 96% used [0x0000000791680000,0x000000079201e590,0x0000000792080000)
  to   space 8704K, 0% used [0x0000000792080000,0x0000000792080000,0x0000000792900000)
 ParOldGen       total 325632K, used 208131K [0x00000006c0000000, 0x00000006d3e00000, 0x000000076ab00000)
  object space 325632K, 63% used [0x00000006c0000000,0x00000006ccb40db0,0x00000006d3e00000)
 Metaspace       used 43798K, capacity 44207K, committed 44800K, reserved 1089536K
  class space    used 5217K, capacity 5327K, committed 5376K, reserved 1048576K
Event: 636.563 GC heap after
Heap after GC invocations=109 (full 5):
 PSYoungGen      total 155648K, used 8698K [0x000000076ab00000, 0x0000000792900000, 0x00000007c0000000)
  eden space 146944K, 0% used [0x000000076ab00000,0x000000076ab00000,0x0000000773a80000)
  from space 8704K, 99% used [0x0000000792080000,0x00000007928feb00,0x0000000792900000)
  to   space 14336K, 0% used [0x0000000790d00000,0x0000000790d00000,0x0000000791b00000)
 ParOldGen       total 325632K, used 209985K [0x00000006c0000000, 0x00000006d3e00000, 0x000000076ab00000)
  object space 325632K, 64% used [0x00000006c0000000,0x00000006ccd10750,0x00000006d3e00000)
 Metaspace       used 43798K, capacity 44207K, committed 44800K, reserved 1089536K
  class space    used 5217K, capacity 5327K, committed 5376K, reserved 1048576K
}
Event: 636.864 GC heap before
{Heap before GC invocations=110 (full 5):
 PSYoungGen      total 155648K, used 155642K [0x000000076ab00000, 0x0000000792900000, 0x00000007c0000000)
  eden space 146944K, 100% used [0x000000076ab00000,0x0000000773a80000,0x0000000773a80000)
  from space 8704K, 99% used [0x0000000792080000,0x00000007928feb00,0x0000000792900000)
  to   space 14336K, 0% used [0x0000000790d00000,0x0000000790d00000,0x0000000791b00000)
 ParOldGen       total 325632K, used 209985K [0x00000006c0000000, 0x00000006d3e00000, 0x000000076ab00000)
  object space 325632K, 64% used [0x00000006c0000000,0x00000006ccd10750,0x00000006d3e00000)
 Metaspace       used 43798K, capacity 44207K, committed 44800K, reserved 1089536K
  class space    used 5217K, capacity 5327K, committed 5376K, reserved 1048576K
Event: 636.869 GC heap after
Heap after GC invocations=110 (full 5):
 PSYoungGen      total 168448K, used 9871K [0x000000076ab00000, 0x0000000792100000, 0x00000007c0000000)
  eden space 158208K, 0% used [0x000000076ab00000,0x000000076ab00000,0x0000000774580000)
  from space 10240K, 96% used [0x0000000790d00000,0x00000007916a3c40,0x0000000791700000)
  to   space 10240K, 0% used [0x0000000791700000,0x0000000791700000,0x0000000792100000)
 ParOldGen       total 325632K, used 210065K [0x00000006c0000000, 0x00000006d3e00000, 0x000000076ab00000)
  object space 325632K, 64% used [0x00000006c0000000,0x00000006ccd24750,0x00000006d3e00000)
 Metaspace       used 43798K, capacity 44207K, committed 44800K, reserved 1089536K
  class space    used 5217K, capacity 5327K, committed 5376K, reserved 1048576K
}
Event: 637.210 GC heap before
{Heap before GC invocations=111 (full 5):
 PSYoungGen      total 168448K, used 71835K [0x000000076ab00000, 0x0000000792100000, 0x00000007c0000000)
  eden space 158208K, 39% used [0x000000076ab00000,0x000000076e7831f0,0x0000000774580000)
  from space 10240K, 96% used [0x0000000790d00000,0x00000007916a3c40,0x0000000791700000)
  to   space 10240K, 0% used [0x0000000791700000,0x0000000791700000,0x0000000792100000)
 ParOldGen       total 325632K, used 210065K [0x00000006c0000000, 0x00000006d3e00000, 0x000000076ab00000)
  object space 325632K, 64% used [0x00000006c0000000,0x00000006ccd24750,0x00000006d3e00000)
 Metaspace       used 43801K, capacity 44271K, committed 44800K, reserved 1089536K
  class space    used 5218K, capacity 5327K, committed 5376K, reserved 1048576K
Event: 637.213 GC heap after
Heap after GC invocations=111 (full 5):
 PSYoungGen      total 168448K, used 10191K [0x000000076ab00000, 0x0000000792100000, 0x00000007c0000000)
  eden space 158208K, 0% used [0x000000076ab00000,0x000000076ab00000,0x0000000774580000)
  from space 10240K, 99% used [0x0000000791700000,0x00000007920f3d30,0x0000000792100000)
  to   space 14336K, 0% used [0x0000000790500000,0x0000000790500000,0x0000000791300000)
 ParOldGen       total 325632K, used 210065K [0x00000006c0000000, 0x00000006d3e00000, 0x000000076ab00000)
  object space 325632K, 64% used [0x00000006c0000000,0x00000006ccd24750,0x00000006d3e00000)
 Metaspace       used 43801K, capacity 44271K, committed 44800K, reserved 1089536K
  class space    used 5218K, capacity 5327K, committed 5376K, reserved 1048576K
}
Event: 637.213 GC heap before
{Heap before GC invocations=112 (full 6):
 PSYoungGen      total 168448K, used 10191K [0x000000076ab00000, 0x0000000792100000, 0x00000007c0000000)
  eden space 158208K, 0% used [0x000000076ab00000,0x000000076ab00000,0x0000000774580000)
  from space 10240K, 99% used [0x0000000791700000,0x00000007920f3d30,0x0000000792100000)
  to   space 14336K, 0% used [0x0000000790500000,0x0000000790500000,0x0000000791300000)
 ParOldGen       total 325632K, used 210065K [0x00000006c0000000, 0x00000006d3e00000, 0x000000076ab00000)
  object space 325632K, 64% used [0x00000006c0000000,0x00000006ccd24750,0x00000006d3e00000)
 Metaspace       used 43801K, capacity 44271K, committed 44800K, reserved 1089536K
  class space    used 5218K, capacity 5327K, committed 5376K, reserved 1048576K
Event: 637.521 GC heap after
Heap after GC invocations=112 (full 6):
 PSYoungGen      total 168448K, used 0K [0x000000076ab00000, 0x0000000792100000, 0x00000007c0000000)
  eden space 158208K, 0% used [0x000000076ab00000,0x000000076ab00000,0x0000000774580000)
  from space 10240K, 0% used [0x0000000791700000,0x0000000791700000,0x0000000792100000)
  to   space 14336K, 0% used [0x0000000790500000,0x0000000790500000,0x0000000791300000)
 ParOldGen       total 325632K, used 182937K [0x00000006c0000000, 0x00000006d3e00000, 0x000000076ab00000)
  object space 325632K, 56% used [0x00000006c0000000,0x00000006cb2a6528,0x00000006d3e00000)
 Metaspace       used 43801K, capacity 44271K, committed 44800K, reserved 1089536K
  class space    used 5218K, capacity 5327K, committed 5376K, reserved 1048576K
}

