# JRE version: Java(TM) SE Runtime Environment (8.0_77-b03) (build 1.8.0_77-b03)
# Java VM: Java HotSpot(TM) 64-Bit Server VM (25.77-b03 mixed mode windows-amd64 compressed oops)
Heap:
 PSYoungGen      total 1019904K, used 35011K [0x000000076ab00000, 0x00000007af280000, 0x00000007c0000000)
  eden space 999936K, 3% used [0x000000076ab00000,0x000000076cd30ca0,0x00000007a7b80000)
  from space 19968K, 0% used [0x00000007a7b80000,0x00000007a7b80000,0x00000007a8f00000)
  to   space 60928K, 0% used [0x00000007ab700000,0x00000007ab700000,0x00000007af280000)
 ParOldGen       total 184320K, used 170758K [0x00000006c0000000, 0x00000006cb400000, 0x000000076ab00000)
  object space 184320K, 92% used [0x00000006c0000000,0x00000006ca6c19c0,0x00000006cb400000)
 Metaspace       used 44562K, capacity 45005K, committed 45440K, reserved 1089536K
  class space    used 5305K, capacity 5439K, committed 5504K, reserved 1048576K
GC Heap History (10 events):
Event: 23.646 GC heap before
{Heap before GC invocations=21 (full 5):
 PSYoungGen      total 826880K, used 768035K [0x000000076ab00000, 0x00000007ab300000, 0x00000007c0000000)
  eden space 755200K, 100% used [0x000000076ab00000,0x0000000798c80000,0x0000000798c80000)
  from space 71680K, 17% used [0x0000000798c80000,0x0000000799908fb8,0x000000079d280000)
  to   space 70656K, 0% used [0x00000007a6e00000,0x00000007a6e00000,0x00000007ab300000)
 ParOldGen       total 184320K, used 159071K [0x00000006c0000000, 0x00000006cb400000, 0x000000076ab00000)
  object space 184320K, 86% used [0x00000006c0000000,0x00000006c9b57c40,0x00000006cb400000)
 Metaspace       used 43800K, capacity 44295K, committed 44672K, reserved 1089536K
  class space    used 5283K, capacity 5438K, committed 5504K, reserved 1048576K
Event: 23.655 GC heap after
Heap after GC invocations=21 (full 5):
 PSYoungGen      total 931840K, used 18707K [0x000000076ab00000, 0x00000007a9600000, 0x00000007c0000000)
  eden space 890880K, 0% used [0x000000076ab00000,0x000000076ab00000,0x00000007a1100000)
  from space 40960K, 45% used [0x00000007a6e00000,0x00000007a8044e20,0x00000007a9600000)
  to   space 68096K, 0% used [0x00000007a1100000,0x00000007a1100000,0x00000007a5380000)
 ParOldGen       total 184320K, used 159079K [0x00000006c0000000, 0x00000006cb400000, 0x000000076ab00000)
  object space 184320K, 86% used [0x00000006c0000000,0x00000006c9b59c40,0x00000006cb400000)
 Metaspace       used 43800K, capacity 44295K, committed 44672K, reserved 1089536K
  class space    used 5283K, capacity 5438K, committed 5504K, reserved 1048576K
}
Event: 29.461 GC heap before
{Heap before GC invocations=22 (full 5):
 PSYoungGen      total 931840K, used 909587K [0x000000076ab00000, 0x00000007a9600000, 0x00000007c0000000)
  eden space 890880K, 100% used [0x000000076ab00000,0x00000007a1100000,0x00000007a1100000)
  from space 40960K, 45% used [0x00000007a6e00000,0x00000007a8044e20,0x00000007a9600000)
  to   space 68096K, 0% used [0x00000007a1100000,0x00000007a1100000,0x00000007a5380000)
 ParOldGen       total 184320K, used 159079K [0x00000006c0000000, 0x00000006cb400000, 0x000000076ab00000)
  object space 184320K, 86% used [0x00000006c0000000,0x00000006c9b59c40,0x00000006cb400000)
 Metaspace       used 44177K, capacity 44615K, committed 44928K, reserved 1089536K
  class space    used 5286K, capacity 5438K, committed 5504K, reserved 1048576K
Event: 29.468 GC heap after
Heap after GC invocations=22 (full 5):
 PSYoungGen      total 958976K, used 18945K [0x000000076ab00000, 0x00000007b1380000, 0x00000007c0000000)
  eden space 890880K, 0% used [0x000000076ab00000,0x000000076ab00000,0x00000007a1100000)
  from space 68096K, 27% used [0x00000007a1100000,0x00000007a23805b0,0x00000007a5380000)
  to   space 66048K, 0% used [0x00000007ad300000,0x00000007ad300000,0x00000007b1380000)
 ParOldGen       total 184320K, used 159087K [0x00000006c0000000, 0x00000006cb400000, 0x000000076ab00000)
  object space 184320K, 86% used [0x00000006c0000000,0x00000006c9b5bc40,0x00000006cb400000)
 Metaspace       used 44177K, capacity 44615K, committed 44928K, reserved 1089536K
  class space    used 5286K, capacity 5438K, committed 5504K, reserved 1048576K
}
Event: 36.054 GC heap before
{Heap before GC invocations=23 (full 5):
 PSYoungGen      total 958976K, used 909825K [0x000000076ab00000, 0x00000007b1380000, 0x00000007c0000000)
  eden space 890880K, 100% used [0x000000076ab00000,0x00000007a1100000,0x00000007a1100000)
  from space 68096K, 27% used [0x00000007a1100000,0x00000007a23805b0,0x00000007a5380000)
  to   space 66048K, 0% used [0x00000007ad300000,0x00000007ad300000,0x00000007b1380000)
 ParOldGen       total 184320K, used 159087K [0x00000006c0000000, 0x00000006cb400000, 0x000000076ab00000)
  object space 184320K, 86% used [0x00000006c0000000,0x00000006c9b5bc40,0x00000006cb400000)
 Metaspace       used 44391K, capacity 44807K, committed 45184K, reserved 1089536K
  class space    used 5291K, capacity 5438K, committed 5504K, reserved 1048576K
Event: 36.062 GC heap after
Heap after GC invocations=23 (full 5):
 PSYoungGen      total 1037312K, used 18977K [0x000000076ab00000, 0x00000007af780000, 0x00000007c0000000)
  eden space 999936K, 0% used [0x000000076ab00000,0x000000076ab00000,0x00000007a7b80000)
  from space 37376K, 50% used [0x00000007ad300000,0x00000007ae588710,0x00000007af780000)
  to   space 63488K, 0% used [0x00000007a7b80000,0x00000007a7b80000,0x00000007ab980000)
 ParOldGen       total 184320K, used 159087K [0x00000006c0000000, 0x00000006cb400000, 0x000000076ab00000)
  object space 184320K, 86% used [0x00000006c0000000,0x00000006c9b5bc40,0x00000006cb400000)
 Metaspace       used 44391K, capacity 44807K, committed 45184K, reserved 1089536K
  class space    used 5291K, capacity 5438K, committed 5504K, reserved 1048576K
}
Event: 39.688 GC heap before
{Heap before GC invocations=24 (full 5):
 PSYoungGen      total 1037312K, used 643376K [0x000000076ab00000, 0x00000007af780000, 0x00000007c0000000)
  eden space 999936K, 62% used [0x000000076ab00000,0x0000000790cc3a20,0x00000007a7b80000)
  from space 37376K, 50% used [0x00000007ad300000,0x00000007ae588710,0x00000007af780000)
  to   space 63488K, 0% used [0x00000007a7b80000,0x00000007a7b80000,0x00000007ab980000)
 ParOldGen       total 184320K, used 159087K [0x00000006c0000000, 0x00000006cb400000, 0x000000076ab00000)
  object space 184320K, 86% used [0x00000006c0000000,0x00000006c9b5bc40,0x00000006cb400000)
 Metaspace       used 44548K, capacity 44941K, committed 45440K, reserved 1089536K
  class space    used 5303K, capacity 5439K, committed 5504K, reserved 1048576K
Event: 39.697 GC heap after
Heap after GC invocations=24 (full 5):
 PSYoungGen      total 1019904K, used 19915K [0x000000076ab00000, 0x00000007af280000, 0x00000007c0000000)
  eden space 999936K, 0% used [0x000000076ab00000,0x000000076ab00000,0x00000007a7b80000)
  from space 19968K, 99% used [0x00000007a7b80000,0x00000007a8ef2c10,0x00000007a8f00000)
  to   space 60928K, 0% used [0x00000007ab700000,0x00000007ab700000,0x00000007af280000)
 ParOldGen       total 184320K, used 159095K [0x00000006c0000000, 0x00000006cb400000, 0x000000076ab00000)
  object space 184320K, 86% used [0x00000006c0000000,0x00000006c9b5dc40,0x00000006cb400000)
 Metaspace       used 44548K, capacity 44941K, committed 45440K, reserved 1089536K
  class space    used 5303K, capacity 5439K, committed 5504K, reserved 1048576K
}
Event: 39.697 GC heap before
{Heap before GC invocations=25 (full 6):
 PSYoungGen      total 1019904K, used 19915K [0x000000076ab00000, 0x00000007af280000, 0x00000007c0000000)
  eden space 999936K, 0% used [0x000000076ab00000,0x000000076ab00000,0x00000007a7b80000)
  from space 19968K, 99% used [0x00000007a7b80000,0x00000007a8ef2c10,0x00000007a8f00000)
  to   space 60928K, 0% used [0x00000007ab700000,0x00000007ab700000,0x00000007af280000)
 ParOldGen       total 184320K, used 159095K [0x00000006c0000000, 0x00000006cb400000, 0x000000076ab00000)
  object space 184320K, 86% used [0x00000006c0000000,0x00000006c9b5dc40,0x00000006cb400000)
 Metaspace       used 44548K, capacity 44941K, committed 45440K, reserved 1089536K
  class space    used 5303K, capacity 5439K, committed 5504K, reserved 1048576K
Event: 39.956 GC heap after
Heap after GC invocations=25 (full 6):
 PSYoungGen      total 1019904K, used 0K [0x000000076ab00000, 0x00000007af280000, 0x00000007c0000000)
  eden space 999936K, 0% used [0x000000076ab00000,0x000000076ab00000,0x00000007a7b80000)
  from space 19968K, 0% used [0x00000007a7b80000,0x00000007a7b80000,0x00000007a8f00000)
  to   space 60928K, 0% used [0x00000007ab700000,0x00000007ab700000,0x00000007af280000)
 ParOldGen       total 184320K, used 170758K [0x00000006c0000000, 0x00000006cb400000, 0x000000076ab00000)
  object space 184320K, 92% used [0x00000006c0000000,0x00000006ca6c19c0,0x00000006cb400000)
 Metaspace       used 44548K, capacity 44941K, committed 45440K, reserved 1089536K
  class space    used 5303K, capacity 5439K, committed 5504K, reserved 1048576K
}

