# JRE version: Java(TM) SE Runtime Environment (8.0_101-b13) (build 1.8.0_101-b13)
# Java VM: Java HotSpot(TM) 64-Bit Server VM (25.101-b13 mixed mode windows-amd64 compressed oops)
Heap:
 PSYoungGen      total 1111552K, used 119545K [0x000000076ab00000, 0x00000007b4800000, 0x00000007c0000000)
  eden space 1052672K, 9% used [0x000000076ab00000,0x0000000770dd3158,0x00000007aaf00000)
  from space 58880K, 31% used [0x00000007aaf00000,0x00000007ac0eb3c0,0x00000007ae880000)
  to   space 56320K, 0% used [0x00000007b1100000,0x00000007b1100000,0x00000007b4800000)
 ParOldGen       total 187392K, used 161573K [0x00000006c0000000, 0x00000006cb700000, 0x000000076ab00000)
  object space 187392K, 86% used [0x00000006c0000000,0x00000006c9dc96e0,0x00000006cb700000)
 Metaspace       used 44194K, capacity 44577K, committed 44928K, reserved 1089536K
  class space    used 5294K, capacity 5431K, committed 5504K, reserved 1048576K
GC Heap History (10 events):
Event: 33.099 GC heap before
{Heap before GC invocations=22 (full 5):
 PSYoungGen      total 916992K, used 893932K [0x000000076ab00000, 0x00000007a8700000, 0x00000007c0000000)
  eden space 875520K, 100% used [0x000000076ab00000,0x00000007a0200000,0x00000007a0200000)
  from space 41472K, 44% used [0x00000007a5e80000,0x00000007a707b3c0,0x00000007a8700000)
  to   space 68096K, 0% used [0x00000007a0200000,0x00000007a0200000,0x00000007a4480000)
 ParOldGen       total 187392K, used 161541K [0x00000006c0000000, 0x00000006cb700000, 0x000000076ab00000)
  object space 187392K, 86% used [0x00000006c0000000,0x00000006c9dc16e0,0x00000006cb700000)
 Metaspace       used 43866K, capacity 44321K, committed 44672K, reserved 1089536K
  class space    used 5282K, capacity 5431K, committed 5504K, reserved 1048576K
Event: 33.106 GC heap after
Heap after GC invocations=22 (full 5):
 PSYoungGen      total 943616K, used 18348K [0x000000076ab00000, 0x00000007afd00000, 0x00000007c0000000)
  eden space 875520K, 0% used [0x000000076ab00000,0x000000076ab00000,0x00000007a0200000)
  from space 68096K, 26% used [0x00000007a0200000,0x00000007a13eb3c0,0x00000007a4480000)
  to   space 66048K, 0% used [0x00000007abc80000,0x00000007abc80000,0x00000007afd00000)
 ParOldGen       total 187392K, used 161549K [0x00000006c0000000, 0x00000006cb700000, 0x000000076ab00000)
  object space 187392K, 86% used [0x00000006c0000000,0x00000006c9dc36e0,0x00000006cb700000)
 Metaspace       used 43866K, capacity 44321K, committed 44672K, reserved 1089536K
  class space    used 5282K, capacity 5431K, committed 5504K, reserved 1048576K
}
Event: 40.152 GC heap before
{Heap before GC invocations=23 (full 5):
 PSYoungGen      total 943616K, used 893868K [0x000000076ab00000, 0x00000007afd00000, 0x00000007c0000000)
  eden space 875520K, 100% used [0x000000076ab00000,0x00000007a0200000,0x00000007a0200000)
  from space 68096K, 26% used [0x00000007a0200000,0x00000007a13eb3c0,0x00000007a4480000)
  to   space 66048K, 0% used [0x00000007abc80000,0x00000007abc80000,0x00000007afd00000)
 ParOldGen       total 187392K, used 161549K [0x00000006c0000000, 0x00000006cb700000, 0x000000076ab00000)
  object space 187392K, 86% used [0x00000006c0000000,0x00000006c9dc36e0,0x00000006cb700000)
 Metaspace       used 43996K, capacity 44385K, committed 44928K, reserved 1089536K
  class space    used 5282K, capacity 5431K, committed 5504K, reserved 1048576K
Event: 40.160 GC heap after
Heap after GC invocations=23 (full 5):
 PSYoungGen      total 1015296K, used 18348K [0x000000076ab00000, 0x00000007ae180000, 0x00000007c0000000)
  eden space 977408K, 0% used [0x000000076ab00000,0x000000076ab00000,0x00000007a6580000)
  from space 37888K, 48% used [0x00000007abc80000,0x00000007ace6b3c0,0x00000007ae180000)
  to   space 63488K, 0% used [0x00000007a6580000,0x00000007a6580000,0x00000007aa380000)
 ParOldGen       total 187392K, used 161557K [0x00000006c0000000, 0x00000006cb700000, 0x000000076ab00000)
  object space 187392K, 86% used [0x00000006c0000000,0x00000006c9dc56e0,0x00000006cb700000)
 Metaspace       used 43996K, capacity 44385K, committed 44928K, reserved 1089536K
  class space    used 5282K, capacity 5431K, committed 5504K, reserved 1048576K
}
Event: 48.104 GC heap before
{Heap before GC invocations=24 (full 5):
 PSYoungGen      total 1015296K, used 995756K [0x000000076ab00000, 0x00000007ae180000, 0x00000007c0000000)
  eden space 977408K, 100% used [0x000000076ab00000,0x00000007a6580000,0x00000007a6580000)
  from space 37888K, 48% used [0x00000007abc80000,0x00000007ace6b3c0,0x00000007ae180000)
  to   space 63488K, 0% used [0x00000007a6580000,0x00000007a6580000,0x00000007aa380000)
 ParOldGen       total 187392K, used 161557K [0x00000006c0000000, 0x00000006cb700000, 0x000000076ab00000)
  object space 187392K, 86% used [0x00000006c0000000,0x00000006c9dc56e0,0x00000006cb700000)
 Metaspace       used 44037K, capacity 44449K, committed 44928K, reserved 1089536K
  class space    used 5283K, capacity 5431K, committed 5504K, reserved 1048576K
Event: 48.112 GC heap after
Heap after GC invocations=24 (full 5):
 PSYoungGen      total 1040896K, used 18348K [0x000000076ab00000, 0x00000007b3800000, 0x00000007c0000000)
  eden space 977408K, 0% used [0x000000076ab00000,0x000000076ab00000,0x00000007a6580000)
  from space 63488K, 28% used [0x00000007a6580000,0x00000007a776b3c0,0x00000007aa380000)
  to   space 61440K, 0% used [0x00000007afc00000,0x00000007afc00000,0x00000007b3800000)
 ParOldGen       total 187392K, used 161565K [0x00000006c0000000, 0x00000006cb700000, 0x000000076ab00000)
  object space 187392K, 86% used [0x00000006c0000000,0x00000006c9dc76e0,0x00000006cb700000)
 Metaspace       used 44037K, capacity 44449K, committed 44928K, reserved 1089536K
  class space    used 5283K, capacity 5431K, committed 5504K, reserved 1048576K
}
Event: 55.803 GC heap before
{Heap before GC invocations=25 (full 5):
 PSYoungGen      total 1040896K, used 995756K [0x000000076ab00000, 0x00000007b3800000, 0x00000007c0000000)
  eden space 977408K, 100% used [0x000000076ab00000,0x00000007a6580000,0x00000007a6580000)
  from space 63488K, 28% used [0x00000007a6580000,0x00000007a776b3c0,0x00000007aa380000)
  to   space 61440K, 0% used [0x00000007afc00000,0x00000007afc00000,0x00000007b3800000)
 ParOldGen       total 187392K, used 161565K [0x00000006c0000000, 0x00000006cb700000, 0x000000076ab00000)
  object space 187392K, 86% used [0x00000006c0000000,0x00000006c9dc76e0,0x00000006cb700000)
 Metaspace       used 44063K, capacity 44449K, committed 44928K, reserved 1089536K
  class space    used 5283K, capacity 5431K, committed 5504K, reserved 1048576K
Event: 55.810 GC heap after
Heap after GC invocations=25 (full 5):
 PSYoungGen      total 1091584K, used 18284K [0x000000076ab00000, 0x00000007b2200000, 0x00000007c0000000)
  eden space 1052672K, 0% used [0x000000076ab00000,0x000000076ab00000,0x00000007aaf00000)
  from space 38912K, 46% used [0x00000007afc00000,0x00000007b0ddb3c0,0x00000007b2200000)
  to   space 58880K, 0% used [0x00000007aaf00000,0x00000007aaf00000,0x00000007ae880000)
 ParOldGen       total 187392K, used 161565K [0x00000006c0000000, 0x00000006cb700000, 0x000000076ab00000)
  object space 187392K, 86% used [0x00000006c0000000,0x00000006c9dc76e0,0x00000006cb700000)
 Metaspace       used 44063K, capacity 44449K, committed 44928K, reserved 1089536K
  class space    used 5283K, capacity 5431K, committed 5504K, reserved 1048576K
}
Event: 64.251 GC heap before
{Heap before GC invocations=26 (full 5):
 PSYoungGen      total 1091584K, used 1070956K [0x000000076ab00000, 0x00000007b2200000, 0x00000007c0000000)
  eden space 1052672K, 100% used [0x000000076ab00000,0x00000007aaf00000,0x00000007aaf00000)
  from space 38912K, 46% used [0x00000007afc00000,0x00000007b0ddb3c0,0x00000007b2200000)
  to   space 58880K, 0% used [0x00000007aaf00000,0x00000007aaf00000,0x00000007ae880000)
 ParOldGen       total 187392K, used 161565K [0x00000006c0000000, 0x00000006cb700000, 0x000000076ab00000)
  object space 187392K, 86% used [0x00000006c0000000,0x00000006c9dc76e0,0x00000006cb700000)
 Metaspace       used 44082K, capacity 44513K, committed 44928K, reserved 1089536K
  class space    used 5283K, capacity 5431K, committed 5504K, reserved 1048576K
Event: 64.258 GC heap after
Heap after GC invocations=26 (full 5):
 PSYoungGen      total 1111552K, used 18348K [0x000000076ab00000, 0x00000007b4800000, 0x00000007c0000000)
  eden space 1052672K, 0% used [0x000000076ab00000,0x000000076ab00000,0x00000007aaf00000)
  from space 58880K, 31% used [0x00000007aaf00000,0x00000007ac0eb3c0,0x00000007ae880000)
  to   space 56320K, 0% used [0x00000007b1100000,0x00000007b1100000,0x00000007b4800000)
 ParOldGen       total 187392K, used 161573K [0x00000006c0000000, 0x00000006cb700000, 0x000000076ab00000)
  object space 187392K, 86% used [0x00000006c0000000,0x00000006c9dc96e0,0x00000006cb700000)
 Metaspace       used 44082K, capacity 44513K, committed 44928K, reserved 1089536K
  class space    used 5283K, capacity 5431K, committed 5504K, reserved 1048576K
}

