# JRE version: Java(TM) SE Runtime Environment (8.0_101-b13) (build 1.8.0_101-b13)
# Java VM: Java HotSpot(TM) 64-Bit Server VM (25.101-b13 mixed mode windows-amd64 compressed oops)
Heap:
 PSYoungGen      total 873472K, used 195579K [0x000000076ab00000, 0x00000007a9e00000, 0x00000007c0000000)
  eden space 804352K, 22% used [0x000000076ab00000,0x00000007758fe0e8,0x000000079bc80000)
  from space 69120K, 25% used [0x000000079bc80000,0x000000079cd80e10,0x00000007a0000000)
  to   space 66560K, 0% used [0x00000007a5d00000,0x00000007a5d00000,0x00000007a9e00000)
 ParOldGen       total 190976K, used 160959K [0x00000006c0000000, 0x00000006cba80000, 0x000000076ab00000)
  object space 190976K, 84% used [0x00000006c0000000,0x00000006c9d2fe88,0x00000006cba80000)
 Metaspace       used 44077K, capacity 44509K, committed 44928K, reserved 1089536K
  class space    used 5295K, capacity 5431K, committed 5504K, reserved 1048576K
GC Heap History (10 events):
Event: 23.829 GC heap before
{Heap before GC invocations=18 (full 4):
 PSYoungGen      total 759808K, used 390515K [0x000000076ab00000, 0x000000079e880000, 0x00000007c0000000)
  eden space 687104K, 56% used [0x000000076ab00000,0x000000078285ce48,0x0000000794a00000)
  from space 72704K, 0% used [0x0000000794a00000,0x0000000794a00000,0x0000000799100000)
  to   space 74752K, 0% used [0x0000000799f80000,0x0000000799f80000,0x000000079e880000)
 ParOldGen       total 190976K, used 129427K [0x00000006c0000000, 0x00000006cba80000, 0x000000076ab00000)
  object space 190976K, 67% used [0x00000006c0000000,0x00000006c7e64c28,0x00000006cba80000)
 Metaspace       used 41662K, capacity 42085K, committed 42496K, reserved 1087488K
  class space    used 5181K, capacity 5331K, committed 5376K, reserved 1048576K
Event: 23.843 GC heap after
Heap after GC invocations=18 (full 4):
 PSYoungGen      total 769536K, used 36004K [0x000000076ab00000, 0x000000079e380000, 0x00000007c0000000)
  eden space 699904K, 0% used [0x000000076ab00000,0x000000076ab00000,0x0000000795680000)
  from space 69632K, 51% used [0x0000000799f80000,0x000000079c2a9278,0x000000079e380000)
  to   space 72192K, 0% used [0x0000000795680000,0x0000000795680000,0x0000000799d00000)
 ParOldGen       total 190976K, used 129435K [0x00000006c0000000, 0x00000006cba80000, 0x000000076ab00000)
  object space 190976K, 67% used [0x00000006c0000000,0x00000006c7e66c28,0x00000006cba80000)
 Metaspace       used 41662K, capacity 42085K, committed 42496K, reserved 1087488K
  class space    used 5181K, capacity 5331K, committed 5376K, reserved 1048576K
}
Event: 23.843 GC heap before
{Heap before GC invocations=19 (full 5):
 PSYoungGen      total 769536K, used 36004K [0x000000076ab00000, 0x000000079e380000, 0x00000007c0000000)
  eden space 699904K, 0% used [0x000000076ab00000,0x000000076ab00000,0x0000000795680000)
  from space 69632K, 51% used [0x0000000799f80000,0x000000079c2a9278,0x000000079e380000)
  to   space 72192K, 0% used [0x0000000795680000,0x0000000795680000,0x0000000799d00000)
 ParOldGen       total 190976K, used 129435K [0x00000006c0000000, 0x00000006cba80000, 0x000000076ab00000)
  object space 190976K, 67% used [0x00000006c0000000,0x00000006c7e66c28,0x00000006cba80000)
 Metaspace       used 41662K, capacity 42085K, committed 42496K, reserved 1087488K
  class space    used 5181K, capacity 5331K, committed 5376K, reserved 1048576K
Event: 24.217 GC heap after
Heap after GC invocations=19 (full 5):
 PSYoungGen      total 769536K, used 0K [0x000000076ab00000, 0x000000079e380000, 0x00000007c0000000)
  eden space 699904K, 0% used [0x000000076ab00000,0x000000076ab00000,0x0000000795680000)
  from space 69632K, 0% used [0x0000000799f80000,0x0000000799f80000,0x000000079e380000)
  to   space 72192K, 0% used [0x0000000795680000,0x0000000795680000,0x0000000799d00000)
 ParOldGen       total 190976K, used 160935K [0x00000006c0000000, 0x00000006cba80000, 0x000000076ab00000)
  object space 190976K, 84% used [0x00000006c0000000,0x00000006c9d29e88,0x00000006cba80000)
 Metaspace       used 41662K, capacity 42085K, committed 42496K, reserved 1087488K
  class space    used 5181K, capacity 5331K, committed 5376K, reserved 1048576K
}
Event: 25.700 GC heap before
{Heap before GC invocations=20 (full 5):
 PSYoungGen      total 769536K, used 699904K [0x000000076ab00000, 0x000000079e380000, 0x00000007c0000000)
  eden space 699904K, 100% used [0x000000076ab00000,0x0000000795680000,0x0000000795680000)
  from space 69632K, 0% used [0x0000000799f80000,0x0000000799f80000,0x000000079e380000)
  to   space 72192K, 0% used [0x0000000795680000,0x0000000795680000,0x0000000799d00000)
 ParOldGen       total 190976K, used 160935K [0x00000006c0000000, 0x00000006cba80000, 0x000000076ab00000)
  object space 190976K, 84% used [0x00000006c0000000,0x00000006c9d29e88,0x00000006cba80000)
 Metaspace       used 43124K, capacity 43549K, committed 43904K, reserved 1087488K
  class space    used 5280K, capacity 5431K, committed 5504K, reserved 1048576K
Event: 25.706 GC heap after
Heap after GC invocations=20 (full 5):
 PSYoungGen      total 772096K, used 12819K [0x000000076ab00000, 0x00000007a5a80000, 0x00000007c0000000)
  eden space 699904K, 0% used [0x000000076ab00000,0x000000076ab00000,0x0000000795680000)
  from space 72192K, 17% used [0x0000000795680000,0x0000000796304ee0,0x0000000799d00000)
  to   space 71168K, 0% used [0x00000007a1500000,0x00000007a1500000,0x00000007a5a80000)
 ParOldGen       total 190976K, used 160943K [0x00000006c0000000, 0x00000006cba80000, 0x000000076ab00000)
  object space 190976K, 84% used [0x00000006c0000000,0x00000006c9d2be88,0x00000006cba80000)
 Metaspace       used 43124K, capacity 43549K, committed 43904K, reserved 1087488K
  class space    used 5280K, capacity 5431K, committed 5504K, reserved 1048576K
}
Event: 29.783 GC heap before
{Heap before GC invocations=21 (full 5):
 PSYoungGen      total 772096K, used 712723K [0x000000076ab00000, 0x00000007a5a80000, 0x00000007c0000000)
  eden space 699904K, 100% used [0x000000076ab00000,0x0000000795680000,0x0000000795680000)
  from space 72192K, 17% used [0x0000000795680000,0x0000000796304ee0,0x0000000799d00000)
  to   space 71168K, 0% used [0x00000007a1500000,0x00000007a1500000,0x00000007a5a80000)
 ParOldGen       total 190976K, used 160943K [0x00000006c0000000, 0x00000006cba80000, 0x000000076ab00000)
  object space 190976K, 84% used [0x00000006c0000000,0x00000006c9d2be88,0x00000006cba80000)
 Metaspace       used 43606K, capacity 43997K, committed 44416K, reserved 1087488K
  class space    used 5281K, capacity 5431K, committed 5504K, reserved 1048576K
Event: 29.793 GC heap after
Heap after GC invocations=21 (full 5):
 PSYoungGen      total 851968K, used 17436K [0x000000076ab00000, 0x00000007a4380000, 0x00000007c0000000)
  eden space 804352K, 0% used [0x000000076ab00000,0x000000076ab00000,0x000000079bc80000)
  from space 47616K, 36% used [0x00000007a1500000,0x00000007a26073d0,0x00000007a4380000)
  to   space 69120K, 0% used [0x000000079bc80000,0x000000079bc80000,0x00000007a0000000)
 ParOldGen       total 190976K, used 160951K [0x00000006c0000000, 0x00000006cba80000, 0x000000076ab00000)
  object space 190976K, 84% used [0x00000006c0000000,0x00000006c9d2de88,0x00000006cba80000)
 Metaspace       used 43606K, capacity 43997K, committed 44416K, reserved 1087488K
  class space    used 5281K, capacity 5431K, committed 5504K, reserved 1048576K
}
Event: 36.472 GC heap before
{Heap before GC invocations=22 (full 5):
 PSYoungGen      total 851968K, used 821788K [0x000000076ab00000, 0x00000007a4380000, 0x00000007c0000000)
  eden space 804352K, 100% used [0x000000076ab00000,0x000000079bc80000,0x000000079bc80000)
  from space 47616K, 36% used [0x00000007a1500000,0x00000007a26073d0,0x00000007a4380000)
  to   space 69120K, 0% used [0x000000079bc80000,0x000000079bc80000,0x00000007a0000000)
 ParOldGen       total 190976K, used 160951K [0x00000006c0000000, 0x00000006cba80000, 0x000000076ab00000)
  object space 190976K, 84% used [0x00000006c0000000,0x00000006c9d2de88,0x00000006cba80000)
 Metaspace       used 43933K, capacity 44317K, committed 44672K, reserved 1089536K
  class space    used 5284K, capacity 5431K, committed 5504K, reserved 1048576K
Event: 36.478 GC heap after
Heap after GC invocations=22 (full 5):
 PSYoungGen      total 873472K, used 17411K [0x000000076ab00000, 0x00000007a9e00000, 0x00000007c0000000)
  eden space 804352K, 0% used [0x000000076ab00000,0x000000076ab00000,0x000000079bc80000)
  from space 69120K, 25% used [0x000000079bc80000,0x000000079cd80e10,0x00000007a0000000)
  to   space 66560K, 0% used [0x00000007a5d00000,0x00000007a5d00000,0x00000007a9e00000)
 ParOldGen       total 190976K, used 160959K [0x00000006c0000000, 0x00000006cba80000, 0x000000076ab00000)
  object space 190976K, 84% used [0x00000006c0000000,0x00000006c9d2fe88,0x00000006cba80000)
 Metaspace       used 43933K, capacity 44317K, committed 44672K, reserved 1089536K
  class space    used 5284K, capacity 5431K, committed 5504K, reserved 1048576K
}

