# JRE version: Java(TM) SE Runtime Environment (8.0_101-b13) (build 1.8.0_101-b13)
# Java VM: Java HotSpot(TM) 64-Bit Server VM (25.101-b13 mixed mode windows-amd64 compressed oops)
Heap:
 PSYoungGen      total 1007616K, used 329973K [0x000000076ab00000, 0x00000007aca80000, 0x00000007c0000000)
  eden space 954368K, 32% used [0x000000076ab00000,0x000000077d9503f8,0x00000007a4f00000)
  from space 53248K, 38% used [0x00000007a4f00000,0x00000007a62ed048,0x00000007a8300000)
  to   space 51200K, 0% used [0x00000007a9880000,0x00000007a9880000,0x00000007aca80000)
 ParOldGen       total 188928K, used 162230K [0x00000006c0000000, 0x00000006cb880000, 0x000000076ab00000)
  object space 188928K, 85% used [0x00000006c0000000,0x00000006c9e6d860,0x00000006cb880000)
 Metaspace       used 44608K, capacity 44935K, committed 45440K, reserved 1089536K
  class space    used 5320K, capacity 5464K, committed 5504K, reserved 1048576K
GC Heap History (10 events):
Event: 51.739 GC heap before
{Heap before GC invocations=24 (full 5):
 PSYoungGen      total 914432K, used 891065K [0x000000076ab00000, 0x00000007a7880000, 0x00000007c0000000)
  eden space 869888K, 100% used [0x000000076ab00000,0x000000079fc80000,0x000000079fc80000)
  from space 44544K, 47% used [0x00000007a4d00000,0x00000007a61ae768,0x00000007a7880000)
  to   space 63488K, 0% used [0x000000079fc80000,0x000000079fc80000,0x00000007a3a80000)
 ParOldGen       total 188928K, used 162198K [0x00000006c0000000, 0x00000006cb880000, 0x000000076ab00000)
  object space 188928K, 85% used [0x00000006c0000000,0x00000006c9e65860,0x00000006cb880000)
 Metaspace       used 44451K, capacity 44865K, committed 45184K, reserved 1089536K
  class space    used 5311K, capacity 5463K, committed 5504K, reserved 1048576K
Event: 51.747 GC heap after
Heap after GC invocations=24 (full 5):
 PSYoungGen      total 933376K, used 21044K [0x000000076ab00000, 0x00000007ab700000, 0x00000007c0000000)
  eden space 869888K, 0% used [0x000000076ab00000,0x000000076ab00000,0x000000079fc80000)
  from space 63488K, 33% used [0x000000079fc80000,0x00000007a110d048,0x00000007a3a80000)
  to   space 60928K, 0% used [0x00000007a7b80000,0x00000007a7b80000,0x00000007ab700000)
 ParOldGen       total 188928K, used 162206K [0x00000006c0000000, 0x00000006cb880000, 0x000000076ab00000)
  object space 188928K, 85% used [0x00000006c0000000,0x00000006c9e67860,0x00000006cb880000)
 Metaspace       used 44451K, capacity 44865K, committed 45184K, reserved 1089536K
  class space    used 5311K, capacity 5463K, committed 5504K, reserved 1048576K
}
Event: 58.524 GC heap before
{Heap before GC invocations=25 (full 5):
 PSYoungGen      total 933376K, used 890932K [0x000000076ab00000, 0x00000007ab700000, 0x00000007c0000000)
  eden space 869888K, 100% used [0x000000076ab00000,0x000000079fc80000,0x000000079fc80000)
  from space 63488K, 33% used [0x000000079fc80000,0x00000007a110d048,0x00000007a3a80000)
  to   space 60928K, 0% used [0x00000007a7b80000,0x00000007a7b80000,0x00000007ab700000)
 ParOldGen       total 188928K, used 162206K [0x00000006c0000000, 0x00000006cb880000, 0x000000076ab00000)
  object space 188928K, 85% used [0x00000006c0000000,0x00000006c9e67860,0x00000006cb880000)
 Metaspace       used 44492K, capacity 44935K, committed 45440K, reserved 1089536K
  class space    used 5311K, capacity 5464K, committed 5504K, reserved 1048576K
Event: 58.533 GC heap after
Heap after GC invocations=25 (full 5):
 PSYoungGen      total 969216K, used 21092K [0x000000076ab00000, 0x00000007aa580000, 0x00000007c0000000)
  eden space 926208K, 0% used [0x000000076ab00000,0x000000076ab00000,0x00000007a3380000)
  from space 43008K, 49% used [0x00000007a7b80000,0x00000007a9019038,0x00000007aa580000)
  to   space 58368K, 0% used [0x00000007a3380000,0x00000007a3380000,0x00000007a6c80000)
 ParOldGen       total 188928K, used 162214K [0x00000006c0000000, 0x00000006cb880000, 0x000000076ab00000)
  object space 188928K, 85% used [0x00000006c0000000,0x00000006c9e69860,0x00000006cb880000)
 Metaspace       used 44492K, capacity 44935K, committed 45440K, reserved 1089536K
  class space    used 5311K, capacity 5464K, committed 5504K, reserved 1048576K
}
Event: 65.834 GC heap before
{Heap before GC invocations=26 (full 5):
 PSYoungGen      total 969216K, used 947300K [0x000000076ab00000, 0x00000007aa580000, 0x00000007c0000000)
  eden space 926208K, 100% used [0x000000076ab00000,0x00000007a3380000,0x00000007a3380000)
  from space 43008K, 49% used [0x00000007a7b80000,0x00000007a9019038,0x00000007aa580000)
  to   space 58368K, 0% used [0x00000007a3380000,0x00000007a3380000,0x00000007a6c80000)
 ParOldGen       total 188928K, used 162214K [0x00000006c0000000, 0x00000006cb880000, 0x000000076ab00000)
  object space 188928K, 85% used [0x00000006c0000000,0x00000006c9e69860,0x00000006cb880000)
 Metaspace       used 44498K, capacity 44935K, committed 45440K, reserved 1089536K
  class space    used 5311K, capacity 5464K, committed 5504K, reserved 1048576K
Event: 65.842 GC heap after
Heap after GC invocations=26 (full 5):
 PSYoungGen      total 984576K, used 21092K [0x000000076ab00000, 0x00000007ac080000, 0x00000007c0000000)
  eden space 926208K, 0% used [0x000000076ab00000,0x000000076ab00000,0x00000007a3380000)
  from space 58368K, 36% used [0x00000007a3380000,0x00000007a4819038,0x00000007a6c80000)
  to   space 55808K, 0% used [0x00000007a8a00000,0x00000007a8a00000,0x00000007ac080000)
 ParOldGen       total 188928K, used 162222K [0x00000006c0000000, 0x00000006cb880000, 0x000000076ab00000)
  object space 188928K, 85% used [0x00000006c0000000,0x00000006c9e6b860,0x00000006cb880000)
 Metaspace       used 44498K, capacity 44935K, committed 45440K, reserved 1089536K
  class space    used 5311K, capacity 5464K, committed 5504K, reserved 1048576K
}
Event: 72.884 GC heap before
{Heap before GC invocations=27 (full 5):
 PSYoungGen      total 984576K, used 947300K [0x000000076ab00000, 0x00000007ac080000, 0x00000007c0000000)
  eden space 926208K, 100% used [0x000000076ab00000,0x00000007a3380000,0x00000007a3380000)
  from space 58368K, 36% used [0x00000007a3380000,0x00000007a4819038,0x00000007a6c80000)
  to   space 55808K, 0% used [0x00000007a8a00000,0x00000007a8a00000,0x00000007ac080000)
 ParOldGen       total 188928K, used 162222K [0x00000006c0000000, 0x00000006cb880000, 0x000000076ab00000)
  object space 188928K, 85% used [0x00000006c0000000,0x00000006c9e6b860,0x00000006cb880000)
 Metaspace       used 44510K, capacity 44935K, committed 45440K, reserved 1089536K
  class space    used 5311K, capacity 5464K, committed 5504K, reserved 1048576K
Event: 72.896 GC heap after
Heap after GC invocations=27 (full 5):
 PSYoungGen      total 1000448K, used 21092K [0x000000076ab00000, 0x00000007ab700000, 0x00000007c0000000)
  eden space 954368K, 0% used [0x000000076ab00000,0x000000076ab00000,0x00000007a4f00000)
  from space 46080K, 45% used [0x00000007a8a00000,0x00000007a9e99038,0x00000007ab700000)
  to   space 53248K, 0% used [0x00000007a4f00000,0x00000007a4f00000,0x00000007a8300000)
 ParOldGen       total 188928K, used 162222K [0x00000006c0000000, 0x00000006cb880000, 0x000000076ab00000)
  object space 188928K, 85% used [0x00000006c0000000,0x00000006c9e6b860,0x00000006cb880000)
 Metaspace       used 44510K, capacity 44935K, committed 45440K, reserved 1089536K
  class space    used 5311K, capacity 5464K, committed 5504K, reserved 1048576K
}
Event: 80.284 GC heap before
{Heap before GC invocations=28 (full 5):
 PSYoungGen      total 1000448K, used 975460K [0x000000076ab00000, 0x00000007ab700000, 0x00000007c0000000)
  eden space 954368K, 100% used [0x000000076ab00000,0x00000007a4f00000,0x00000007a4f00000)
  from space 46080K, 45% used [0x00000007a8a00000,0x00000007a9e99038,0x00000007ab700000)
  to   space 53248K, 0% used [0x00000007a4f00000,0x00000007a4f00000,0x00000007a8300000)
 ParOldGen       total 188928K, used 162222K [0x00000006c0000000, 0x00000006cb880000, 0x000000076ab00000)
  object space 188928K, 85% used [0x00000006c0000000,0x00000006c9e6b860,0x00000006cb880000)
 Metaspace       used 44525K, capacity 44935K, committed 45440K, reserved 1089536K
  class space    used 5311K, capacity 5464K, committed 5504K, reserved 1048576K
Event: 80.292 GC heap after
Heap after GC invocations=28 (full 5):
 PSYoungGen      total 1007616K, used 20404K [0x000000076ab00000, 0x00000007aca80000, 0x00000007c0000000)
  eden space 954368K, 0% used [0x000000076ab00000,0x000000076ab00000,0x00000007a4f00000)
  from space 53248K, 38% used [0x00000007a4f00000,0x00000007a62ed048,0x00000007a8300000)
  to   space 51200K, 0% used [0x00000007a9880000,0x00000007a9880000,0x00000007aca80000)
 ParOldGen       total 188928K, used 162230K [0x00000006c0000000, 0x00000006cb880000, 0x000000076ab00000)
  object space 188928K, 85% used [0x00000006c0000000,0x00000006c9e6d860,0x00000006cb880000)
 Metaspace       used 44525K, capacity 44935K, committed 45440K, reserved 1089536K
  class space    used 5311K, capacity 5464K, committed 5504K, reserved 1048576K
}

