# JRE version: Java(TM) SE Runtime Environment (8.0_101-b13) (build 1.8.0_101-b13)
# Java VM: Java HotSpot(TM) 64-Bit Server VM (25.101-b13 mixed mode windows-amd64 compressed oops)
Heap:
 PSYoungGen      total 1302528K, used 502921K [0x000000076ab00000, 0x00000007bcd80000, 0x00000007c0000000)
  eden space 1266176K, 38% used [0x000000076ab00000,0x00000007883a0ee8,0x00000007b7f80000)
  from space 36352K, 52% used [0x00000007baa00000,0x00000007bbc81720,0x00000007bcd80000)
  to   space 39936K, 0% used [0x00000007b7f80000,0x00000007b7f80000,0x00000007ba680000)
 ParOldGen       total 181760K, used 161806K [0x00000006c0000000, 0x00000006cb180000, 0x000000076ab00000)
  object space 181760K, 89% used [0x00000006c0000000,0x00000006c9e03b88,0x00000006cb180000)
 Metaspace       used 44745K, capacity 45139K, committed 45696K, reserved 1089536K
  class space    used 5321K, capacity 5466K, committed 5504K, reserved 1048576K
GC Heap History (10 events):
Event: 97.742 GC heap before
{Heap before GC invocations=29 (full 5):
 PSYoungGen      total 1246208K, used 1214111K [0x000000076ab00000, 0x00000007bbe80000, 0x00000007c0000000)
  eden space 1195520K, 100% used [0x000000076ab00000,0x00000007b3a80000,0x00000007b3a80000)
  from space 50688K, 36% used [0x00000007b3a80000,0x00000007b4ca7e10,0x00000007b6c00000)
  to   space 49152K, 0% used [0x00000007b8e80000,0x00000007b8e80000,0x00000007bbe80000)
 ParOldGen       total 181760K, used 161806K [0x00000006c0000000, 0x00000006cb180000, 0x000000076ab00000)
  object space 181760K, 89% used [0x00000006c0000000,0x00000006c9e03b88,0x00000006cb180000)
 Metaspace       used 44579K, capacity 44973K, committed 45440K, reserved 1089536K
  class space    used 5309K, capacity 5433K, committed 5504K, reserved 1048576K
Event: 97.750 GC heap after
Heap after GC invocations=29 (full 5):
 PSYoungGen      total 1265152K, used 18623K [0x000000076ab00000, 0x00000007bb480000, 0x00000007c0000000)
  eden space 1226240K, 0% used [0x000000076ab00000,0x000000076ab00000,0x00000007b5880000)
  from space 38912K, 47% used [0x00000007b8e80000,0x00000007ba0afe10,0x00000007bb480000)
  to   space 47104K, 0% used [0x00000007b5880000,0x00000007b5880000,0x00000007b8680000)
 ParOldGen       total 181760K, used 161806K [0x00000006c0000000, 0x00000006cb180000, 0x000000076ab00000)
  object space 181760K, 89% used [0x00000006c0000000,0x00000006c9e03b88,0x00000006cb180000)
 Metaspace       used 44579K, capacity 44973K, committed 45440K, reserved 1089536K
  class space    used 5309K, capacity 5433K, committed 5504K, reserved 1048576K
}
Event: 107.473 GC heap before
{Heap before GC invocations=30 (full 5):
 PSYoungGen      total 1265152K, used 1244863K [0x000000076ab00000, 0x00000007bb480000, 0x00000007c0000000)
  eden space 1226240K, 100% used [0x000000076ab00000,0x00000007b5880000,0x00000007b5880000)
  from space 38912K, 47% used [0x00000007b8e80000,0x00000007ba0afe10,0x00000007bb480000)
  to   space 47104K, 0% used [0x00000007b5880000,0x00000007b5880000,0x00000007b8680000)
 ParOldGen       total 181760K, used 161806K [0x00000006c0000000, 0x00000006cb180000, 0x000000076ab00000)
  object space 181760K, 89% used [0x00000006c0000000,0x00000006c9e03b88,0x00000006cb180000)
 Metaspace       used 44594K, capacity 44973K, committed 45440K, reserved 1089536K
  class space    used 5309K, capacity 5433K, committed 5504K, reserved 1048576K
Event: 107.480 GC heap after
Heap after GC invocations=30 (full 5):
 PSYoungGen      total 1273344K, used 18655K [0x000000076ab00000, 0x00000007bca00000, 0x00000007c0000000)
  eden space 1226240K, 0% used [0x000000076ab00000,0x000000076ab00000,0x00000007b5880000)
  from space 47104K, 39% used [0x00000007b5880000,0x00000007b6ab7e10,0x00000007b8680000)
  to   space 45056K, 0% used [0x00000007b9e00000,0x00000007b9e00000,0x00000007bca00000)
 ParOldGen       total 181760K, used 161806K [0x00000006c0000000, 0x00000006cb180000, 0x000000076ab00000)
  object space 181760K, 89% used [0x00000006c0000000,0x00000006c9e03b88,0x00000006cb180000)
 Metaspace       used 44594K, capacity 44973K, committed 45440K, reserved 1089536K
  class space    used 5309K, capacity 5433K, committed 5504K, reserved 1048576K
}
Event: 117.522 GC heap before
{Heap before GC invocations=31 (full 5):
 PSYoungGen      total 1273344K, used 1244895K [0x000000076ab00000, 0x00000007bca00000, 0x00000007c0000000)
  eden space 1226240K, 100% used [0x000000076ab00000,0x00000007b5880000,0x00000007b5880000)
  from space 47104K, 39% used [0x00000007b5880000,0x00000007b6ab7e10,0x00000007b8680000)
  to   space 45056K, 0% used [0x00000007b9e00000,0x00000007b9e00000,0x00000007bca00000)
 ParOldGen       total 181760K, used 161806K [0x00000006c0000000, 0x00000006cb180000, 0x000000076ab00000)
  object space 181760K, 89% used [0x00000006c0000000,0x00000006c9e03b88,0x00000006cb180000)
 Metaspace       used 44607K, capacity 44973K, committed 45440K, reserved 1089536K
  class space    used 5309K, capacity 5433K, committed 5504K, reserved 1048576K
Event: 117.531 GC heap after
Heap after GC invocations=31 (full 5):
 PSYoungGen      total 1287168K, used 18703K [0x000000076ab00000, 0x00000007bc380000, 0x00000007c0000000)
  eden space 1248768K, 0% used [0x000000076ab00000,0x000000076ab00000,0x00000007b6e80000)
  from space 38400K, 48% used [0x00000007b9e00000,0x00000007bb043ca0,0x00000007bc380000)
  to   space 43520K, 0% used [0x00000007b6e80000,0x00000007b6e80000,0x00000007b9900000)
 ParOldGen       total 181760K, used 161806K [0x00000006c0000000, 0x00000006cb180000, 0x000000076ab00000)
  object space 181760K, 89% used [0x00000006c0000000,0x00000006c9e03b88,0x00000006cb180000)
 Metaspace       used 44607K, capacity 44973K, committed 45440K, reserved 1089536K
  class space    used 5309K, capacity 5433K, committed 5504K, reserved 1048576K
}
Event: 127.757 GC heap before
{Heap before GC invocations=32 (full 5):
 PSYoungGen      total 1287168K, used 1267471K [0x000000076ab00000, 0x00000007bc380000, 0x00000007c0000000)
  eden space 1248768K, 100% used [0x000000076ab00000,0x00000007b6e80000,0x00000007b6e80000)
  from space 38400K, 48% used [0x00000007b9e00000,0x00000007bb043ca0,0x00000007bc380000)
  to   space 43520K, 0% used [0x00000007b6e80000,0x00000007b6e80000,0x00000007b9900000)
 ParOldGen       total 181760K, used 161806K [0x00000006c0000000, 0x00000006cb180000, 0x000000076ab00000)
  object space 181760K, 89% used [0x00000006c0000000,0x00000006c9e03b88,0x00000006cb180000)
 Metaspace       used 44608K, capacity 44973K, committed 45440K, reserved 1089536K
  class space    used 5309K, capacity 5433K, committed 5504K, reserved 1048576K
Event: 127.765 GC heap after
Heap after GC invocations=32 (full 5):
 PSYoungGen      total 1292288K, used 18703K [0x000000076ab00000, 0x00000007bd280000, 0x00000007c0000000)
  eden space 1248768K, 0% used [0x000000076ab00000,0x000000076ab00000,0x00000007b6e80000)
  from space 43520K, 42% used [0x00000007b6e80000,0x00000007b80c3ca0,0x00000007b9900000)
  to   space 41472K, 0% used [0x00000007baa00000,0x00000007baa00000,0x00000007bd280000)
 ParOldGen       total 181760K, used 161806K [0x00000006c0000000, 0x00000006cb180000, 0x000000076ab00000)
  object space 181760K, 89% used [0x00000006c0000000,0x00000006c9e03b88,0x00000006cb180000)
 Metaspace       used 44608K, capacity 44973K, committed 45440K, reserved 1089536K
  class space    used 5309K, capacity 5433K, committed 5504K, reserved 1048576K
}
Event: 137.674 GC heap before
{Heap before GC invocations=33 (full 5):
 PSYoungGen      total 1292288K, used 1267471K [0x000000076ab00000, 0x00000007bd280000, 0x00000007c0000000)
  eden space 1248768K, 100% used [0x000000076ab00000,0x00000007b6e80000,0x00000007b6e80000)
  from space 43520K, 42% used [0x00000007b6e80000,0x00000007b80c3ca0,0x00000007b9900000)
  to   space 41472K, 0% used [0x00000007baa00000,0x00000007baa00000,0x00000007bd280000)
 ParOldGen       total 181760K, used 161806K [0x00000006c0000000, 0x00000006cb180000, 0x000000076ab00000)
  object space 181760K, 89% used [0x00000006c0000000,0x00000006c9e03b88,0x00000006cb180000)
 Metaspace       used 44663K, capacity 45075K, committed 45440K, reserved 1089536K
  class space    used 5312K, capacity 5466K, committed 5504K, reserved 1048576K
Event: 137.682 GC heap after
Heap after GC invocations=33 (full 5):
 PSYoungGen      total 1302528K, used 18949K [0x000000076ab00000, 0x00000007bcd80000, 0x00000007c0000000)
  eden space 1266176K, 0% used [0x000000076ab00000,0x000000076ab00000,0x00000007b7f80000)
  from space 36352K, 52% used [0x00000007baa00000,0x00000007bbc81720,0x00000007bcd80000)
  to   space 39936K, 0% used [0x00000007b7f80000,0x00000007b7f80000,0x00000007ba680000)
 ParOldGen       total 181760K, used 161806K [0x00000006c0000000, 0x00000006cb180000, 0x000000076ab00000)
  object space 181760K, 89% used [0x00000006c0000000,0x00000006c9e03b88,0x00000006cb180000)
 Metaspace       used 44663K, capacity 45075K, committed 45440K, reserved 1089536K
  class space    used 5312K, capacity 5466K, committed 5504K, reserved 1048576K
}

