# JRE version: Java(TM) SE Runtime Environment (8.0_77-b03) (build 1.8.0_77-b03)
# Java VM: Java HotSpot(TM) 64-Bit Server VM (25.77-b03 mixed mode windows-amd64 compressed oops)
Heap:
 PSYoungGen      total 874496K, used 679919K [0x000000076ab00000, 0x00000007a5880000, 0x00000007c0000000)
  eden space 835072K, 79% used [0x000000076ab00000,0x0000000793133408,0x000000079da80000)
  from space 39424K, 46% used [0x00000007a3200000,0x00000007a43c88f0,0x00000007a5880000)
  to   space 64512K, 0% used [0x000000079da80000,0x000000079da80000,0x00000007a1980000)
 ParOldGen       total 186880K, used 159054K [0x00000006c0000000, 0x00000006cb680000, 0x000000076ab00000)
  object space 186880K, 85% used [0x00000006c0000000,0x00000006c9b53a30,0x00000006cb680000)
 Metaspace       used 43921K, capacity 44393K, committed 44672K, reserved 1089536K
  class space    used 5262K, capacity 5407K, committed 5504K, reserved 1048576K
GC Heap History (10 events):
Event: 19.171 GC heap before
{Heap before GC invocations=17 (full 4):
 PSYoungGen      total 787968K, used 0K [0x000000076ab00000, 0x000000079f880000, 0x00000007c0000000)
  eden space 719872K, 0% used [0x000000076ab00000,0x000000076ab00000,0x0000000796a00000)
  from space 68096K, 0% used [0x0000000796a00000,0x0000000796a00000,0x000000079ac80000)
  to   space 70144K, 0% used [0x000000079b400000,0x000000079b400000,0x000000079f880000)
 ParOldGen       total 186880K, used 128170K [0x00000006c0000000, 0x00000006cb680000, 0x000000076ab00000)
  object space 186880K, 68% used [0x00000006c0000000,0x00000006c7d2a9b0,0x00000006cb680000)
 Metaspace       used 36363K, capacity 36789K, committed 36992K, reserved 1081344K
  class space    used 4531K, capacity 4683K, committed 4736K, reserved 1048576K
Event: 19.247 GC heap after
Heap after GC invocations=17 (full 4):
 PSYoungGen      total 787968K, used 0K [0x000000076ab00000, 0x000000079f880000, 0x00000007c0000000)
  eden space 719872K, 0% used [0x000000076ab00000,0x000000076ab00000,0x0000000796a00000)
  from space 68096K, 0% used [0x0000000796a00000,0x0000000796a00000,0x000000079ac80000)
  to   space 70144K, 0% used [0x000000079b400000,0x000000079b400000,0x000000079f880000)
 ParOldGen       total 186880K, used 128170K [0x00000006c0000000, 0x00000006cb680000, 0x000000076ab00000)
  object space 186880K, 68% used [0x00000006c0000000,0x00000006c7d2a9b0,0x00000006cb680000)
 Metaspace       used 36363K, capacity 36789K, committed 36992K, reserved 1081344K
  class space    used 4531K, capacity 4683K, committed 4736K, reserved 1048576K
}
Event: 20.681 GC heap before
{Heap before GC invocations=18 (full 4):
 PSYoungGen      total 787968K, used 382924K [0x000000076ab00000, 0x000000079f880000, 0x00000007c0000000)
  eden space 719872K, 53% used [0x000000076ab00000,0x00000007820f30e8,0x0000000796a00000)
  from space 68096K, 0% used [0x0000000796a00000,0x0000000796a00000,0x000000079ac80000)
  to   space 70144K, 0% used [0x000000079b400000,0x000000079b400000,0x000000079f880000)
 ParOldGen       total 186880K, used 128170K [0x00000006c0000000, 0x00000006cb680000, 0x000000076ab00000)
  object space 186880K, 68% used [0x00000006c0000000,0x00000006c7d2a9b0,0x00000006cb680000)
 Metaspace       used 41888K, capacity 42373K, committed 42752K, reserved 1087488K
  class space    used 5183K, capacity 5337K, committed 5376K, reserved 1048576K
Event: 20.696 GC heap after
Heap after GC invocations=18 (full 4):
 PSYoungGen      total 791552K, used 34592K [0x000000076ab00000, 0x000000079f480000, 0x00000007c0000000)
  eden space 725504K, 0% used [0x000000076ab00000,0x000000076ab00000,0x0000000796f80000)
  from space 66048K, 52% used [0x000000079b400000,0x000000079d5c8028,0x000000079f480000)
  to   space 68096K, 0% used [0x0000000796f80000,0x0000000796f80000,0x000000079b200000)
 ParOldGen       total 186880K, used 128178K [0x00000006c0000000, 0x00000006cb680000, 0x000000076ab00000)
  object space 186880K, 68% used [0x00000006c0000000,0x00000006c7d2c9b0,0x00000006cb680000)
 Metaspace       used 41888K, capacity 42373K, committed 42752K, reserved 1087488K
  class space    used 5183K, capacity 5337K, committed 5376K, reserved 1048576K
}
Event: 20.696 GC heap before
{Heap before GC invocations=19 (full 5):
 PSYoungGen      total 791552K, used 34592K [0x000000076ab00000, 0x000000079f480000, 0x00000007c0000000)
  eden space 725504K, 0% used [0x000000076ab00000,0x000000076ab00000,0x0000000796f80000)
  from space 66048K, 52% used [0x000000079b400000,0x000000079d5c8028,0x000000079f480000)
  to   space 68096K, 0% used [0x0000000796f80000,0x0000000796f80000,0x000000079b200000)
 ParOldGen       total 186880K, used 128178K [0x00000006c0000000, 0x00000006cb680000, 0x000000076ab00000)
  object space 186880K, 68% used [0x00000006c0000000,0x00000006c7d2c9b0,0x00000006cb680000)
 Metaspace       used 41888K, capacity 42373K, committed 42752K, reserved 1087488K
  class space    used 5183K, capacity 5337K, committed 5376K, reserved 1048576K
Event: 21.072 GC heap after
Heap after GC invocations=19 (full 5):
 PSYoungGen      total 791552K, used 0K [0x000000076ab00000, 0x000000079f480000, 0x00000007c0000000)
  eden space 725504K, 0% used [0x000000076ab00000,0x000000076ab00000,0x0000000796f80000)
  from space 66048K, 0% used [0x000000079b400000,0x000000079b400000,0x000000079f480000)
  to   space 68096K, 0% used [0x0000000796f80000,0x0000000796f80000,0x000000079b200000)
 ParOldGen       total 186880K, used 159038K [0x00000006c0000000, 0x00000006cb680000, 0x000000076ab00000)
  object space 186880K, 85% used [0x00000006c0000000,0x00000006c9b4fa30,0x00000006cb680000)
 Metaspace       used 41888K, capacity 42373K, committed 42752K, reserved 1087488K
  class space    used 5183K, capacity 5337K, committed 5376K, reserved 1048576K
}
Event: 24.875 GC heap before
{Heap before GC invocations=20 (full 5):
 PSYoungGen      total 791552K, used 725504K [0x000000076ab00000, 0x000000079f480000, 0x00000007c0000000)
  eden space 725504K, 100% used [0x000000076ab00000,0x0000000796f80000,0x0000000796f80000)
  from space 66048K, 0% used [0x000000079b400000,0x000000079b400000,0x000000079f480000)
  to   space 68096K, 0% used [0x0000000796f80000,0x0000000796f80000,0x000000079b200000)
 ParOldGen       total 186880K, used 159038K [0x00000006c0000000, 0x00000006cb680000, 0x000000076ab00000)
  object space 186880K, 85% used [0x00000006c0000000,0x00000006c9b4fa30,0x00000006cb680000)
 Metaspace       used 43269K, capacity 43753K, committed 44160K, reserved 1087488K
  class space    used 5249K, capacity 5407K, committed 5504K, reserved 1048576K
Event: 24.883 GC heap after
Heap after GC invocations=20 (full 5):
 PSYoungGen      total 793600K, used 18648K [0x000000076ab00000, 0x00000007a7280000, 0x00000007c0000000)
  eden space 725504K, 0% used [0x000000076ab00000,0x000000076ab00000,0x0000000796f80000)
  from space 68096K, 27% used [0x0000000796f80000,0x00000007981b6340,0x000000079b200000)
  to   space 66048K, 0% used [0x00000007a3200000,0x00000007a3200000,0x00000007a7280000)
 ParOldGen       total 186880K, used 159046K [0x00000006c0000000, 0x00000006cb680000, 0x000000076ab00000)
  object space 186880K, 85% used [0x00000006c0000000,0x00000006c9b51a30,0x00000006cb680000)
 Metaspace       used 43269K, capacity 43753K, committed 44160K, reserved 1087488K
  class space    used 5249K, capacity 5407K, committed 5504K, reserved 1048576K
}
Event: 30.878 GC heap before
{Heap before GC invocations=21 (full 5):
 PSYoungGen      total 793600K, used 744152K [0x000000076ab00000, 0x00000007a7280000, 0x00000007c0000000)
  eden space 725504K, 100% used [0x000000076ab00000,0x0000000796f80000,0x0000000796f80000)
  from space 68096K, 27% used [0x0000000796f80000,0x00000007981b6340,0x000000079b200000)
  to   space 66048K, 0% used [0x00000007a3200000,0x00000007a3200000,0x00000007a7280000)
 ParOldGen       total 186880K, used 159046K [0x00000006c0000000, 0x00000006cb680000, 0x000000076ab00000)
  object space 186880K, 85% used [0x00000006c0000000,0x00000006c9b51a30,0x00000006cb680000)
 Metaspace       used 43638K, capacity 44073K, committed 44416K, reserved 1087488K
  class space    used 5252K, capacity 5407K, committed 5504K, reserved 1048576K
Event: 30.885 GC heap after
Heap after GC invocations=21 (full 5):
 PSYoungGen      total 874496K, used 18210K [0x000000076ab00000, 0x00000007a5880000, 0x00000007c0000000)
  eden space 835072K, 0% used [0x000000076ab00000,0x000000076ab00000,0x000000079da80000)
  from space 39424K, 46% used [0x00000007a3200000,0x00000007a43c88f0,0x00000007a5880000)
  to   space 64512K, 0% used [0x000000079da80000,0x000000079da80000,0x00000007a1980000)
 ParOldGen       total 186880K, used 159054K [0x00000006c0000000, 0x00000006cb680000, 0x000000076ab00000)
  object space 186880K, 85% used [0x00000006c0000000,0x00000006c9b53a30,0x00000006cb680000)
 Metaspace       used 43638K, capacity 44073K, committed 44416K, reserved 1087488K
  class space    used 5252K, capacity 5407K, committed 5504K, reserved 1048576K
}

