# JRE version: Java(TM) SE Runtime Environment (8.0_101-b13) (build 1.8.0_101-b13)
# Java VM: Java HotSpot(TM) 64-Bit Server VM (25.101-b13 mixed mode windows-amd64 compressed oops)
Heap:
 PSYoungGen      total 998912K, used 847261K [0x000000076ab00000, 0x00000007b0480000, 0x00000007c0000000)
  eden space 934400K, 88% used [0x000000076ab00000,0x000000079d440bf0,0x00000007a3b80000)
  from space 64512K, 28% used [0x00000007a3b80000,0x00000007a4da6820,0x00000007a7a80000)
  to   space 61952K, 0% used [0x00000007ac800000,0x00000007ac800000,0x00000007b0480000)
 ParOldGen       total 186368K, used 162398K [0x00000006c0000000, 0x00000006cb600000, 0x000000076ab00000)
  object space 186368K, 87% used [0x00000006c0000000,0x00000006c9e97b68,0x00000006cb600000)
 Metaspace       used 44458K, capacity 44865K, committed 45184K, reserved 1089536K
  class space    used 5320K, capacity 5463K, committed 5504K, reserved 1048576K
GC Heap History (10 events):
Event: 22.454 GC heap before
{Heap before GC invocations=20 (full 5):
 PSYoungGen      total 797184K, used 726016K [0x000000076ab00000, 0x000000079ff00000, 0x00000007c0000000)
  eden space 726016K, 100% used [0x000000076ab00000,0x0000000797000000,0x0000000797000000)
  from space 71168K, 0% used [0x000000079b980000,0x000000079b980000,0x000000079ff00000)
  to   space 73216K, 0% used [0x0000000797000000,0x0000000797000000,0x000000079b780000)
 ParOldGen       total 186368K, used 162358K [0x00000006c0000000, 0x00000006cb600000, 0x000000076ab00000)
  object space 186368K, 87% used [0x00000006c0000000,0x00000006c9e8db68,0x00000006cb600000)
 Metaspace       used 42974K, capacity 43393K, committed 43904K, reserved 1087488K
  class space    used 5268K, capacity 5399K, committed 5504K, reserved 1048576K
Event: 22.462 GC heap after
Heap after GC invocations=20 (full 5):
 PSYoungGen      total 799232K, used 15012K [0x000000076ab00000, 0x00000007a8400000, 0x00000007c0000000)
  eden space 726016K, 0% used [0x000000076ab00000,0x000000076ab00000,0x0000000797000000)
  from space 73216K, 20% used [0x0000000797000000,0x0000000797ea92c0,0x000000079b780000)
  to   space 71680K, 0% used [0x00000007a3e00000,0x00000007a3e00000,0x00000007a8400000)
 ParOldGen       total 186368K, used 162366K [0x00000006c0000000, 0x00000006cb600000, 0x000000076ab00000)
  object space 186368K, 87% used [0x00000006c0000000,0x00000006c9e8fb68,0x00000006cb600000)
 Metaspace       used 42974K, capacity 43393K, committed 43904K, reserved 1087488K
  class space    used 5268K, capacity 5399K, committed 5504K, reserved 1048576K
}
Event: 26.675 GC heap before
{Heap before GC invocations=21 (full 5):
 PSYoungGen      total 799232K, used 741028K [0x000000076ab00000, 0x00000007a8400000, 0x00000007c0000000)
  eden space 726016K, 100% used [0x000000076ab00000,0x0000000797000000,0x0000000797000000)
  from space 73216K, 20% used [0x0000000797000000,0x0000000797ea92c0,0x000000079b780000)
  to   space 71680K, 0% used [0x00000007a3e00000,0x00000007a3e00000,0x00000007a8400000)
 ParOldGen       total 186368K, used 162366K [0x00000006c0000000, 0x00000006cb600000, 0x000000076ab00000)
  object space 186368K, 87% used [0x00000006c0000000,0x00000006c9e8fb68,0x00000006cb600000)
 Metaspace       used 43802K, capacity 44129K, committed 44672K, reserved 1089536K
  class space    used 5297K, capacity 5431K, committed 5504K, reserved 1048576K
Event: 26.684 GC heap after
Heap after GC invocations=21 (full 5):
 PSYoungGen      total 887808K, used 18650K [0x000000076ab00000, 0x00000007a6a00000, 0x00000007c0000000)
  eden space 842752K, 0% used [0x000000076ab00000,0x000000076ab00000,0x000000079e200000)
  from space 45056K, 41% used [0x00000007a3e00000,0x00000007a5036828,0x00000007a6a00000)
  to   space 69632K, 0% used [0x000000079e200000,0x000000079e200000,0x00000007a2600000)
 ParOldGen       total 186368K, used 162374K [0x00000006c0000000, 0x00000006cb600000, 0x000000076ab00000)
  object space 186368K, 87% used [0x00000006c0000000,0x00000006c9e91b68,0x00000006cb600000)
 Metaspace       used 43802K, capacity 44129K, committed 44672K, reserved 1089536K
  class space    used 5297K, capacity 5431K, committed 5504K, reserved 1048576K
}
Event: 32.678 GC heap before
{Heap before GC invocations=22 (full 5):
 PSYoungGen      total 887808K, used 861402K [0x000000076ab00000, 0x00000007a6a00000, 0x00000007c0000000)
  eden space 842752K, 100% used [0x000000076ab00000,0x000000079e200000,0x000000079e200000)
  from space 45056K, 41% used [0x00000007a3e00000,0x00000007a5036828,0x00000007a6a00000)
  to   space 69632K, 0% used [0x000000079e200000,0x000000079e200000,0x00000007a2600000)
 ParOldGen       total 186368K, used 162374K [0x00000006c0000000, 0x00000006cb600000, 0x000000076ab00000)
  object space 186368K, 87% used [0x00000006c0000000,0x00000006c9e91b68,0x00000006cb600000)
 Metaspace       used 44189K, capacity 44673K, committed 45184K, reserved 1089536K
  class space    used 5309K, capacity 5463K, committed 5504K, reserved 1048576K
Event: 32.686 GC heap after
Heap after GC invocations=22 (full 5):
 PSYoungGen      total 912384K, used 18666K [0x000000076ab00000, 0x00000007ad200000, 0x00000007c0000000)
  eden space 842752K, 0% used [0x000000076ab00000,0x000000076ab00000,0x000000079e200000)
  from space 69632K, 26% used [0x000000079e200000,0x000000079f43a830,0x00000007a2600000)
  to   space 67072K, 0% used [0x00000007a9080000,0x00000007a9080000,0x00000007ad200000)
 ParOldGen       total 186368K, used 162382K [0x00000006c0000000, 0x00000006cb600000, 0x000000076ab00000)
  object space 186368K, 87% used [0x00000006c0000000,0x00000006c9e93b68,0x00000006cb600000)
 Metaspace       used 44189K, capacity 44673K, committed 45184K, reserved 1089536K
  class space    used 5309K, capacity 5463K, committed 5504K, reserved 1048576K
}
Event: 39.610 GC heap before
{Heap before GC invocations=23 (full 5):
 PSYoungGen      total 912384K, used 861418K [0x000000076ab00000, 0x00000007ad200000, 0x00000007c0000000)
  eden space 842752K, 100% used [0x000000076ab00000,0x000000079e200000,0x000000079e200000)
  from space 69632K, 26% used [0x000000079e200000,0x000000079f43a830,0x00000007a2600000)
  to   space 67072K, 0% used [0x00000007a9080000,0x00000007a9080000,0x00000007ad200000)
 ParOldGen       total 186368K, used 162382K [0x00000006c0000000, 0x00000006cb600000, 0x000000076ab00000)
  object space 186368K, 87% used [0x00000006c0000000,0x00000006c9e93b68,0x00000006cb600000)
 Metaspace       used 44319K, capacity 44801K, committed 45184K, reserved 1089536K
  class space    used 5309K, capacity 5463K, committed 5504K, reserved 1048576K
Event: 39.619 GC heap after
Heap after GC invocations=23 (full 5):
 PSYoungGen      total 976384K, used 18586K [0x000000076ab00000, 0x00000007ab980000, 0x00000007c0000000)
  eden space 934400K, 0% used [0x000000076ab00000,0x000000076ab00000,0x00000007a3b80000)
  from space 41984K, 44% used [0x00000007a9080000,0x00000007aa2a6820,0x00000007ab980000)
  to   space 64512K, 0% used [0x00000007a3b80000,0x00000007a3b80000,0x00000007a7a80000)
 ParOldGen       total 186368K, used 162390K [0x00000006c0000000, 0x00000006cb600000, 0x000000076ab00000)
  object space 186368K, 87% used [0x00000006c0000000,0x00000006c9e95b68,0x00000006cb600000)
 Metaspace       used 44319K, capacity 44801K, committed 45184K, reserved 1089536K
  class space    used 5309K, capacity 5463K, committed 5504K, reserved 1048576K
}
Event: 47.324 GC heap before
{Heap before GC invocations=24 (full 5):
 PSYoungGen      total 976384K, used 952986K [0x000000076ab00000, 0x00000007ab980000, 0x00000007c0000000)
  eden space 934400K, 100% used [0x000000076ab00000,0x00000007a3b80000,0x00000007a3b80000)
  from space 41984K, 44% used [0x00000007a9080000,0x00000007aa2a6820,0x00000007ab980000)
  to   space 64512K, 0% used [0x00000007a3b80000,0x00000007a3b80000,0x00000007a7a80000)
 ParOldGen       total 186368K, used 162390K [0x00000006c0000000, 0x00000006cb600000, 0x000000076ab00000)
  object space 186368K, 87% used [0x00000006c0000000,0x00000006c9e95b68,0x00000006cb600000)
 Metaspace       used 44336K, capacity 44801K, committed 45184K, reserved 1089536K
  class space    used 5309K, capacity 5463K, committed 5504K, reserved 1048576K
Event: 47.331 GC heap after
Heap after GC invocations=24 (full 5):
 PSYoungGen      total 998912K, used 18586K [0x000000076ab00000, 0x00000007b0480000, 0x00000007c0000000)
  eden space 934400K, 0% used [0x000000076ab00000,0x000000076ab00000,0x00000007a3b80000)
  from space 64512K, 28% used [0x00000007a3b80000,0x00000007a4da6820,0x00000007a7a80000)
  to   space 61952K, 0% used [0x00000007ac800000,0x00000007ac800000,0x00000007b0480000)
 ParOldGen       total 186368K, used 162398K [0x00000006c0000000, 0x00000006cb600000, 0x000000076ab00000)
  object space 186368K, 87% used [0x00000006c0000000,0x00000006c9e97b68,0x00000006cb600000)
 Metaspace       used 44336K, capacity 44801K, committed 45184K, reserved 1089536K
  class space    used 5309K, capacity 5463K, committed 5504K, reserved 1048576K
}

