# JRE version: Java(TM) SE Runtime Environment (8.0_77-b03) (build 1.8.0_77-b03)
# Java VM: Java HotSpot(TM) 64-Bit Server VM (25.77-b03 mixed mode windows-amd64 compressed oops)
Heap:
 PSYoungGen      total 968704K, used 180117K [0x000000076ab00000, 0x00000007b1f00000, 0x00000007c0000000)
  eden space 900608K, 17% used [0x000000076ab00000,0x000000077475e0a8,0x00000007a1a80000)
  from space 68096K, 29% used [0x00000007a1a80000,0x00000007a2e07530,0x00000007a5d00000)
  to   space 65536K, 0% used [0x00000007adf00000,0x00000007adf00000,0x00000007b1f00000)
 ParOldGen       total 182272K, used 159212K [0x00000006c0000000, 0x00000006cb200000, 0x000000076ab00000)
  object space 182272K, 87% used [0x00000006c0000000,0x00000006c9b7b040,0x00000006cb200000)
 Metaspace       used 44274K, capacity 44681K, committed 45184K, reserved 1089536K
  class space    used 5296K, capacity 5439K, committed 5504K, reserved 1048576K
GC Heap History (10 events):
Event: 17.392 GC heap before
{Heap before GC invocations=18 (full 4):
 PSYoungGen      total 824320K, used 396787K [0x000000076ab00000, 0x00000007a2480000, 0x00000007c0000000)
  eden space 751616K, 52% used [0x000000076ab00000,0x0000000782e7ce60,0x0000000798900000)
  from space 72704K, 0% used [0x0000000798900000,0x0000000798900000,0x000000079d000000)
  to   space 74240K, 0% used [0x000000079dc00000,0x000000079dc00000,0x00000007a2480000)
 ParOldGen       total 182272K, used 128215K [0x00000006c0000000, 0x00000006cb200000, 0x000000076ab00000)
  object space 182272K, 70% used [0x00000006c0000000,0x00000006c7d35c88,0x00000006cb200000)
 Metaspace       used 41849K, capacity 42273K, committed 42752K, reserved 1087488K
  class space    used 5178K, capacity 5331K, committed 5376K, reserved 1048576K
Event: 17.419 GC heap after
Heap after GC invocations=18 (full 4):
 PSYoungGen      total 831488K, used 34727K [0x000000076ab00000, 0x00000007a1f80000, 0x00000007c0000000)
  eden space 762368K, 0% used [0x000000076ab00000,0x000000076ab00000,0x0000000799380000)
  from space 69120K, 50% used [0x000000079dc00000,0x000000079fde9de0,0x00000007a1f80000)
  to   space 71680K, 0% used [0x0000000799380000,0x0000000799380000,0x000000079d980000)
 ParOldGen       total 182272K, used 128223K [0x00000006c0000000, 0x00000006cb200000, 0x000000076ab00000)
  object space 182272K, 70% used [0x00000006c0000000,0x00000006c7d37c88,0x00000006cb200000)
 Metaspace       used 41849K, capacity 42273K, committed 42752K, reserved 1087488K
  class space    used 5178K, capacity 5331K, committed 5376K, reserved 1048576K
}
Event: 17.419 GC heap before
{Heap before GC invocations=19 (full 5):
 PSYoungGen      total 831488K, used 34727K [0x000000076ab00000, 0x00000007a1f80000, 0x00000007c0000000)
  eden space 762368K, 0% used [0x000000076ab00000,0x000000076ab00000,0x0000000799380000)
  from space 69120K, 50% used [0x000000079dc00000,0x000000079fde9de0,0x00000007a1f80000)
  to   space 71680K, 0% used [0x0000000799380000,0x0000000799380000,0x000000079d980000)
 ParOldGen       total 182272K, used 128223K [0x00000006c0000000, 0x00000006cb200000, 0x000000076ab00000)
  object space 182272K, 70% used [0x00000006c0000000,0x00000006c7d37c88,0x00000006cb200000)
 Metaspace       used 41849K, capacity 42273K, committed 42752K, reserved 1087488K
  class space    used 5178K, capacity 5331K, committed 5376K, reserved 1048576K
Event: 17.796 GC heap after
Heap after GC invocations=19 (full 5):
 PSYoungGen      total 831488K, used 0K [0x000000076ab00000, 0x00000007a1f80000, 0x00000007c0000000)
  eden space 762368K, 0% used [0x000000076ab00000,0x000000076ab00000,0x0000000799380000)
  from space 69120K, 0% used [0x000000079dc00000,0x000000079dc00000,0x00000007a1f80000)
  to   space 71680K, 0% used [0x0000000799380000,0x0000000799380000,0x000000079d980000)
 ParOldGen       total 182272K, used 159188K [0x00000006c0000000, 0x00000006cb200000, 0x000000076ab00000)
  object space 182272K, 87% used [0x00000006c0000000,0x00000006c9b75040,0x00000006cb200000)
 Metaspace       used 41849K, capacity 42273K, committed 42752K, reserved 1087488K
  class space    used 5178K, capacity 5331K, committed 5376K, reserved 1048576K
}
Event: 19.113 GC heap before
{Heap before GC invocations=20 (full 5):
 PSYoungGen      total 831488K, used 748917K [0x000000076ab00000, 0x00000007a1f80000, 0x00000007c0000000)
  eden space 762368K, 98% used [0x000000076ab00000,0x000000079865d6c8,0x0000000799380000)
  from space 69120K, 0% used [0x000000079dc00000,0x000000079dc00000,0x00000007a1f80000)
  to   space 71680K, 0% used [0x0000000799380000,0x0000000799380000,0x000000079d980000)
 ParOldGen       total 182272K, used 159188K [0x00000006c0000000, 0x00000006cb200000, 0x000000076ab00000)
  object space 182272K, 87% used [0x00000006c0000000,0x00000006c9b75040,0x00000006cb200000)
 Metaspace       used 43224K, capacity 43657K, committed 44160K, reserved 1087488K
  class space    used 5280K, capacity 5439K, committed 5504K, reserved 1048576K
Event: 19.119 GC heap after
Heap after GC invocations=20 (full 5):
 PSYoungGen      total 834048K, used 12199K [0x000000076ab00000, 0x00000007abd00000, 0x00000007c0000000)
  eden space 762368K, 0% used [0x000000076ab00000,0x000000076ab00000,0x0000000799380000)
  from space 71680K, 17% used [0x0000000799380000,0x0000000799f69cb8,0x000000079d980000)
  to   space 70656K, 0% used [0x00000007a7800000,0x00000007a7800000,0x00000007abd00000)
 ParOldGen       total 182272K, used 159196K [0x00000006c0000000, 0x00000006cb200000, 0x000000076ab00000)
  object space 182272K, 87% used [0x00000006c0000000,0x00000006c9b77040,0x00000006cb200000)
 Metaspace       used 43224K, capacity 43657K, committed 44160K, reserved 1087488K
  class space    used 5280K, capacity 5439K, committed 5504K, reserved 1048576K
}
Event: 22.723 GC heap before
{Heap before GC invocations=21 (full 5):
 PSYoungGen      total 834048K, used 774567K [0x000000076ab00000, 0x00000007abd00000, 0x00000007c0000000)
  eden space 762368K, 100% used [0x000000076ab00000,0x0000000799380000,0x0000000799380000)
  from space 71680K, 17% used [0x0000000799380000,0x0000000799f69cb8,0x000000079d980000)
  to   space 70656K, 0% used [0x00000007a7800000,0x00000007a7800000,0x00000007abd00000)
 ParOldGen       total 182272K, used 159196K [0x00000006c0000000, 0x00000006cb200000, 0x000000076ab00000)
  object space 182272K, 87% used [0x00000006c0000000,0x00000006c9b77040,0x00000006cb200000)
 Metaspace       used 43755K, capacity 44233K, committed 44672K, reserved 1089536K
  class space    used 5281K, capacity 5439K, committed 5504K, reserved 1048576K
Event: 22.733 GC heap after
Heap after GC invocations=21 (full 5):
 PSYoungGen      total 941056K, used 18813K [0x000000076ab00000, 0x00000007a9f80000, 0x00000007c0000000)
  eden space 900608K, 0% used [0x000000076ab00000,0x000000076ab00000,0x00000007a1a80000)
  from space 40448K, 46% used [0x00000007a7800000,0x00000007a8a5f530,0x00000007a9f80000)
  to   space 68096K, 0% used [0x00000007a1a80000,0x00000007a1a80000,0x00000007a5d00000)
 ParOldGen       total 182272K, used 159204K [0x00000006c0000000, 0x00000006cb200000, 0x000000076ab00000)
  object space 182272K, 87% used [0x00000006c0000000,0x00000006c9b79040,0x00000006cb200000)
 Metaspace       used 43755K, capacity 44233K, committed 44672K, reserved 1089536K
  class space    used 5281K, capacity 5439K, committed 5504K, reserved 1048576K
}
Event: 27.521 GC heap before
{Heap before GC invocations=22 (full 5):
 PSYoungGen      total 941056K, used 919421K [0x000000076ab00000, 0x00000007a9f80000, 0x00000007c0000000)
  eden space 900608K, 100% used [0x000000076ab00000,0x00000007a1a80000,0x00000007a1a80000)
  from space 40448K, 46% used [0x00000007a7800000,0x00000007a8a5f530,0x00000007a9f80000)
  to   space 68096K, 0% used [0x00000007a1a80000,0x00000007a1a80000,0x00000007a5d00000)
 ParOldGen       total 182272K, used 159204K [0x00000006c0000000, 0x00000006cb200000, 0x000000076ab00000)
  object space 182272K, 87% used [0x00000006c0000000,0x00000006c9b79040,0x00000006cb200000)
 Metaspace       used 44020K, capacity 44489K, committed 44928K, reserved 1089536K
  class space    used 5285K, capacity 5439K, committed 5504K, reserved 1048576K
Event: 27.530 GC heap after
Heap after GC invocations=22 (full 5):
 PSYoungGen      total 968704K, used 19997K [0x000000076ab00000, 0x00000007b1f00000, 0x00000007c0000000)
  eden space 900608K, 0% used [0x000000076ab00000,0x000000076ab00000,0x00000007a1a80000)
  from space 68096K, 29% used [0x00000007a1a80000,0x00000007a2e07530,0x00000007a5d00000)
  to   space 65536K, 0% used [0x00000007adf00000,0x00000007adf00000,0x00000007b1f00000)
 ParOldGen       total 182272K, used 159212K [0x00000006c0000000, 0x00000006cb200000, 0x000000076ab00000)
  object space 182272K, 87% used [0x00000006c0000000,0x00000006c9b7b040,0x00000006cb200000)
 Metaspace       used 44020K, capacity 44489K, committed 44928K, reserved 1089536K
  class space    used 5285K, capacity 5439K, committed 5504K, reserved 1048576K
}

