# JRE version: Java(TM) SE Runtime Environment (8.0_101-b13) (build 1.8.0_101-b13)
# Java VM: Java HotSpot(TM) 64-Bit Server VM (25.101-b13 mixed mode windows-amd64 compressed oops)
Heap:
 PSYoungGen      total 879616K, used 38319K [0x000000076ab00000, 0x00000007ad980000, 0x00000007c0000000)
  eden space 815104K, 4% used [0x000000076ab00000,0x000000076cc00ab0,0x000000079c700000)
  from space 64512K, 7% used [0x000000079c700000,0x000000079cb6b450,0x00000007a0600000)
  to   space 65024K, 0% used [0x00000007a9a00000,0x00000007a9a00000,0x00000007ad980000)
 ParOldGen       total 333312K, used 171648K [0x00000006c0000000, 0x00000006d4580000, 0x000000076ab00000)
  object space 333312K, 51% used [0x00000006c0000000,0x00000006ca7a0248,0x00000006d4580000)
 Metaspace       used 43755K, capacity 44193K, committed 44672K, reserved 1089536K
  class space    used 5290K, capacity 5431K, committed 5504K, reserved 1048576K
GC Heap History (10 events):
Event: 14.941 GC heap before
{Heap before GC invocations=17 (full 4):
 PSYoungGen      total 871936K, used 0K [0x000000076ab00000, 0x00000007a4600000, 0x00000007c0000000)
  eden space 808960K, 0% used [0x000000076ab00000,0x000000076ab00000,0x000000079c100000)
  from space 62976K, 0% used [0x000000079c100000,0x000000079c100000,0x000000079fe80000)
  to   space 65024K, 0% used [0x00000007a0680000,0x00000007a0680000,0x00000007a4600000)
 ParOldGen       total 177664K, used 128962K [0x00000006c0000000, 0x00000006cad80000, 0x000000076ab00000)
  object space 177664K, 72% used [0x00000006c0000000,0x00000006c7df08f8,0x00000006cad80000)
 Metaspace       used 36528K, capacity 36925K, committed 37248K, reserved 1081344K
  class space    used 4562K, capacity 4683K, committed 4736K, reserved 1048576K
Event: 15.075 GC heap after
Heap after GC invocations=17 (full 4):
 PSYoungGen      total 871936K, used 0K [0x000000076ab00000, 0x00000007a4600000, 0x00000007c0000000)
  eden space 808960K, 0% used [0x000000076ab00000,0x000000076ab00000,0x000000079c100000)
  from space 62976K, 0% used [0x000000079c100000,0x000000079c100000,0x000000079fe80000)
  to   space 65024K, 0% used [0x00000007a0680000,0x00000007a0680000,0x00000007a4600000)
 ParOldGen       total 177664K, used 128962K [0x00000006c0000000, 0x00000006cad80000, 0x000000076ab00000)
  object space 177664K, 72% used [0x00000006c0000000,0x00000006c7df08e8,0x00000006cad80000)
 Metaspace       used 36528K, capacity 36925K, committed 37248K, reserved 1081344K
  class space    used 4562K, capacity 4683K, committed 4736K, reserved 1048576K
}
Event: 16.553 GC heap before
{Heap before GC invocations=18 (full 4):
 PSYoungGen      total 871936K, used 396463K [0x000000076ab00000, 0x00000007a4600000, 0x00000007c0000000)
  eden space 808960K, 49% used [0x000000076ab00000,0x0000000782e2bd40,0x000000079c100000)
  from space 62976K, 0% used [0x000000079c100000,0x000000079c100000,0x000000079fe80000)
  to   space 65024K, 0% used [0x00000007a0680000,0x00000007a0680000,0x00000007a4600000)
 ParOldGen       total 177664K, used 128962K [0x00000006c0000000, 0x00000006cad80000, 0x000000076ab00000)
  object space 177664K, 72% used [0x00000006c0000000,0x00000006c7df08e8,0x00000006cad80000)
 Metaspace       used 41587K, capacity 42013K, committed 42496K, reserved 1087488K
  class space    used 5179K, capacity 5329K, committed 5376K, reserved 1048576K
Event: 16.568 GC heap after
Heap after GC invocations=18 (full 4):
 PSYoungGen      total 879104K, used 36616K [0x000000076ab00000, 0x00000007a4500000, 0x00000007c0000000)
  eden space 815104K, 0% used [0x000000076ab00000,0x000000076ab00000,0x000000079c700000)
  from space 64000K, 57% used [0x00000007a0680000,0x00000007a2a42300,0x00000007a4500000)
  to   space 64512K, 0% used [0x000000079c700000,0x000000079c700000,0x00000007a0600000)
 ParOldGen       total 177664K, used 128970K [0x00000006c0000000, 0x00000006cad80000, 0x000000076ab00000)
  object space 177664K, 72% used [0x00000006c0000000,0x00000006c7df28e8,0x00000006cad80000)
 Metaspace       used 41587K, capacity 42013K, committed 42496K, reserved 1087488K
  class space    used 5179K, capacity 5329K, committed 5376K, reserved 1048576K
}
Event: 16.568 GC heap before
{Heap before GC invocations=19 (full 5):
 PSYoungGen      total 879104K, used 36616K [0x000000076ab00000, 0x00000007a4500000, 0x00000007c0000000)
  eden space 815104K, 0% used [0x000000076ab00000,0x000000076ab00000,0x000000079c700000)
  from space 64000K, 57% used [0x00000007a0680000,0x00000007a2a42300,0x00000007a4500000)
  to   space 64512K, 0% used [0x000000079c700000,0x000000079c700000,0x00000007a0600000)
 ParOldGen       total 177664K, used 128970K [0x00000006c0000000, 0x00000006cad80000, 0x000000076ab00000)
  object space 177664K, 72% used [0x00000006c0000000,0x00000006c7df28e8,0x00000006cad80000)
 Metaspace       used 41587K, capacity 42013K, committed 42496K, reserved 1087488K
  class space    used 5179K, capacity 5329K, committed 5376K, reserved 1048576K
Event: 16.938 GC heap after
Heap after GC invocations=19 (full 5):
 PSYoungGen      total 879104K, used 0K [0x000000076ab00000, 0x00000007a4500000, 0x00000007c0000000)
  eden space 815104K, 0% used [0x000000076ab00000,0x000000076ab00000,0x000000079c700000)
  from space 64000K, 0% used [0x00000007a0680000,0x00000007a0680000,0x00000007a4500000)
  to   space 64512K, 0% used [0x000000079c700000,0x000000079c700000,0x00000007a0600000)
 ParOldGen       total 177664K, used 161515K [0x00000006c0000000, 0x00000006cad80000, 0x000000076ab00000)
  object space 177664K, 90% used [0x00000006c0000000,0x00000006c9dbade0,0x00000006cad80000)
 Metaspace       used 41587K, capacity 42013K, committed 42496K, reserved 1087488K
  class space    used 5179K, capacity 5329K, committed 5376K, reserved 1048576K
}
Event: 18.901 GC heap before
{Heap before GC invocations=20 (full 6):
 PSYoungGen      total 879104K, used 815104K [0x000000076ab00000, 0x00000007a4500000, 0x00000007c0000000)
  eden space 815104K, 100% used [0x000000076ab00000,0x000000079c700000,0x000000079c700000)
  from space 64000K, 0% used [0x00000007a0680000,0x00000007a0680000,0x00000007a4500000)
  to   space 64512K, 0% used [0x000000079c700000,0x000000079c700000,0x00000007a0600000)
 ParOldGen       total 177664K, used 161515K [0x00000006c0000000, 0x00000006cad80000, 0x000000076ab00000)
  object space 177664K, 90% used [0x00000006c0000000,0x00000006c9dbade0,0x00000006cad80000)
 Metaspace       used 43079K, capacity 43489K, committed 43904K, reserved 1087488K
  class space    used 5278K, capacity 5431K, committed 5504K, reserved 1048576K
Event: 19.081 GC heap after
Heap after GC invocations=20 (full 6):
 PSYoungGen      total 879104K, used 0K [0x000000076ab00000, 0x00000007a4500000, 0x00000007c0000000)
  eden space 815104K, 0% used [0x000000076ab00000,0x000000076ab00000,0x000000079c700000)
  from space 64000K, 0% used [0x00000007a0680000,0x00000007a0680000,0x00000007a4500000)
  to   space 64512K, 0% used [0x000000079c700000,0x000000079c700000,0x00000007a0600000)
 ParOldGen       total 333312K, used 171640K [0x00000006c0000000, 0x00000006d4580000, 0x000000076ab00000)
  object space 333312K, 51% used [0x00000006c0000000,0x00000006ca79e248,0x00000006d4580000)
 Metaspace       used 43079K, capacity 43489K, committed 43904K, reserved 1087488K
  class space    used 5278K, capacity 5431K, committed 5504K, reserved 1048576K
}
Event: 24.866 GC heap before
{Heap before GC invocations=21 (full 6):
 PSYoungGen      total 879104K, used 815104K [0x000000076ab00000, 0x00000007a4500000, 0x00000007c0000000)
  eden space 815104K, 100% used [0x000000076ab00000,0x000000079c700000,0x000000079c700000)
  from space 64000K, 0% used [0x00000007a0680000,0x00000007a0680000,0x00000007a4500000)
  to   space 64512K, 0% used [0x000000079c700000,0x000000079c700000,0x00000007a0600000)
 ParOldGen       total 333312K, used 171640K [0x00000006c0000000, 0x00000006d4580000, 0x000000076ab00000)
  object space 333312K, 51% used [0x00000006c0000000,0x00000006ca79e248,0x00000006d4580000)
 Metaspace       used 43660K, capacity 44065K, committed 44416K, reserved 1087488K
  class space    used 5280K, capacity 5431K, committed 5504K, reserved 1048576K
Event: 24.869 GC heap after
Heap after GC invocations=21 (full 6):
 PSYoungGen      total 879616K, used 4525K [0x000000076ab00000, 0x00000007ad980000, 0x00000007c0000000)
  eden space 815104K, 0% used [0x000000076ab00000,0x000000076ab00000,0x000000079c700000)
  from space 64512K, 7% used [0x000000079c700000,0x000000079cb6b450,0x00000007a0600000)
  to   space 65024K, 0% used [0x00000007a9a00000,0x00000007a9a00000,0x00000007ad980000)
 ParOldGen       total 333312K, used 171648K [0x00000006c0000000, 0x00000006d4580000, 0x000000076ab00000)
  object space 333312K, 51% used [0x00000006c0000000,0x00000006ca7a0248,0x00000006d4580000)
 Metaspace       used 43660K, capacity 44065K, committed 44416K, reserved 1087488K
  class space    used 5280K, capacity 5431K, committed 5504K, reserved 1048576K
}

