# JRE version: Java(TM) SE Runtime Environment (8.0_77-b03) (build 1.8.0_77-b03)
# Java VM: Java HotSpot(TM) 64-Bit Server VM (25.77-b03 mixed mode windows-amd64 compressed oops)
Heap:
 PSYoungGen      total 1204224K, used 38224K [0x000000076ab00000, 0x00000007b7e80000, 0x00000007c0000000)
  eden space 1149440K, 3% used [0x000000076ab00000,0x000000076d054340,0x00000007b0d80000)
  from space 54784K, 0% used [0x00000007b4900000,0x00000007b4900000,0x00000007b7e80000)
  to   space 57856K, 0% used [0x00000007b0d80000,0x00000007b0d80000,0x00000007b4600000)
 ParOldGen       total 183808K, used 172167K [0x00000006c0000000, 0x00000006cb380000, 0x000000076ab00000)
  object space 183808K, 93% used [0x00000006c0000000,0x00000006ca821e58,0x00000006cb380000)
 Metaspace       used 44765K, capacity 45231K, committed 45696K, reserved 1089536K
  class space    used 5322K, capacity 5472K, committed 5504K, reserved 1048576K
GC Heap History (10 events):
Event: 27.071 GC heap before
{Heap before GC invocations=22 (full 5):
 PSYoungGen      total 941056K, used 918317K [0x000000076ab00000, 0x00000007aa000000, 0x00000007c0000000)
  eden space 899072K, 100% used [0x000000076ab00000,0x00000007a1900000,0x00000007a1900000)
  from space 41984K, 45% used [0x00000007a7700000,0x00000007a89cb6a8,0x00000007aa000000)
  to   space 69120K, 0% used [0x00000007a1900000,0x00000007a1900000,0x00000007a5c80000)
 ParOldGen       total 183808K, used 158849K [0x00000006c0000000, 0x00000006cb380000, 0x000000076ab00000)
  object space 183808K, 86% used [0x00000006c0000000,0x00000006c9b20600,0x00000006cb380000)
 Metaspace       used 44293K, capacity 44745K, committed 45184K, reserved 1089536K
  class space    used 5300K, capacity 5439K, committed 5504K, reserved 1048576K
Event: 27.090 GC heap after
Heap after GC invocations=22 (full 5):
 PSYoungGen      total 968192K, used 18989K [0x000000076ab00000, 0x00000007b2f80000, 0x00000007c0000000)
  eden space 899072K, 0% used [0x000000076ab00000,0x000000076ab00000,0x00000007a1900000)
  from space 69120K, 27% used [0x00000007a1900000,0x00000007a2b8b530,0x00000007a5c80000)
  to   space 66560K, 0% used [0x00000007aee80000,0x00000007aee80000,0x00000007b2f80000)
 ParOldGen       total 183808K, used 158857K [0x00000006c0000000, 0x00000006cb380000, 0x000000076ab00000)
  object space 183808K, 86% used [0x00000006c0000000,0x00000006c9b22600,0x00000006cb380000)
 Metaspace       used 44293K, capacity 44745K, committed 45184K, reserved 1089536K
  class space    used 5300K, capacity 5439K, committed 5504K, reserved 1048576K
}
Event: 31.712 GC heap before
{Heap before GC invocations=23 (full 5):
 PSYoungGen      total 968192K, used 918061K [0x000000076ab00000, 0x00000007b2f80000, 0x00000007c0000000)
  eden space 899072K, 100% used [0x000000076ab00000,0x00000007a1900000,0x00000007a1900000)
  from space 69120K, 27% used [0x00000007a1900000,0x00000007a2b8b530,0x00000007a5c80000)
  to   space 66560K, 0% used [0x00000007aee80000,0x00000007aee80000,0x00000007b2f80000)
 ParOldGen       total 183808K, used 158857K [0x00000006c0000000, 0x00000006cb380000, 0x000000076ab00000)
  object space 183808K, 86% used [0x00000006c0000000,0x00000006c9b22600,0x00000006cb380000)
 Metaspace       used 44506K, capacity 44969K, committed 45440K, reserved 1089536K
  class space    used 5308K, capacity 5471K, committed 5504K, reserved 1048576K
Event: 31.720 GC heap after
Heap after GC invocations=23 (full 5):
 PSYoungGen      total 1062400K, used 19470K [0x000000076ab00000, 0x00000007b1200000, 0x00000007c0000000)
  eden space 1026048K, 0% used [0x000000076ab00000,0x000000076ab00000,0x00000007a9500000)
  from space 36352K, 53% used [0x00000007aee80000,0x00000007b0183800,0x00000007b1200000)
  to   space 64000K, 0% used [0x00000007a9500000,0x00000007a9500000,0x00000007ad380000)
 ParOldGen       total 183808K, used 158857K [0x00000006c0000000, 0x00000006cb380000, 0x000000076ab00000)
  object space 183808K, 86% used [0x00000006c0000000,0x00000006c9b22600,0x00000006cb380000)
 Metaspace       used 44506K, capacity 44969K, committed 45440K, reserved 1089536K
  class space    used 5308K, capacity 5471K, committed 5504K, reserved 1048576K
}
Event: 34.913 GC heap before
{Heap before GC invocations=24 (full 5):
 PSYoungGen      total 1062400K, used 1045518K [0x000000076ab00000, 0x00000007b1200000, 0x00000007c0000000)
  eden space 1026048K, 100% used [0x000000076ab00000,0x00000007a9500000,0x00000007a9500000)
  from space 36352K, 53% used [0x00000007aee80000,0x00000007b0183800,0x00000007b1200000)
  to   space 64000K, 0% used [0x00000007a9500000,0x00000007a9500000,0x00000007ad380000)
 ParOldGen       total 183808K, used 158857K [0x00000006c0000000, 0x00000006cb380000, 0x000000076ab00000)
  object space 183808K, 86% used [0x00000006c0000000,0x00000006c9b22600,0x00000006cb380000)
 Metaspace       used 44638K, capacity 45033K, committed 45440K, reserved 1089536K
  class space    used 5311K, capacity 5471K, committed 5504K, reserved 1048576K
Event: 34.923 GC heap after
Heap after GC invocations=24 (full 5):
 PSYoungGen      total 1090048K, used 20843K [0x000000076ab00000, 0x00000007b8480000, 0x00000007c0000000)
  eden space 1026048K, 0% used [0x000000076ab00000,0x000000076ab00000,0x00000007a9500000)
  from space 64000K, 32% used [0x00000007a9500000,0x00000007aa95af08,0x00000007ad380000)
  to   space 60928K, 0% used [0x00000007b4900000,0x00000007b4900000,0x00000007b8480000)
 ParOldGen       total 183808K, used 158865K [0x00000006c0000000, 0x00000006cb380000, 0x000000076ab00000)
  object space 183808K, 86% used [0x00000006c0000000,0x00000006c9b24600,0x00000006cb380000)
 Metaspace       used 44638K, capacity 45033K, committed 45440K, reserved 1089536K
  class space    used 5311K, capacity 5471K, committed 5504K, reserved 1048576K
}
Event: 40.985 GC heap before
{Heap before GC invocations=25 (full 5):
 PSYoungGen      total 1090048K, used 867909K [0x000000076ab00000, 0x00000007b8480000, 0x00000007c0000000)
  eden space 1026048K, 82% used [0x000000076ab00000,0x000000079e636610,0x00000007a9500000)
  from space 64000K, 32% used [0x00000007a9500000,0x00000007aa95af08,0x00000007ad380000)
  to   space 60928K, 0% used [0x00000007b4900000,0x00000007b4900000,0x00000007b8480000)
 ParOldGen       total 183808K, used 158865K [0x00000006c0000000, 0x00000006cb380000, 0x000000076ab00000)
  object space 183808K, 86% used [0x00000006c0000000,0x00000006c9b24600,0x00000006cb380000)
 Metaspace       used 44755K, capacity 45231K, committed 45696K, reserved 1089536K
  class space    used 5320K, capacity 5472K, committed 5504K, reserved 1048576K
Event: 40.996 GC heap after
Heap after GC invocations=25 (full 5):
 PSYoungGen      total 1204224K, used 22233K [0x000000076ab00000, 0x00000007b7e80000, 0x00000007c0000000)
  eden space 1149440K, 0% used [0x000000076ab00000,0x000000076ab00000,0x00000007b0d80000)
  from space 54784K, 40% used [0x00000007b4900000,0x00000007b5eb64e8,0x00000007b7e80000)
  to   space 57856K, 0% used [0x00000007b0d80000,0x00000007b0d80000,0x00000007b4600000)
 ParOldGen       total 183808K, used 158873K [0x00000006c0000000, 0x00000006cb380000, 0x000000076ab00000)
  object space 183808K, 86% used [0x00000006c0000000,0x00000006c9b26600,0x00000006cb380000)
 Metaspace       used 44755K, capacity 45231K, committed 45696K, reserved 1089536K
  class space    used 5320K, capacity 5472K, committed 5504K, reserved 1048576K
}
Event: 40.996 GC heap before
{Heap before GC invocations=26 (full 6):
 PSYoungGen      total 1204224K, used 22233K [0x000000076ab00000, 0x00000007b7e80000, 0x00000007c0000000)
  eden space 1149440K, 0% used [0x000000076ab00000,0x000000076ab00000,0x00000007b0d80000)
  from space 54784K, 40% used [0x00000007b4900000,0x00000007b5eb64e8,0x00000007b7e80000)
  to   space 57856K, 0% used [0x00000007b0d80000,0x00000007b0d80000,0x00000007b4600000)
 ParOldGen       total 183808K, used 158873K [0x00000006c0000000, 0x00000006cb380000, 0x000000076ab00000)
  object space 183808K, 86% used [0x00000006c0000000,0x00000006c9b26600,0x00000006cb380000)
 Metaspace       used 44755K, capacity 45231K, committed 45696K, reserved 1089536K
  class space    used 5320K, capacity 5472K, committed 5504K, reserved 1048576K
Event: 41.282 GC heap after
Heap after GC invocations=26 (full 6):
 PSYoungGen      total 1204224K, used 0K [0x000000076ab00000, 0x00000007b7e80000, 0x00000007c0000000)
  eden space 1149440K, 0% used [0x000000076ab00000,0x000000076ab00000,0x00000007b0d80000)
  from space 54784K, 0% used [0x00000007b4900000,0x00000007b4900000,0x00000007b7e80000)
  to   space 57856K, 0% used [0x00000007b0d80000,0x00000007b0d80000,0x00000007b4600000)
 ParOldGen       total 183808K, used 172167K [0x00000006c0000000, 0x00000006cb380000, 0x000000076ab00000)
  object space 183808K, 93% used [0x00000006c0000000,0x00000006ca821e58,0x00000006cb380000)
 Metaspace       used 44755K, capacity 45231K, committed 45696K, reserved 1089536K
  class space    used 5320K, capacity 5472K, committed 5504K, reserved 1048576K
}

