# JRE version: Java(TM) SE Runtime Environment (8.0_77-b03) (build 1.8.0_77-b03)
# Java VM: Java HotSpot(TM) 64-Bit Server VM (25.77-b03 mixed mode windows-amd64 compressed oops)
Heap:
 PSYoungGen      total 1227776K, used 32851K [0x000000076ab00000, 0x00000007b8a00000, 0x00000007c0000000)
  eden space 1182720K, 2% used [0x000000076ab00000,0x000000076cb14e48,0x00000007b2e00000)
  from space 45056K, 0% used [0x00000007b5e00000,0x00000007b5e00000,0x00000007b8a00000)
  to   space 47104K, 0% used [0x00000007b2e00000,0x00000007b2e00000,0x00000007b5c00000)
 ParOldGen       total 367104K, used 203277K [0x00000006c0000000, 0x00000006d6680000, 0x000000076ab00000)
  object space 367104K, 55% used [0x00000006c0000000,0x00000006cc6834a8,0x00000006d6680000)
 Metaspace       used 46187K, capacity 46723K, committed 47104K, reserved 1091584K
  class space    used 5455K, capacity 5624K, committed 5632K, reserved 1048576K
GC Heap History (10 events):
Event: 70.354 GC heap before
{Heap before GC invocations=30 (full 9):
 PSYoungGen      total 1153024K, used 1115219K [0x000000076ab00000, 0x00000007baf00000, 0x00000007c0000000)
  eden space 1096704K, 100% used [0x000000076ab00000,0x00000007ada00000,0x00000007ada00000)
  from space 56320K, 32% used [0x00000007b1000000,0x00000007b2214f30,0x00000007b4700000)
  to   space 55296K, 0% used [0x00000007ada00000,0x00000007ada00000,0x00000007b1000000)
 ParOldGen       total 367104K, used 183137K [0x00000006c0000000, 0x00000006d6680000, 0x000000076ab00000)
  object space 367104K, 49% used [0x00000006c0000000,0x00000006cb2d8680,0x00000006d6680000)
 Metaspace       used 46026K, capacity 46527K, committed 46848K, reserved 1091584K
  class space    used 5442K, capacity 5586K, committed 5632K, reserved 1048576K
Event: 70.362 GC heap after
Heap after GC invocations=30 (full 9):
 PSYoungGen      total 1152000K, used 21492K [0x000000076ab00000, 0x00000007b9880000, 0x00000007c0000000)
  eden space 1096704K, 0% used [0x000000076ab00000,0x000000076ab00000,0x00000007ada00000)
  from space 55296K, 38% used [0x00000007ada00000,0x00000007aeefd260,0x00000007b1000000)
  to   space 53248K, 0% used [0x00000007b6480000,0x00000007b6480000,0x00000007b9880000)
 ParOldGen       total 367104K, used 183137K [0x00000006c0000000, 0x00000006d6680000, 0x000000076ab00000)
  object space 367104K, 49% used [0x00000006c0000000,0x00000006cb2d8680,0x00000006d6680000)
 Metaspace       used 46026K, capacity 46527K, committed 46848K, reserved 1091584K
  class space    used 5442K, capacity 5586K, committed 5632K, reserved 1048576K
}
Event: 80.868 GC heap before
{Heap before GC invocations=31 (full 9):
 PSYoungGen      total 1152000K, used 1118196K [0x000000076ab00000, 0x00000007b9880000, 0x00000007c0000000)
  eden space 1096704K, 100% used [0x000000076ab00000,0x00000007ada00000,0x00000007ada00000)
  from space 55296K, 38% used [0x00000007ada00000,0x00000007aeefd260,0x00000007b1000000)
  to   space 53248K, 0% used [0x00000007b6480000,0x00000007b6480000,0x00000007b9880000)
 ParOldGen       total 367104K, used 183137K [0x00000006c0000000, 0x00000006d6680000, 0x000000076ab00000)
  object space 367104K, 49% used [0x00000006c0000000,0x00000006cb2d8680,0x00000006d6680000)
 Metaspace       used 46107K, capacity 46635K, committed 47104K, reserved 1091584K
  class space    used 5450K, capacity 5620K, committed 5632K, reserved 1048576K
Event: 80.876 GC heap after
Heap after GC invocations=31 (full 9):
 PSYoungGen      total 1165824K, used 21543K [0x000000076ab00000, 0x00000007b7a00000, 0x00000007c0000000)
  eden space 1143808K, 0% used [0x000000076ab00000,0x000000076ab00000,0x00000007b0800000)
  from space 22016K, 97% used [0x00000007b6480000,0x00000007b7989f08,0x00000007b7a00000)
  to   space 51200K, 0% used [0x00000007b1600000,0x00000007b1600000,0x00000007b4800000)
 ParOldGen       total 367104K, used 183145K [0x00000006c0000000, 0x00000006d6680000, 0x000000076ab00000)
  object space 367104K, 49% used [0x00000006c0000000,0x00000006cb2da680,0x00000006d6680000)
 Metaspace       used 46107K, capacity 46635K, committed 47104K, reserved 1091584K
  class space    used 5450K, capacity 5620K, committed 5632K, reserved 1048576K
}
Event: 95.865 GC heap before
{Heap before GC invocations=32 (full 9):
 PSYoungGen      total 1165824K, used 1165351K [0x000000076ab00000, 0x00000007b7a00000, 0x00000007c0000000)
  eden space 1143808K, 100% used [0x000000076ab00000,0x00000007b0800000,0x00000007b0800000)
  from space 22016K, 97% used [0x00000007b6480000,0x00000007b7989f08,0x00000007b7a00000)
  to   space 51200K, 0% used [0x00000007b1600000,0x00000007b1600000,0x00000007b4800000)
 ParOldGen       total 367104K, used 183145K [0x00000006c0000000, 0x00000006d6680000, 0x000000076ab00000)
  object space 367104K, 49% used [0x00000006c0000000,0x00000006cb2da680,0x00000006d6680000)
 Metaspace       used 46163K, capacity 46717K, committed 47104K, reserved 1091584K
  class space    used 5453K, capacity 5623K, committed 5632K, reserved 1048576K
Event: 95.873 GC heap after
Heap after GC invocations=32 (full 9):
 PSYoungGen      total 1209344K, used 22034K [0x000000076ab00000, 0x00000007b8e00000, 0x00000007c0000000)
  eden space 1158144K, 0% used [0x000000076ab00000,0x000000076ab00000,0x00000007b1600000)
  from space 51200K, 43% used [0x00000007b1600000,0x00000007b2b848b8,0x00000007b4800000)
  to   space 49152K, 0% used [0x00000007b5e00000,0x00000007b5e00000,0x00000007b8e00000)
 ParOldGen       total 367104K, used 183145K [0x00000006c0000000, 0x00000006d6680000, 0x000000076ab00000)
  object space 367104K, 49% used [0x00000006c0000000,0x00000006cb2da680,0x00000006d6680000)
 Metaspace       used 46163K, capacity 46717K, committed 47104K, reserved 1091584K
  class space    used 5453K, capacity 5623K, committed 5632K, reserved 1048576K
}
Event: 99.683 GC heap before
{Heap before GC invocations=33 (full 9):
 PSYoungGen      total 1209344K, used 370134K [0x000000076ab00000, 0x00000007b8e00000, 0x00000007c0000000)
  eden space 1158144K, 30% used [0x000000076ab00000,0x000000077fef1040,0x00000007b1600000)
  from space 51200K, 43% used [0x00000007b1600000,0x00000007b2b848b8,0x00000007b4800000)
  to   space 49152K, 0% used [0x00000007b5e00000,0x00000007b5e00000,0x00000007b8e00000)
 ParOldGen       total 367104K, used 183145K [0x00000006c0000000, 0x00000006d6680000, 0x000000076ab00000)
  object space 367104K, 49% used [0x00000006c0000000,0x00000006cb2da680,0x00000006d6680000)
 Metaspace       used 46174K, capacity 46723K, committed 47104K, reserved 1091584K
  class space    used 5453K, capacity 5624K, committed 5632K, reserved 1048576K
Event: 99.691 GC heap after
Heap after GC invocations=33 (full 9):
 PSYoungGen      total 1227776K, used 22299K [0x000000076ab00000, 0x00000007b8a00000, 0x00000007c0000000)
  eden space 1182720K, 0% used [0x000000076ab00000,0x000000076ab00000,0x00000007b2e00000)
  from space 45056K, 49% used [0x00000007b5e00000,0x00000007b73c6ff0,0x00000007b8a00000)
  to   space 47104K, 0% used [0x00000007b2e00000,0x00000007b2e00000,0x00000007b5c00000)
 ParOldGen       total 367104K, used 183145K [0x00000006c0000000, 0x00000006d6680000, 0x000000076ab00000)
  object space 367104K, 49% used [0x00000006c0000000,0x00000006cb2da680,0x00000006d6680000)
 Metaspace       used 46174K, capacity 46723K, committed 47104K, reserved 1091584K
  class space    used 5453K, capacity 5624K, committed 5632K, reserved 1048576K
}
Event: 99.691 GC heap before
{Heap before GC invocations=34 (full 10):
 PSYoungGen      total 1227776K, used 22299K [0x000000076ab00000, 0x00000007b8a00000, 0x00000007c0000000)
  eden space 1182720K, 0% used [0x000000076ab00000,0x000000076ab00000,0x00000007b2e00000)
  from space 45056K, 49% used [0x00000007b5e00000,0x00000007b73c6ff0,0x00000007b8a00000)
  to   space 47104K, 0% used [0x00000007b2e00000,0x00000007b2e00000,0x00000007b5c00000)
 ParOldGen       total 367104K, used 183145K [0x00000006c0000000, 0x00000006d6680000, 0x000000076ab00000)
  object space 367104K, 49% used [0x00000006c0000000,0x00000006cb2da680,0x00000006d6680000)
 Metaspace       used 46174K, capacity 46723K, committed 47104K, reserved 1091584K
  class space    used 5453K, capacity 5624K, committed 5632K, reserved 1048576K
Event: 99.901 GC heap after
Heap after GC invocations=34 (full 10):
 PSYoungGen      total 1227776K, used 0K [0x000000076ab00000, 0x00000007b8a00000, 0x00000007c0000000)
  eden space 1182720K, 0% used [0x000000076ab00000,0x000000076ab00000,0x00000007b2e00000)
  from space 45056K, 0% used [0x00000007b5e00000,0x00000007b5e00000,0x00000007b8a00000)
  to   space 47104K, 0% used [0x00000007b2e00000,0x00000007b2e00000,0x00000007b5c00000)
 ParOldGen       total 367104K, used 203277K [0x00000006c0000000, 0x00000006d6680000, 0x000000076ab00000)
  object space 367104K, 55% used [0x00000006c0000000,0x00000006cc6834a8,0x00000006d6680000)
 Metaspace       used 46174K, capacity 46723K, committed 47104K, reserved 1091584K
  class space    used 5453K, capacity 5624K, committed 5632K, reserved 1048576K
}

