# JRE version: Java(TM) SE Runtime Environment (8.0_101-b13) (build 1.8.0_101-b13)
# Java VM: Java HotSpot(TM) 64-Bit Server VM (25.101-b13 mixed mode windows-amd64 compressed oops)
Heap:
 PSYoungGen      total 960512K, used 451549K [0x000000076ab00000, 0x00000007aa880000, 0x00000007c0000000)
  eden space 920064K, 46% used [0x000000076ab00000,0x0000000785039338,0x00000007a2d80000)
  from space 40448K, 49% used [0x00000007a8100000,0x00000007a94be1b0,0x00000007aa880000)
  to   space 62976K, 0% used [0x00000007a2d80000,0x00000007a2d80000,0x00000007a6b00000)
 ParOldGen       total 185856K, used 160951K [0x00000006c0000000, 0x00000006cb580000, 0x000000076ab00000)
  object space 185856K, 86% used [0x00000006c0000000,0x00000006c9d2dd00,0x00000006cb580000)
 Metaspace       used 44312K, capacity 44705K, committed 45184K, reserved 1089536K
  class space    used 5315K, capacity 5431K, committed 5504K, reserved 1048576K
GC Heap History (10 events):
Event: 19.785 GC heap before
{Heap before GC invocations=19 (full 5):
 PSYoungGen      total 788480K, used 36039K [0x000000076ab00000, 0x000000079f600000, 0x00000007c0000000)
  eden space 718848K, 0% used [0x000000076ab00000,0x000000076ab00000,0x0000000796900000)
  from space 69632K, 51% used [0x000000079b200000,0x000000079d531d70,0x000000079f600000)
  to   space 72192K, 0% used [0x0000000796900000,0x0000000796900000,0x000000079af80000)
 ParOldGen       total 185856K, used 129379K [0x00000006c0000000, 0x00000006cb580000, 0x000000076ab00000)
  object space 185856K, 69% used [0x00000006c0000000,0x00000006c7e58e70,0x00000006cb580000)
 Metaspace       used 41551K, capacity 41937K, committed 42240K, reserved 1085440K
  class space    used 5177K, capacity 5327K, committed 5376K, reserved 1048576K
Event: 20.103 GC heap after
Heap after GC invocations=19 (full 5):
 PSYoungGen      total 788480K, used 0K [0x000000076ab00000, 0x000000079f600000, 0x00000007c0000000)
  eden space 718848K, 0% used [0x000000076ab00000,0x000000076ab00000,0x0000000796900000)
  from space 69632K, 0% used [0x000000079b200000,0x000000079b200000,0x000000079f600000)
  to   space 72192K, 0% used [0x0000000796900000,0x0000000796900000,0x000000079af80000)
 ParOldGen       total 185856K, used 160927K [0x00000006c0000000, 0x00000006cb580000, 0x000000076ab00000)
  object space 185856K, 86% used [0x00000006c0000000,0x00000006c9d27d00,0x00000006cb580000)
 Metaspace       used 41551K, capacity 41937K, committed 42240K, reserved 1085440K
  class space    used 5177K, capacity 5327K, committed 5376K, reserved 1048576K
}
Event: 22.025 GC heap before
{Heap before GC invocations=20 (full 5):
 PSYoungGen      total 788480K, used 718848K [0x000000076ab00000, 0x000000079f600000, 0x00000007c0000000)
  eden space 718848K, 100% used [0x000000076ab00000,0x0000000796900000,0x0000000796900000)
  from space 69632K, 0% used [0x000000079b200000,0x000000079b200000,0x000000079f600000)
  to   space 72192K, 0% used [0x0000000796900000,0x0000000796900000,0x000000079af80000)
 ParOldGen       total 185856K, used 160927K [0x00000006c0000000, 0x00000006cb580000, 0x000000076ab00000)
  object space 185856K, 86% used [0x00000006c0000000,0x00000006c9d27d00,0x00000006cb580000)
 Metaspace       used 43065K, capacity 43489K, committed 43904K, reserved 1087488K
  class space    used 5285K, capacity 5431K, committed 5504K, reserved 1048576K
Event: 22.031 GC heap after
Heap after GC invocations=20 (full 5):
 PSYoungGen      total 791040K, used 15298K [0x000000076ab00000, 0x00000007a7500000, 0x00000007c0000000)
  eden space 718848K, 0% used [0x000000076ab00000,0x000000076ab00000,0x0000000796900000)
  from space 72192K, 21% used [0x0000000796900000,0x00000007977f0a60,0x000000079af80000)
  to   space 70656K, 0% used [0x00000007a3000000,0x00000007a3000000,0x00000007a7500000)
 ParOldGen       total 185856K, used 160935K [0x00000006c0000000, 0x00000006cb580000, 0x000000076ab00000)
  object space 185856K, 86% used [0x00000006c0000000,0x00000006c9d29d00,0x00000006cb580000)
 Metaspace       used 43065K, capacity 43489K, committed 43904K, reserved 1087488K
  class space    used 5285K, capacity 5431K, committed 5504K, reserved 1048576K
}
Event: 26.263 GC heap before
{Heap before GC invocations=21 (full 5):
 PSYoungGen      total 791040K, used 734146K [0x000000076ab00000, 0x00000007a7500000, 0x00000007c0000000)
  eden space 718848K, 100% used [0x000000076ab00000,0x0000000796900000,0x0000000796900000)
  from space 72192K, 21% used [0x0000000796900000,0x00000007977f0a60,0x000000079af80000)
  to   space 70656K, 0% used [0x00000007a3000000,0x00000007a3000000,0x00000007a7500000)
 ParOldGen       total 185856K, used 160935K [0x00000006c0000000, 0x00000006cb580000, 0x000000076ab00000)
  object space 185856K, 86% used [0x00000006c0000000,0x00000006c9d29d00,0x00000006cb580000)
 Metaspace       used 43731K, capacity 44129K, committed 44672K, reserved 1089536K
  class space    used 5300K, capacity 5431K, committed 5504K, reserved 1048576K
Event: 26.280 GC heap after
Heap after GC invocations=21 (full 5):
 PSYoungGen      total 878592K, used 19871K [0x000000076ab00000, 0x00000007a5d00000, 0x00000007c0000000)
  eden space 832512K, 0% used [0x000000076ab00000,0x000000076ab00000,0x000000079d800000)
  from space 46080K, 43% used [0x00000007a3000000,0x00000007a4367c10,0x00000007a5d00000)
  to   space 68096K, 0% used [0x000000079d800000,0x000000079d800000,0x00000007a1a80000)
 ParOldGen       total 185856K, used 160943K [0x00000006c0000000, 0x00000006cb580000, 0x000000076ab00000)
  object space 185856K, 86% used [0x00000006c0000000,0x00000006c9d2bd00,0x00000006cb580000)
 Metaspace       used 43731K, capacity 44129K, committed 44672K, reserved 1089536K
  class space    used 5300K, capacity 5431K, committed 5504K, reserved 1048576K
}
Event: 33.361 GC heap before
{Heap before GC invocations=22 (full 5):
 PSYoungGen      total 878592K, used 852383K [0x000000076ab00000, 0x00000007a5d00000, 0x00000007c0000000)
  eden space 832512K, 100% used [0x000000076ab00000,0x000000079d800000,0x000000079d800000)
  from space 46080K, 43% used [0x00000007a3000000,0x00000007a4367c10,0x00000007a5d00000)
  to   space 68096K, 0% used [0x000000079d800000,0x000000079d800000,0x00000007a1a80000)
 ParOldGen       total 185856K, used 160943K [0x00000006c0000000, 0x00000006cb580000, 0x000000076ab00000)
  object space 185856K, 86% used [0x00000006c0000000,0x00000006c9d2bd00,0x00000006cb580000)
 Metaspace       used 44079K, capacity 44449K, committed 44928K, reserved 1089536K
  class space    used 5304K, capacity 5431K, committed 5504K, reserved 1048576K
Event: 33.370 GC heap after
Heap after GC invocations=22 (full 5):
 PSYoungGen      total 900608K, used 20216K [0x000000076ab00000, 0x00000007ac100000, 0x00000007c0000000)
  eden space 832512K, 0% used [0x000000076ab00000,0x000000076ab00000,0x000000079d800000)
  from space 68096K, 29% used [0x000000079d800000,0x000000079ebbe1b0,0x00000007a1a80000)
  to   space 65536K, 0% used [0x00000007a8100000,0x00000007a8100000,0x00000007ac100000)
 ParOldGen       total 185856K, used 160943K [0x00000006c0000000, 0x00000006cb580000, 0x000000076ab00000)
  object space 185856K, 86% used [0x00000006c0000000,0x00000006c9d2bd00,0x00000006cb580000)
 Metaspace       used 44079K, capacity 44449K, committed 44928K, reserved 1089536K
  class space    used 5304K, capacity 5431K, committed 5504K, reserved 1048576K
}
Event: 40.262 GC heap before
{Heap before GC invocations=23 (full 5):
 PSYoungGen      total 900608K, used 852728K [0x000000076ab00000, 0x00000007ac100000, 0x00000007c0000000)
  eden space 832512K, 100% used [0x000000076ab00000,0x000000079d800000,0x000000079d800000)
  from space 68096K, 29% used [0x000000079d800000,0x000000079ebbe1b0,0x00000007a1a80000)
  to   space 65536K, 0% used [0x00000007a8100000,0x00000007a8100000,0x00000007ac100000)
 ParOldGen       total 185856K, used 160943K [0x00000006c0000000, 0x00000006cb580000, 0x000000076ab00000)
  object space 185856K, 86% used [0x00000006c0000000,0x00000006c9d2bd00,0x00000006cb580000)
 Metaspace       used 44205K, capacity 44577K, committed 44928K, reserved 1089536K
  class space    used 5304K, capacity 5431K, committed 5504K, reserved 1048576K
Event: 40.271 GC heap after
Heap after GC invocations=23 (full 5):
 PSYoungGen      total 960512K, used 20216K [0x000000076ab00000, 0x00000007aa880000, 0x00000007c0000000)
  eden space 920064K, 0% used [0x000000076ab00000,0x000000076ab00000,0x00000007a2d80000)
  from space 40448K, 49% used [0x00000007a8100000,0x00000007a94be1b0,0x00000007aa880000)
  to   space 62976K, 0% used [0x00000007a2d80000,0x00000007a2d80000,0x00000007a6b00000)
 ParOldGen       total 185856K, used 160951K [0x00000006c0000000, 0x00000006cb580000, 0x000000076ab00000)
  object space 185856K, 86% used [0x00000006c0000000,0x00000006c9d2dd00,0x00000006cb580000)
 Metaspace       used 44205K, capacity 44577K, committed 44928K, reserved 1089536K
  class space    used 5304K, capacity 5431K, committed 5504K, reserved 1048576K
}

