# JRE version: Java(TM) SE Runtime Environment (8.0_101-b13) (build 1.8.0_101-b13)
# Java VM: Java HotSpot(TM) 64-Bit Server VM (25.101-b13 mixed mode windows-amd64 compressed oops)
Heap:
 PSYoungGen      total 1001984K, used 660348K [0x000000076ab00000, 0x00000007b0d80000, 0x00000007c0000000)
  eden space 939008K, 68% used [0x000000076ab00000,0x0000000791d81520,0x00000007a4000000)
  from space 62976K, 29% used [0x00000007a4000000,0x00000007a525db00,0x00000007a7d80000)
  to   space 60416K, 0% used [0x00000007ad280000,0x00000007ad280000,0x00000007b0d80000)
 ParOldGen       total 186880K, used 162350K [0x00000006c0000000, 0x00000006cb680000, 0x000000076ab00000)
  object space 186880K, 86% used [0x00000006c0000000,0x00000006c9e8bb80,0x00000006cb680000)
 Metaspace       used 44483K, capacity 44877K, committed 45184K, reserved 1089536K
  class space    used 5322K, capacity 5465K, committed 5504K, reserved 1048576K
GC Heap History (10 events):
Event: 21.967 GC heap before
{Heap before GC invocations=20 (full 5):
 PSYoungGen      total 792064K, used 721920K [0x000000076ab00000, 0x000000079f800000, 0x00000007c0000000)
  eden space 721920K, 100% used [0x000000076ab00000,0x0000000796c00000,0x0000000796c00000)
  from space 70144K, 0% used [0x000000079b380000,0x000000079b380000,0x000000079f800000)
  to   space 71680K, 0% used [0x0000000796c00000,0x0000000796c00000,0x000000079b200000)
 ParOldGen       total 186880K, used 162310K [0x00000006c0000000, 0x00000006cb680000, 0x000000076ab00000)
  object space 186880K, 86% used [0x00000006c0000000,0x00000006c9e81b80,0x00000006cb680000)
 Metaspace       used 43031K, capacity 43425K, committed 43904K, reserved 1087488K
  class space    used 5285K, capacity 5431K, committed 5504K, reserved 1048576K
Event: 21.973 GC heap after
Heap after GC invocations=20 (full 5):
 PSYoungGen      total 793600K, used 13618K [0x000000076ab00000, 0x00000007a7e00000, 0x00000007c0000000)
  eden space 721920K, 0% used [0x000000076ab00000,0x000000076ab00000,0x0000000796c00000)
  from space 71680K, 18% used [0x0000000796c00000,0x000000079794ca00,0x000000079b200000)
  to   space 70144K, 0% used [0x00000007a3980000,0x00000007a3980000,0x00000007a7e00000)
 ParOldGen       total 186880K, used 162318K [0x00000006c0000000, 0x00000006cb680000, 0x000000076ab00000)
  object space 186880K, 86% used [0x00000006c0000000,0x00000006c9e83b80,0x00000006cb680000)
 Metaspace       used 43031K, capacity 43425K, committed 43904K, reserved 1087488K
  class space    used 5285K, capacity 5431K, committed 5504K, reserved 1048576K
}
Event: 25.581 GC heap before
{Heap before GC invocations=21 (full 5):
 PSYoungGen      total 793600K, used 735538K [0x000000076ab00000, 0x00000007a7e00000, 0x00000007c0000000)
  eden space 721920K, 100% used [0x000000076ab00000,0x0000000796c00000,0x0000000796c00000)
  from space 71680K, 18% used [0x0000000796c00000,0x000000079794ca00,0x000000079b200000)
  to   space 70144K, 0% used [0x00000007a3980000,0x00000007a3980000,0x00000007a7e00000)
 ParOldGen       total 186880K, used 162318K [0x00000006c0000000, 0x00000006cb680000, 0x000000076ab00000)
  object space 186880K, 86% used [0x00000006c0000000,0x00000006c9e83b80,0x00000006cb680000)
 Metaspace       used 43688K, capacity 44065K, committed 44416K, reserved 1087488K
  class space    used 5297K, capacity 5431K, committed 5504K, reserved 1048576K
Event: 25.592 GC heap after
Heap after GC invocations=21 (full 5):
 PSYoungGen      total 886272K, used 18594K [0x000000076ab00000, 0x00000007a6580000, 0x00000007c0000000)
  eden space 841216K, 0% used [0x000000076ab00000,0x000000076ab00000,0x000000079e080000)
  from space 45056K, 41% used [0x00000007a3980000,0x00000007a4ba8948,0x00000007a6580000)
  to   space 68096K, 0% used [0x000000079e080000,0x000000079e080000,0x00000007a2300000)
 ParOldGen       total 186880K, used 162326K [0x00000006c0000000, 0x00000006cb680000, 0x000000076ab00000)
  object space 186880K, 86% used [0x00000006c0000000,0x00000006c9e85b80,0x00000006cb680000)
 Metaspace       used 43688K, capacity 44065K, committed 44416K, reserved 1087488K
  class space    used 5297K, capacity 5431K, committed 5504K, reserved 1048576K
}
Event: 30.883 GC heap before
{Heap before GC invocations=22 (full 5):
 PSYoungGen      total 886272K, used 859810K [0x000000076ab00000, 0x00000007a6580000, 0x00000007c0000000)
  eden space 841216K, 100% used [0x000000076ab00000,0x000000079e080000,0x000000079e080000)
  from space 45056K, 41% used [0x00000007a3980000,0x00000007a4ba8948,0x00000007a6580000)
  to   space 68096K, 0% used [0x000000079e080000,0x000000079e080000,0x00000007a2300000)
 ParOldGen       total 186880K, used 162326K [0x00000006c0000000, 0x00000006cb680000, 0x000000076ab00000)
  object space 186880K, 86% used [0x00000006c0000000,0x00000006c9e85b80,0x00000006cb680000)
 Metaspace       used 44048K, capacity 44481K, committed 44928K, reserved 1089536K
  class space    used 5309K, capacity 5463K, committed 5504K, reserved 1048576K
Event: 30.902 GC heap after
Heap after GC invocations=22 (full 5):
 PSYoungGen      total 909312K, used 18918K [0x000000076ab00000, 0x00000007ad500000, 0x00000007c0000000)
  eden space 841216K, 0% used [0x000000076ab00000,0x000000076ab00000,0x000000079e080000)
  from space 68096K, 27% used [0x000000079e080000,0x000000079f2f9b10,0x00000007a2300000)
  to   space 65536K, 0% used [0x00000007a9500000,0x00000007a9500000,0x00000007ad500000)
 ParOldGen       total 186880K, used 162334K [0x00000006c0000000, 0x00000006cb680000, 0x000000076ab00000)
  object space 186880K, 86% used [0x00000006c0000000,0x00000006c9e87b80,0x00000006cb680000)
 Metaspace       used 44048K, capacity 44481K, committed 44928K, reserved 1089536K
  class space    used 5309K, capacity 5463K, committed 5504K, reserved 1048576K
}
Event: 37.432 GC heap before
{Heap before GC invocations=23 (full 5):
 PSYoungGen      total 909312K, used 860134K [0x000000076ab00000, 0x00000007ad500000, 0x00000007c0000000)
  eden space 841216K, 100% used [0x000000076ab00000,0x000000079e080000,0x000000079e080000)
  from space 68096K, 27% used [0x000000079e080000,0x000000079f2f9b10,0x00000007a2300000)
  to   space 65536K, 0% used [0x00000007a9500000,0x00000007a9500000,0x00000007ad500000)
 ParOldGen       total 186880K, used 162334K [0x00000006c0000000, 0x00000006cb680000, 0x000000076ab00000)
  object space 186880K, 86% used [0x00000006c0000000,0x00000006c9e87b80,0x00000006cb680000)
 Metaspace       used 44288K, capacity 44737K, committed 45184K, reserved 1089536K
  class space    used 5309K, capacity 5463K, committed 5504K, reserved 1048576K
Event: 37.440 GC heap after
Heap after GC invocations=23 (full 5):
 PSYoungGen      total 977920K, used 18806K [0x000000076ab00000, 0x00000007abb00000, 0x00000007c0000000)
  eden space 939008K, 0% used [0x000000076ab00000,0x000000076ab00000,0x00000007a4000000)
  from space 38912K, 48% used [0x00000007a9500000,0x00000007aa75db00,0x00000007abb00000)
  to   space 62976K, 0% used [0x00000007a4000000,0x00000007a4000000,0x00000007a7d80000)
 ParOldGen       total 186880K, used 162342K [0x00000006c0000000, 0x00000006cb680000, 0x000000076ab00000)
  object space 186880K, 86% used [0x00000006c0000000,0x00000006c9e89b80,0x00000006cb680000)
 Metaspace       used 44288K, capacity 44737K, committed 45184K, reserved 1089536K
  class space    used 5309K, capacity 5463K, committed 5504K, reserved 1048576K
}
Event: 44.932 GC heap before
{Heap before GC invocations=24 (full 5):
 PSYoungGen      total 977920K, used 957814K [0x000000076ab00000, 0x00000007abb00000, 0x00000007c0000000)
  eden space 939008K, 100% used [0x000000076ab00000,0x00000007a4000000,0x00000007a4000000)
  from space 38912K, 48% used [0x00000007a9500000,0x00000007aa75db00,0x00000007abb00000)
  to   space 62976K, 0% used [0x00000007a4000000,0x00000007a4000000,0x00000007a7d80000)
 ParOldGen       total 186880K, used 162342K [0x00000006c0000000, 0x00000006cb680000, 0x000000076ab00000)
  object space 186880K, 86% used [0x00000006c0000000,0x00000006c9e89b80,0x00000006cb680000)
 Metaspace       used 44368K, capacity 44813K, committed 45184K, reserved 1089536K
  class space    used 5310K, capacity 5465K, committed 5504K, reserved 1048576K
Event: 44.940 GC heap after
Heap after GC invocations=24 (full 5):
 PSYoungGen      total 1001984K, used 18806K [0x000000076ab00000, 0x00000007b0d80000, 0x00000007c0000000)
  eden space 939008K, 0% used [0x000000076ab00000,0x000000076ab00000,0x00000007a4000000)
  from space 62976K, 29% used [0x00000007a4000000,0x00000007a525db00,0x00000007a7d80000)
  to   space 60416K, 0% used [0x00000007ad280000,0x00000007ad280000,0x00000007b0d80000)
 ParOldGen       total 186880K, used 162350K [0x00000006c0000000, 0x00000006cb680000, 0x000000076ab00000)
  object space 186880K, 86% used [0x00000006c0000000,0x00000006c9e8bb80,0x00000006cb680000)
 Metaspace       used 44368K, capacity 44813K, committed 45184K, reserved 1089536K
  class space    used 5310K, capacity 5465K, committed 5504K, reserved 1048576K
}

