# JRE version: Java(TM) SE Runtime Environment (8.0_77-b03) (build 1.8.0_77-b03)
# Java VM: Java HotSpot(TM) 64-Bit Server VM (25.77-b03 mixed mode windows-amd64 compressed oops)
Heap:
 PSYoungGen      total 1242624K, used 37672K [0x000000076ab00000, 0x00000007b9e80000, 0x00000007c0000000)
  eden space 1190400K, 3% used [0x000000076ab00000,0x000000076cfca088,0x00000007b3580000)
  from space 52224K, 0% used [0x00000007b6b80000,0x00000007b6b80000,0x00000007b9e80000)
  to   space 53760K, 0% used [0x00000007b3580000,0x00000007b3580000,0x00000007b6a00000)
 ParOldGen       total 316416K, used 179216K [0x00000006c0000000, 0x00000006d3500000, 0x000000076ab00000)
  object space 316416K, 56% used [0x00000006c0000000,0x00000006caf04308,0x00000006d3500000)
 Metaspace       used 43334K, capacity 43881K, committed 44288K, reserved 1087488K
  class space    used 5193K, capacity 5353K, committed 5376K, reserved 1048576K
GC Heap History (10 events):
Event: 43.419 GC heap before
{Heap before GC invocations=20 (full 5):
 PSYoungGen      total 959488K, used 906496K [0x000000076ab00000, 0x00000007b6100000, 0x00000007c0000000)
  eden space 902144K, 100% used [0x000000076ab00000,0x00000007a1c00000,0x00000007a1c00000)
  from space 57344K, 7% used [0x00000007a5580000,0x00000007a59c0348,0x00000007a8d80000)
  to   space 58880K, 0% used [0x00000007a1c00000,0x00000007a1c00000,0x00000007a5580000)
 ParOldGen       total 316416K, used 169467K [0x00000006c0000000, 0x00000006d3500000, 0x000000076ab00000)
  object space 316416K, 53% used [0x00000006c0000000,0x00000006ca57ec88,0x00000006d3500000)
 Metaspace       used 43010K, capacity 43495K, committed 43776K, reserved 1087488K
  class space    used 5178K, capacity 5342K, committed 5376K, reserved 1048576K
Event: 43.424 GC heap after
Heap after GC invocations=20 (full 5):
 PSYoungGen      total 961024K, used 9989K [0x000000076ab00000, 0x00000007b3d80000, 0x00000007c0000000)
  eden space 902144K, 0% used [0x000000076ab00000,0x000000076ab00000,0x00000007a1c00000)
  from space 58880K, 16% used [0x00000007a1c00000,0x00000007a25c1680,0x00000007a5580000)
  to   space 58368K, 0% used [0x00000007b0480000,0x00000007b0480000,0x00000007b3d80000)
 ParOldGen       total 316416K, used 169475K [0x00000006c0000000, 0x00000006d3500000, 0x000000076ab00000)
  object space 316416K, 53% used [0x00000006c0000000,0x00000006ca580c88,0x00000006d3500000)
 Metaspace       used 43010K, capacity 43495K, committed 43776K, reserved 1087488K
  class space    used 5178K, capacity 5342K, committed 5376K, reserved 1048576K
}
Event: 53.017 GC heap before
{Heap before GC invocations=21 (full 5):
 PSYoungGen      total 961024K, used 912133K [0x000000076ab00000, 0x00000007b3d80000, 0x00000007c0000000)
  eden space 902144K, 100% used [0x000000076ab00000,0x00000007a1c00000,0x00000007a1c00000)
  from space 58880K, 16% used [0x00000007a1c00000,0x00000007a25c1680,0x00000007a5580000)
  to   space 58368K, 0% used [0x00000007b0480000,0x00000007b0480000,0x00000007b3d80000)
 ParOldGen       total 316416K, used 169475K [0x00000006c0000000, 0x00000006d3500000, 0x000000076ab00000)
  object space 316416K, 53% used [0x00000006c0000000,0x00000006ca580c88,0x00000006d3500000)
 Metaspace       used 43136K, capacity 43671K, committed 44032K, reserved 1087488K
  class space    used 5184K, capacity 5350K, committed 5376K, reserved 1048576K
Event: 53.024 GC heap after
Heap after GC invocations=21 (full 5):
 PSYoungGen      total 1073664K, used 15325K [0x000000076ab00000, 0x00000007b1b80000, 0x00000007c0000000)
  eden space 1050112K, 0% used [0x000000076ab00000,0x000000076ab00000,0x00000007aac80000)
  from space 23552K, 65% used [0x00000007b0480000,0x00000007b1377738,0x00000007b1b80000)
  to   space 56832K, 0% used [0x00000007aac80000,0x00000007aac80000,0x00000007ae400000)
 ParOldGen       total 316416K, used 169483K [0x00000006c0000000, 0x00000006d3500000, 0x000000076ab00000)
  object space 316416K, 53% used [0x00000006c0000000,0x00000006ca582c88,0x00000006d3500000)
 Metaspace       used 43136K, capacity 43671K, committed 44032K, reserved 1087488K
  class space    used 5184K, capacity 5350K, committed 5376K, reserved 1048576K
}
Event: 61.234 GC heap before
{Heap before GC invocations=22 (full 5):
 PSYoungGen      total 1073664K, used 1065437K [0x000000076ab00000, 0x00000007b1b80000, 0x00000007c0000000)
  eden space 1050112K, 100% used [0x000000076ab00000,0x00000007aac80000,0x00000007aac80000)
  from space 23552K, 65% used [0x00000007b0480000,0x00000007b1377738,0x00000007b1b80000)
  to   space 56832K, 0% used [0x00000007aac80000,0x00000007aac80000,0x00000007ae400000)
 ParOldGen       total 316416K, used 169483K [0x00000006c0000000, 0x00000006d3500000, 0x000000076ab00000)
  object space 316416K, 53% used [0x00000006c0000000,0x00000006ca582c88,0x00000006d3500000)
 Metaspace       used 43168K, capacity 43677K, committed 44032K, reserved 1087488K
  class space    used 5185K, capacity 5351K, committed 5376K, reserved 1048576K
Event: 61.240 GC heap after
Heap after GC invocations=22 (full 5):
 PSYoungGen      total 1106944K, used 14170K [0x000000076ab00000, 0x00000007ba180000, 0x00000007c0000000)
  eden space 1050112K, 0% used [0x000000076ab00000,0x000000076ab00000,0x00000007aac80000)
  from space 56832K, 24% used [0x00000007aac80000,0x00000007aba568d8,0x00000007ae400000)
  to   space 55296K, 0% used [0x00000007b6b80000,0x00000007b6b80000,0x00000007ba180000)
 ParOldGen       total 316416K, used 169483K [0x00000006c0000000, 0x00000006d3500000, 0x000000076ab00000)
  object space 316416K, 53% used [0x00000006c0000000,0x00000006ca582c88,0x00000006d3500000)
 Metaspace       used 43168K, capacity 43677K, committed 44032K, reserved 1087488K
  class space    used 5185K, capacity 5351K, committed 5376K, reserved 1048576K
}
Event: 73.948 GC heap before
{Heap before GC invocations=23 (full 5):
 PSYoungGen      total 1106944K, used 910834K [0x000000076ab00000, 0x00000007ba180000, 0x00000007c0000000)
  eden space 1050112K, 85% used [0x000000076ab00000,0x00000007a16a62f8,0x00000007aac80000)
  from space 56832K, 24% used [0x00000007aac80000,0x00000007aba568d8,0x00000007ae400000)
  to   space 55296K, 0% used [0x00000007b6b80000,0x00000007b6b80000,0x00000007ba180000)
 ParOldGen       total 316416K, used 169483K [0x00000006c0000000, 0x00000006d3500000, 0x000000076ab00000)
  object space 316416K, 53% used [0x00000006c0000000,0x00000006ca582c88,0x00000006d3500000)
 Metaspace       used 43324K, capacity 43881K, committed 44288K, reserved 1087488K
  class space    used 5192K, capacity 5353K, committed 5376K, reserved 1048576K
Event: 73.957 GC heap after
Heap after GC invocations=23 (full 5):
 PSYoungGen      total 1242624K, used 14601K [0x000000076ab00000, 0x00000007b9e80000, 0x00000007c0000000)
  eden space 1190400K, 0% used [0x000000076ab00000,0x000000076ab00000,0x00000007b3580000)
  from space 52224K, 27% used [0x00000007b6b80000,0x00000007b79c2498,0x00000007b9e80000)
  to   space 53760K, 0% used [0x00000007b3580000,0x00000007b3580000,0x00000007b6a00000)
 ParOldGen       total 316416K, used 169491K [0x00000006c0000000, 0x00000006d3500000, 0x000000076ab00000)
  object space 316416K, 53% used [0x00000006c0000000,0x00000006ca584c88,0x00000006d3500000)
 Metaspace       used 43324K, capacity 43881K, committed 44288K, reserved 1087488K
  class space    used 5192K, capacity 5353K, committed 5376K, reserved 1048576K
}
Event: 73.957 GC heap before
{Heap before GC invocations=24 (full 6):
 PSYoungGen      total 1242624K, used 14601K [0x000000076ab00000, 0x00000007b9e80000, 0x00000007c0000000)
  eden space 1190400K, 0% used [0x000000076ab00000,0x000000076ab00000,0x00000007b3580000)
  from space 52224K, 27% used [0x00000007b6b80000,0x00000007b79c2498,0x00000007b9e80000)
  to   space 53760K, 0% used [0x00000007b3580000,0x00000007b3580000,0x00000007b6a00000)
 ParOldGen       total 316416K, used 169491K [0x00000006c0000000, 0x00000006d3500000, 0x000000076ab00000)
  object space 316416K, 53% used [0x00000006c0000000,0x00000006ca584c88,0x00000006d3500000)
 Metaspace       used 43324K, capacity 43881K, committed 44288K, reserved 1087488K
  class space    used 5192K, capacity 5353K, committed 5376K, reserved 1048576K
Event: 74.196 GC heap after
Heap after GC invocations=24 (full 6):
 PSYoungGen      total 1242624K, used 0K [0x000000076ab00000, 0x00000007b9e80000, 0x00000007c0000000)
  eden space 1190400K, 0% used [0x000000076ab00000,0x000000076ab00000,0x00000007b3580000)
  from space 52224K, 0% used [0x00000007b6b80000,0x00000007b6b80000,0x00000007b9e80000)
  to   space 53760K, 0% used [0x00000007b3580000,0x00000007b3580000,0x00000007b6a00000)
 ParOldGen       total 316416K, used 179216K [0x00000006c0000000, 0x00000006d3500000, 0x000000076ab00000)
  object space 316416K, 56% used [0x00000006c0000000,0x00000006caf04308,0x00000006d3500000)
 Metaspace       used 43324K, capacity 43881K, committed 44288K, reserved 1087488K
  class space    used 5192K, capacity 5353K, committed 5376K, reserved 1048576K
}

