# JRE version: Java(TM) SE Runtime Environment (8.0_77-b03) (build 1.8.0_77-b03)
# Java VM: Java HotSpot(TM) 64-Bit Server VM (25.77-b03 mixed mode windows-amd64 compressed oops)
Heap:
 PSYoungGen      total 1323520K, used 1189269K [0x000000076ab00000, 0x00000007c0000000, 0x00000007c0000000)
  eden space 1249280K, 90% used [0x000000076ab00000,0x00000007b00e7108,0x00000007b6f00000)
  from space 74240K, 71% used [0x00000007bb780000,0x00000007beafe330,0x00000007c0000000)
  to   space 74240K, 0% used [0x00000007b6f00000,0x00000007b6f00000,0x00000007bb780000)
 ParOldGen       total 178688K, used 155976K [0x00000006c0000000, 0x00000006cae80000, 0x000000076ab00000)
  object space 178688K, 87% used [0x00000006c0000000,0x00000006c9852380,0x00000006cae80000)
 Metaspace       used 43308K, capacity 43787K, committed 44032K, reserved 1087488K
  class space    used 5189K, capacity 5358K, committed 5376K, reserved 1048576K
GC Heap History (10 events):
Event: 113.007 GC heap before
{Heap before GC invocations=26 (full 4):
 PSYoungGen      total 1309696K, used 1290058K [0x000000076ab00000, 0x00000007c0000000, 0x00000007c0000000)
  eden space 1238528K, 100% used [0x000000076ab00000,0x00000007b6480000,0x00000007b6480000)
  from space 71168K, 72% used [0x00000007b6480000,0x00000007b96d2b60,0x00000007baa00000)
  to   space 72192K, 0% used [0x00000007bb980000,0x00000007bb980000,0x00000007c0000000)
 ParOldGen       total 178688K, used 155952K [0x00000006c0000000, 0x00000006cae80000, 0x000000076ab00000)
  object space 178688K, 87% used [0x00000006c0000000,0x00000006c984c380,0x00000006cae80000)
 Metaspace       used 43139K, capacity 43609K, committed 44032K, reserved 1087488K
  class space    used 5180K, capacity 5323K, committed 5376K, reserved 1048576K
Event: 113.023 GC heap after
Heap after GC invocations=26 (full 4):
 PSYoungGen      total 1323520K, used 51521K [0x000000076ab00000, 0x00000007c0000000, 0x00000007c0000000)
  eden space 1251328K, 0% used [0x000000076ab00000,0x000000076ab00000,0x00000007b7100000)
  from space 72192K, 71% used [0x00000007bb980000,0x00000007bebd04d0,0x00000007c0000000)
  to   space 73216K, 0% used [0x00000007b7100000,0x00000007b7100000,0x00000007bb880000)
 ParOldGen       total 178688K, used 155960K [0x00000006c0000000, 0x00000006cae80000, 0x000000076ab00000)
  object space 178688K, 87% used [0x00000006c0000000,0x00000006c984e380,0x00000006cae80000)
 Metaspace       used 43139K, capacity 43609K, committed 44032K, reserved 1087488K
  class space    used 5180K, capacity 5323K, committed 5376K, reserved 1048576K
}
Event: 127.336 GC heap before
{Heap before GC invocations=27 (full 4):
 PSYoungGen      total 1323520K, used 1302849K [0x000000076ab00000, 0x00000007c0000000, 0x00000007c0000000)
  eden space 1251328K, 100% used [0x000000076ab00000,0x00000007b7100000,0x00000007b7100000)
  from space 72192K, 71% used [0x00000007bb980000,0x00000007bebd04d0,0x00000007c0000000)
  to   space 73216K, 0% used [0x00000007b7100000,0x00000007b7100000,0x00000007bb880000)
 ParOldGen       total 178688K, used 155960K [0x00000006c0000000, 0x00000006cae80000, 0x000000076ab00000)
  object space 178688K, 87% used [0x00000006c0000000,0x00000006c984e380,0x00000006cae80000)
 Metaspace       used 43223K, capacity 43705K, committed 44032K, reserved 1087488K
  class space    used 5186K, capacity 5355K, committed 5376K, reserved 1048576K
Event: 127.352 GC heap after
Heap after GC invocations=27 (full 4):
 PSYoungGen      total 1304064K, used 52627K [0x000000076ab00000, 0x00000007c0000000, 0x00000007c0000000)
  eden space 1251328K, 0% used [0x000000076ab00000,0x000000076ab00000,0x00000007b7100000)
  from space 52736K, 99% used [0x00000007b7100000,0x00000007ba464d90,0x00000007ba480000)
  to   space 74240K, 0% used [0x00000007bb780000,0x00000007bb780000,0x00000007c0000000)
 ParOldGen       total 178688K, used 155960K [0x00000006c0000000, 0x00000006cae80000, 0x000000076ab00000)
  object space 178688K, 87% used [0x00000006c0000000,0x00000006c984e380,0x00000006cae80000)
 Metaspace       used 43223K, capacity 43705K, committed 44032K, reserved 1087488K
  class space    used 5186K, capacity 5355K, committed 5376K, reserved 1048576K
}
Event: 145.348 GC heap before
{Heap before GC invocations=28 (full 4):
 PSYoungGen      total 1304064K, used 1303955K [0x000000076ab00000, 0x00000007c0000000, 0x00000007c0000000)
  eden space 1251328K, 100% used [0x000000076ab00000,0x00000007b7100000,0x00000007b7100000)
  from space 52736K, 99% used [0x00000007b7100000,0x00000007ba464d90,0x00000007ba480000)
  to   space 74240K, 0% used [0x00000007bb780000,0x00000007bb780000,0x00000007c0000000)
 ParOldGen       total 178688K, used 155960K [0x00000006c0000000, 0x00000006cae80000, 0x000000076ab00000)
  object space 178688K, 87% used [0x00000006c0000000,0x00000006c984e380,0x00000006cae80000)
 Metaspace       used 43254K, capacity 43717K, committed 44032K, reserved 1087488K
  class space    used 5187K, capacity 5357K, committed 5376K, reserved 1048576K
Event: 145.364 GC heap after
Heap after GC invocations=28 (full 4):
 PSYoungGen      total 1323520K, used 51879K [0x000000076ab00000, 0x00000007c0000000, 0x00000007c0000000)
  eden space 1249280K, 0% used [0x000000076ab00000,0x000000076ab00000,0x00000007b6f00000)
  from space 74240K, 69% used [0x00000007bb780000,0x00000007bea29d90,0x00000007c0000000)
  to   space 74240K, 0% used [0x00000007b6f00000,0x00000007b6f00000,0x00000007bb780000)
 ParOldGen       total 178688K, used 155968K [0x00000006c0000000, 0x00000006cae80000, 0x000000076ab00000)
  object space 178688K, 87% used [0x00000006c0000000,0x00000006c9850380,0x00000006cae80000)
 Metaspace       used 43254K, capacity 43717K, committed 44032K, reserved 1087488K
  class space    used 5187K, capacity 5357K, committed 5376K, reserved 1048576K
}
Event: 164.781 GC heap before
{Heap before GC invocations=29 (full 4):
 PSYoungGen      total 1323520K, used 1301159K [0x000000076ab00000, 0x00000007c0000000, 0x00000007c0000000)
  eden space 1249280K, 100% used [0x000000076ab00000,0x00000007b6f00000,0x00000007b6f00000)
  from space 74240K, 69% used [0x00000007bb780000,0x00000007bea29d90,0x00000007c0000000)
  to   space 74240K, 0% used [0x00000007b6f00000,0x00000007b6f00000,0x00000007bb780000)
 ParOldGen       total 178688K, used 155968K [0x00000006c0000000, 0x00000006cae80000, 0x000000076ab00000)
  object space 178688K, 87% used [0x00000006c0000000,0x00000006c9850380,0x00000006cae80000)
 Metaspace       used 43273K, capacity 43781K, committed 44032K, reserved 1087488K
  class space    used 5187K, capacity 5357K, committed 5376K, reserved 1048576K
Event: 164.796 GC heap after
Heap after GC invocations=29 (full 4):
 PSYoungGen      total 1323520K, used 51845K [0x000000076ab00000, 0x00000007c0000000, 0x00000007c0000000)
  eden space 1249280K, 0% used [0x000000076ab00000,0x000000076ab00000,0x00000007b6f00000)
  from space 74240K, 69% used [0x00000007b6f00000,0x00000007ba1a17e0,0x00000007bb780000)
  to   space 74240K, 0% used [0x00000007bb780000,0x00000007bb780000,0x00000007c0000000)
 ParOldGen       total 178688K, used 155968K [0x00000006c0000000, 0x00000006cae80000, 0x000000076ab00000)
  object space 178688K, 87% used [0x00000006c0000000,0x00000006c9850380,0x00000006cae80000)
 Metaspace       used 43273K, capacity 43781K, committed 44032K, reserved 1087488K
  class space    used 5187K, capacity 5357K, committed 5376K, reserved 1048576K
}
Event: 188.749 GC heap before
{Heap before GC invocations=30 (full 4):
 PSYoungGen      total 1323520K, used 1301125K [0x000000076ab00000, 0x00000007c0000000, 0x00000007c0000000)
  eden space 1249280K, 100% used [0x000000076ab00000,0x00000007b6f00000,0x00000007b6f00000)
  from space 74240K, 69% used [0x00000007b6f00000,0x00000007ba1a17e0,0x00000007bb780000)
  to   space 74240K, 0% used [0x00000007bb780000,0x00000007bb780000,0x00000007c0000000)
 ParOldGen       total 178688K, used 155968K [0x00000006c0000000, 0x00000006cae80000, 0x000000076ab00000)
  object space 178688K, 87% used [0x00000006c0000000,0x00000006c9850380,0x00000006cae80000)
 Metaspace       used 43285K, capacity 43787K, committed 44032K, reserved 1087488K
  class space    used 5187K, capacity 5358K, committed 5376K, reserved 1048576K
Event: 188.765 GC heap after
Heap after GC invocations=30 (full 4):
 PSYoungGen      total 1323520K, used 52728K [0x000000076ab00000, 0x00000007c0000000, 0x00000007c0000000)
  eden space 1249280K, 0% used [0x000000076ab00000,0x000000076ab00000,0x00000007b6f00000)
  from space 74240K, 71% used [0x00000007bb780000,0x00000007beafe330,0x00000007c0000000)
  to   space 74240K, 0% used [0x00000007b6f00000,0x00000007b6f00000,0x00000007bb780000)
 ParOldGen       total 178688K, used 155976K [0x00000006c0000000, 0x00000006cae80000, 0x000000076ab00000)
  object space 178688K, 87% used [0x00000006c0000000,0x00000006c9852380,0x00000006cae80000)
 Metaspace       used 43285K, capacity 43787K, committed 44032K, reserved 1087488K
  class space    used 5187K, capacity 5358K, committed 5376K, reserved 1048576K
}

