# JRE version: Java(TM) SE Runtime Environment (8.0_77-b03) (build 1.8.0_77-b03)
# Java VM: Java HotSpot(TM) 64-Bit Server VM (25.77-b03 mixed mode windows-amd64 compressed oops)
Heap:
 PSYoungGen      total 1117696K, used 26620K [0x000000076ab00000, 0x00000007b2f80000, 0x00000007c0000000)
  eden space 1056256K, 2% used [0x000000076ab00000,0x000000076c4ff150,0x00000007ab280000)
  from space 61440K, 0% used [0x00000007af380000,0x00000007af380000,0x00000007b2f80000)
  to   space 64000K, 0% used [0x00000007ab280000,0x00000007ab280000,0x00000007af100000)
 ParOldGen       total 181760K, used 171382K [0x00000006c0000000, 0x00000006cb180000, 0x000000076ab00000)
  object space 181760K, 94% used [0x00000006c0000000,0x00000006ca75dbf8,0x00000006cb180000)
 Metaspace       used 44449K, capacity 44877K, committed 45184K, reserved 1089536K
  class space    used 5301K, capacity 5439K, committed 5504K, reserved 1048576K
GC Heap History (10 events):
Event: 36.325 GC heap before
{Heap before GC invocations=20 (full 5):
 PSYoungGen      total 837120K, used 767488K [0x000000076ab00000, 0x00000007a2680000, 0x00000007c0000000)
  eden space 767488K, 100% used [0x000000076ab00000,0x0000000799880000,0x0000000799880000)
  from space 69632K, 0% used [0x000000079e280000,0x000000079e280000,0x00000007a2680000)
  to   space 72704K, 0% used [0x0000000799880000,0x0000000799880000,0x000000079df80000)
 ParOldGen       total 181760K, used 159663K [0x00000006c0000000, 0x00000006cb180000, 0x000000076ab00000)
  object space 181760K, 87% used [0x00000006c0000000,0x00000006c9bebfa8,0x00000006cb180000)
 Metaspace       used 43485K, capacity 43917K, committed 44416K, reserved 1087488K
  class space    used 5282K, capacity 5439K, committed 5504K, reserved 1048576K
Event: 36.333 GC heap after
Heap after GC invocations=20 (full 5):
 PSYoungGen      total 840192K, used 13093K [0x000000076ab00000, 0x00000007acb80000, 0x00000007c0000000)
  eden space 767488K, 0% used [0x000000076ab00000,0x000000076ab00000,0x0000000799880000)
  from space 72704K, 18% used [0x0000000799880000,0x000000079a5496d8,0x000000079df80000)
  to   space 71680K, 0% used [0x00000007a8580000,0x00000007a8580000,0x00000007acb80000)
 ParOldGen       total 181760K, used 159671K [0x00000006c0000000, 0x00000006cb180000, 0x000000076ab00000)
  object space 181760K, 87% used [0x00000006c0000000,0x00000006c9bedfa8,0x00000006cb180000)
 Metaspace       used 43485K, capacity 43917K, committed 44416K, reserved 1087488K
  class space    used 5282K, capacity 5439K, committed 5504K, reserved 1048576K
}
Event: 39.487 GC heap before
{Heap before GC invocations=21 (full 5):
 PSYoungGen      total 840192K, used 780581K [0x000000076ab00000, 0x00000007acb80000, 0x00000007c0000000)
  eden space 767488K, 100% used [0x000000076ab00000,0x0000000799880000,0x0000000799880000)
  from space 72704K, 18% used [0x0000000799880000,0x000000079a5496d8,0x000000079df80000)
  to   space 71680K, 0% used [0x00000007a8580000,0x00000007a8580000,0x00000007acb80000)
 ParOldGen       total 181760K, used 159671K [0x00000006c0000000, 0x00000006cb180000, 0x000000076ab00000)
  object space 181760K, 87% used [0x00000006c0000000,0x00000006c9bedfa8,0x00000006cb180000)
 Metaspace       used 43911K, capacity 44365K, committed 44672K, reserved 1089536K
  class space    used 5283K, capacity 5439K, committed 5504K, reserved 1048576K
Event: 39.494 GC heap after
Heap after GC invocations=21 (full 5):
 PSYoungGen      total 953856K, used 18707K [0x000000076ab00000, 0x00000007aad80000, 0x00000007c0000000)
  eden space 912896K, 0% used [0x000000076ab00000,0x000000076ab00000,0x00000007a2680000)
  from space 40960K, 45% used [0x00000007a8580000,0x00000007a97c4e00,0x00000007aad80000)
  to   space 69120K, 0% used [0x00000007a2680000,0x00000007a2680000,0x00000007a6a00000)
 ParOldGen       total 181760K, used 159679K [0x00000006c0000000, 0x00000006cb180000, 0x000000076ab00000)
  object space 181760K, 87% used [0x00000006c0000000,0x00000006c9beffa8,0x00000006cb180000)
 Metaspace       used 43911K, capacity 44365K, committed 44672K, reserved 1089536K
  class space    used 5283K, capacity 5439K, committed 5504K, reserved 1048576K
}
Event: 45.440 GC heap before
{Heap before GC invocations=22 (full 5):
 PSYoungGen      total 953856K, used 931603K [0x000000076ab00000, 0x00000007aad80000, 0x00000007c0000000)
  eden space 912896K, 100% used [0x000000076ab00000,0x00000007a2680000,0x00000007a2680000)
  from space 40960K, 45% used [0x00000007a8580000,0x00000007a97c4e00,0x00000007aad80000)
  to   space 69120K, 0% used [0x00000007a2680000,0x00000007a2680000,0x00000007a6a00000)
 ParOldGen       total 181760K, used 159679K [0x00000006c0000000, 0x00000006cb180000, 0x000000076ab00000)
  object space 181760K, 87% used [0x00000006c0000000,0x00000006c9beffa8,0x00000006cb180000)
 Metaspace       used 44202K, capacity 44621K, committed 44928K, reserved 1089536K
  class space    used 5288K, capacity 5439K, committed 5504K, reserved 1048576K
Event: 45.448 GC heap after
Heap after GC invocations=22 (full 5):
 PSYoungGen      total 982016K, used 18860K [0x000000076ab00000, 0x00000007b3480000, 0x00000007c0000000)
  eden space 912896K, 0% used [0x000000076ab00000,0x000000076ab00000,0x00000007a2680000)
  from space 69120K, 27% used [0x00000007a2680000,0x00000007a38eb3c0,0x00000007a6a00000)
  to   space 66560K, 0% used [0x00000007af380000,0x00000007af380000,0x00000007b3480000)
 ParOldGen       total 181760K, used 159687K [0x00000006c0000000, 0x00000006cb180000, 0x000000076ab00000)
  object space 181760K, 87% used [0x00000006c0000000,0x00000006c9bf1fa8,0x00000006cb180000)
 Metaspace       used 44202K, capacity 44621K, committed 44928K, reserved 1089536K
  class space    used 5288K, capacity 5439K, committed 5504K, reserved 1048576K
}
Event: 50.867 GC heap before
{Heap before GC invocations=23 (full 5):
 PSYoungGen      total 982016K, used 836950K [0x000000076ab00000, 0x00000007b3480000, 0x00000007c0000000)
  eden space 912896K, 89% used [0x000000076ab00000,0x000000079c9ea598,0x00000007a2680000)
  from space 69120K, 27% used [0x00000007a2680000,0x00000007a38eb3c0,0x00000007a6a00000)
  to   space 66560K, 0% used [0x00000007af380000,0x00000007af380000,0x00000007b3480000)
 ParOldGen       total 181760K, used 159687K [0x00000006c0000000, 0x00000006cb180000, 0x000000076ab00000)
  object space 181760K, 87% used [0x00000006c0000000,0x00000006c9bf1fa8,0x00000006cb180000)
 Metaspace       used 44440K, capacity 44877K, committed 45184K, reserved 1089536K
  class space    used 5299K, capacity 5439K, committed 5504K, reserved 1048576K
Event: 50.875 GC heap after
Heap after GC invocations=23 (full 5):
 PSYoungGen      total 1117696K, used 19902K [0x000000076ab00000, 0x00000007b2f80000, 0x00000007c0000000)
  eden space 1056256K, 0% used [0x000000076ab00000,0x000000076ab00000,0x00000007ab280000)
  from space 61440K, 32% used [0x00000007af380000,0x00000007b06ef9e0,0x00000007b2f80000)
  to   space 64000K, 0% used [0x00000007ab280000,0x00000007ab280000,0x00000007af100000)
 ParOldGen       total 181760K, used 159695K [0x00000006c0000000, 0x00000006cb180000, 0x000000076ab00000)
  object space 181760K, 87% used [0x00000006c0000000,0x00000006c9bf3fa8,0x00000006cb180000)
 Metaspace       used 44440K, capacity 44877K, committed 45184K, reserved 1089536K
  class space    used 5299K, capacity 5439K, committed 5504K, reserved 1048576K
}
Event: 50.875 GC heap before
{Heap before GC invocations=24 (full 6):
 PSYoungGen      total 1117696K, used 19902K [0x000000076ab00000, 0x00000007b2f80000, 0x00000007c0000000)
  eden space 1056256K, 0% used [0x000000076ab00000,0x000000076ab00000,0x00000007ab280000)
  from space 61440K, 32% used [0x00000007af380000,0x00000007b06ef9e0,0x00000007b2f80000)
  to   space 64000K, 0% used [0x00000007ab280000,0x00000007ab280000,0x00000007af100000)
 ParOldGen       total 181760K, used 159695K [0x00000006c0000000, 0x00000006cb180000, 0x000000076ab00000)
  object space 181760K, 87% used [0x00000006c0000000,0x00000006c9bf3fa8,0x00000006cb180000)
 Metaspace       used 44440K, capacity 44877K, committed 45184K, reserved 1089536K
  class space    used 5299K, capacity 5439K, committed 5504K, reserved 1048576K
Event: 51.110 GC heap after
Heap after GC invocations=24 (full 6):
 PSYoungGen      total 1117696K, used 0K [0x000000076ab00000, 0x00000007b2f80000, 0x00000007c0000000)
  eden space 1056256K, 0% used [0x000000076ab00000,0x000000076ab00000,0x00000007ab280000)
  from space 61440K, 0% used [0x00000007af380000,0x00000007af380000,0x00000007b2f80000)
  to   space 64000K, 0% used [0x00000007ab280000,0x00000007ab280000,0x00000007af100000)
 ParOldGen       total 181760K, used 171382K [0x00000006c0000000, 0x00000006cb180000, 0x000000076ab00000)
  object space 181760K, 94% used [0x00000006c0000000,0x00000006ca75dbf8,0x00000006cb180000)
 Metaspace       used 44440K, capacity 44877K, committed 45184K, reserved 1089536K
  class space    used 5299K, capacity 5439K, committed 5504K, reserved 1048576K
}

