# JRE version: Java(TM) SE Runtime Environment (8.0_77-b03) (build 1.8.0_77-b03)
# Java VM: Java HotSpot(TM) 64-Bit Server VM (25.77-b03 mixed mode windows-amd64 compressed oops)
Heap:
 PSYoungGen      total 1350656K, used 43776K [0x000000076ab00000, 0x00000007bfe80000, 0x00000007c0000000)
  eden space 1306112K, 3% used [0x000000076ab00000,0x000000076d5c0110,0x00000007ba680000)
  from space 44544K, 0% used [0x00000007bd300000,0x00000007bd300000,0x00000007bfe80000)
  to   space 45056K, 0% used [0x00000007ba680000,0x00000007ba680000,0x00000007bd280000)
 ParOldGen       total 180224K, used 178727K [0x00000006c0000000, 0x00000006cb000000, 0x000000076ab00000)
  object space 180224K, 99% used [0x00000006c0000000,0x00000006cae89c00,0x00000006cb000000)
 Metaspace       used 45116K, capacity 45563K, committed 45952K, reserved 1089536K
  class space    used 5336K, capacity 5474K, committed 5504K, reserved 1048576K
GC Heap History (10 events):
Event: 77.038 GC heap before
{Heap before GC invocations=26 (full 5):
 PSYoungGen      total 1312768K, used 1306463K [0x000000076ab00000, 0x00000007bed80000, 0x00000007c0000000)
  eden space 1279488K, 100% used [0x000000076ab00000,0x00000007b8c80000,0x00000007b8c80000)
  from space 33280K, 81% used [0x00000007bcd00000,0x00000007be757fb8,0x00000007bed80000)
  to   space 49664K, 0% used [0x00000007b8c80000,0x00000007b8c80000,0x00000007bbd00000)
 ParOldGen       total 180224K, used 159830K [0x00000006c0000000, 0x00000006cb000000, 0x000000076ab00000)
  object space 180224K, 88% used [0x00000006c0000000,0x00000006c9c158e0,0x00000006cb000000)
 Metaspace       used 44915K, capacity 45371K, committed 45696K, reserved 1089536K
  class space    used 5322K, capacity 5474K, committed 5504K, reserved 1048576K
Event: 77.052 GC heap after
Heap after GC invocations=26 (full 5):
 PSYoungGen      total 1329152K, used 27925K [0x000000076ab00000, 0x00000007c0000000, 0x00000007c0000000)
  eden space 1279488K, 0% used [0x000000076ab00000,0x000000076ab00000,0x00000007b8c80000)
  from space 49664K, 56% used [0x00000007b8c80000,0x00000007ba7c56e8,0x00000007bbd00000)
  to   space 48128K, 0% used [0x00000007bd100000,0x00000007bd100000,0x00000007c0000000)
 ParOldGen       total 180224K, used 159838K [0x00000006c0000000, 0x00000006cb000000, 0x000000076ab00000)
  object space 180224K, 88% used [0x00000006c0000000,0x00000006c9c178e0,0x00000006cb000000)
 Metaspace       used 44915K, capacity 45371K, committed 45696K, reserved 1089536K
  class space    used 5322K, capacity 5474K, committed 5504K, reserved 1048576K
}
Event: 84.528 GC heap before
{Heap before GC invocations=27 (full 5):
 PSYoungGen      total 1329152K, used 1307413K [0x000000076ab00000, 0x00000007c0000000, 0x00000007c0000000)
  eden space 1279488K, 100% used [0x000000076ab00000,0x00000007b8c80000,0x00000007b8c80000)
  from space 49664K, 56% used [0x00000007b8c80000,0x00000007ba7c56e8,0x00000007bbd00000)
  to   space 48128K, 0% used [0x00000007bd100000,0x00000007bd100000,0x00000007c0000000)
 ParOldGen       total 180224K, used 159838K [0x00000006c0000000, 0x00000006cb000000, 0x000000076ab00000)
  object space 180224K, 88% used [0x00000006c0000000,0x00000006c9c178e0,0x00000006cb000000)
 Metaspace       used 45004K, capacity 45499K, committed 45952K, reserved 1089536K
  class space    used 5324K, capacity 5474K, committed 5504K, reserved 1048576K
Event: 84.540 GC heap after
Heap after GC invocations=27 (full 5):
 PSYoungGen      total 1344512K, used 29287K [0x000000076ab00000, 0x00000007bfc80000, 0x00000007c0000000)
  eden space 1299968K, 0% used [0x000000076ab00000,0x000000076ab00000,0x00000007ba080000)
  from space 44544K, 65% used [0x00000007bd100000,0x00000007bed99ea8,0x00000007bfc80000)
  to   space 47104K, 0% used [0x00000007ba080000,0x00000007ba080000,0x00000007bce80000)
 ParOldGen       total 180224K, used 159846K [0x00000006c0000000, 0x00000006cb000000, 0x000000076ab00000)
  object space 180224K, 88% used [0x00000006c0000000,0x00000006c9c198e0,0x00000006cb000000)
 Metaspace       used 45004K, capacity 45499K, committed 45952K, reserved 1089536K
  class space    used 5324K, capacity 5474K, committed 5504K, reserved 1048576K
}
Event: 90.996 GC heap before
{Heap before GC invocations=28 (full 5):
 PSYoungGen      total 1344512K, used 1329255K [0x000000076ab00000, 0x00000007bfc80000, 0x00000007c0000000)
  eden space 1299968K, 100% used [0x000000076ab00000,0x00000007ba080000,0x00000007ba080000)
  from space 44544K, 65% used [0x00000007bd100000,0x00000007bed99ea8,0x00000007bfc80000)
  to   space 47104K, 0% used [0x00000007ba080000,0x00000007ba080000,0x00000007bce80000)
 ParOldGen       total 180224K, used 159846K [0x00000006c0000000, 0x00000006cb000000, 0x000000076ab00000)
  object space 180224K, 88% used [0x00000006c0000000,0x00000006c9c198e0,0x00000006cb000000)
 Metaspace       used 45027K, capacity 45499K, committed 45952K, reserved 1089536K
  class space    used 5325K, capacity 5474K, committed 5504K, reserved 1048576K
Event: 91.008 GC heap after
Heap after GC invocations=28 (full 5):
 PSYoungGen      total 1347072K, used 29049K [0x000000076ab00000, 0x00000007c0000000, 0x00000007c0000000)
  eden space 1299968K, 0% used [0x000000076ab00000,0x000000076ab00000,0x00000007ba080000)
  from space 47104K, 61% used [0x00000007ba080000,0x00000007bbcde700,0x00000007bce80000)
  to   space 46080K, 0% used [0x00000007bd300000,0x00000007bd300000,0x00000007c0000000)
 ParOldGen       total 180224K, used 159846K [0x00000006c0000000, 0x00000006cb000000, 0x000000076ab00000)
  object space 180224K, 88% used [0x00000006c0000000,0x00000006c9c198e0,0x00000006cb000000)
 Metaspace       used 45027K, capacity 45499K, committed 45952K, reserved 1089536K
  class space    used 5325K, capacity 5474K, committed 5504K, reserved 1048576K
}
Event: 96.009 GC heap before
{Heap before GC invocations=29 (full 5):
 PSYoungGen      total 1347072K, used 857197K [0x000000076ab00000, 0x00000007c0000000, 0x00000007c0000000)
  eden space 1299968K, 63% used [0x000000076ab00000,0x000000079d3bd0f8,0x00000007ba080000)
  from space 47104K, 61% used [0x00000007ba080000,0x00000007bbcde700,0x00000007bce80000)
  to   space 46080K, 0% used [0x00000007bd300000,0x00000007bd300000,0x00000007c0000000)
 ParOldGen       total 180224K, used 159846K [0x00000006c0000000, 0x00000006cb000000, 0x000000076ab00000)
  object space 180224K, 88% used [0x00000006c0000000,0x00000006c9c198e0,0x00000006cb000000)
 Metaspace       used 45104K, capacity 45563K, committed 45952K, reserved 1089536K
  class space    used 5334K, capacity 5474K, committed 5504K, reserved 1048576K
Event: 96.020 GC heap after
Heap after GC invocations=29 (full 5):
 PSYoungGen      total 1350656K, used 29803K [0x000000076ab00000, 0x00000007bfe80000, 0x00000007c0000000)
  eden space 1306112K, 0% used [0x000000076ab00000,0x000000076ab00000,0x00000007ba680000)
  from space 44544K, 66% used [0x00000007bd300000,0x00000007bf01ac90,0x00000007bfe80000)
  to   space 45056K, 0% used [0x00000007ba680000,0x00000007ba680000,0x00000007bd280000)
 ParOldGen       total 180224K, used 159854K [0x00000006c0000000, 0x00000006cb000000, 0x000000076ab00000)
  object space 180224K, 88% used [0x00000006c0000000,0x00000006c9c1b8e0,0x00000006cb000000)
 Metaspace       used 45104K, capacity 45563K, committed 45952K, reserved 1089536K
  class space    used 5334K, capacity 5474K, committed 5504K, reserved 1048576K
}
Event: 96.020 GC heap before
{Heap before GC invocations=30 (full 6):
 PSYoungGen      total 1350656K, used 29803K [0x000000076ab00000, 0x00000007bfe80000, 0x00000007c0000000)
  eden space 1306112K, 0% used [0x000000076ab00000,0x000000076ab00000,0x00000007ba680000)
  from space 44544K, 66% used [0x00000007bd300000,0x00000007bf01ac90,0x00000007bfe80000)
  to   space 45056K, 0% used [0x00000007ba680000,0x00000007ba680000,0x00000007bd280000)
 ParOldGen       total 180224K, used 159854K [0x00000006c0000000, 0x00000006cb000000, 0x000000076ab00000)
  object space 180224K, 88% used [0x00000006c0000000,0x00000006c9c1b8e0,0x00000006cb000000)
 Metaspace       used 45104K, capacity 45563K, committed 45952K, reserved 1089536K
  class space    used 5334K, capacity 5474K, committed 5504K, reserved 1048576K
Event: 96.235 GC heap after
Heap after GC invocations=30 (full 6):
 PSYoungGen      total 1350656K, used 0K [0x000000076ab00000, 0x00000007bfe80000, 0x00000007c0000000)
  eden space 1306112K, 0% used [0x000000076ab00000,0x000000076ab00000,0x00000007ba680000)
  from space 44544K, 0% used [0x00000007bd300000,0x00000007bd300000,0x00000007bfe80000)
  to   space 45056K, 0% used [0x00000007ba680000,0x00000007ba680000,0x00000007bd280000)
 ParOldGen       total 180224K, used 178727K [0x00000006c0000000, 0x00000006cb000000, 0x000000076ab00000)
  object space 180224K, 99% used [0x00000006c0000000,0x00000006cae89c00,0x00000006cb000000)
 Metaspace       used 45104K, capacity 45563K, committed 45952K, reserved 1089536K
  class space    used 5334K, capacity 5474K, committed 5504K, reserved 1048576K
}

