# JRE version: Java(TM) SE Runtime Environment (8.0_101-b13) (build 1.8.0_101-b13)
# Java VM: Java HotSpot(TM) 64-Bit Server VM (25.101-b13 mixed mode windows-amd64 compressed oops)
Heap:
 PSYoungGen      total 1038336K, used 174217K [0x000000076ab00000, 0x00000007afa80000, 0x00000007c0000000)
  eden space 999936K, 15% used [0x000000076ab00000,0x00000007743c6770,0x00000007a7b80000)
  from space 38400K, 46% used [0x00000007ad500000,0x00000007ae65bd00,0x00000007afa80000)
  to   space 65024K, 0% used [0x00000007a7b80000,0x00000007a7b80000,0x00000007abb00000)
 ParOldGen       total 182784K, used 161189K [0x00000006c0000000, 0x00000006cb280000, 0x000000076ab00000)
  object space 182784K, 88% used [0x00000006c0000000,0x00000006c9d694d0,0x00000006cb280000)
 Metaspace       used 44268K, capacity 44641K, committed 45184K, reserved 1089536K
  class space    used 5302K, capacity 5431K, committed 5504K, reserved 1048576K
GC Heap History (10 events):
Event: 18.551 GC heap before
{Heap before GC invocations=19 (full 5):
 PSYoungGen      total 827904K, used 35958K [0x000000076ab00000, 0x00000007a1d80000, 0x00000007c0000000)
  eden space 757248K, 0% used [0x000000076ab00000,0x000000076ab00000,0x0000000798e80000)
  from space 70656K, 50% used [0x000000079d880000,0x000000079fb9da78,0x00000007a1d80000)
  to   space 73216K, 0% used [0x0000000798e80000,0x0000000798e80000,0x000000079d600000)
 ParOldGen       total 182784K, used 129512K [0x00000006c0000000, 0x00000006cb280000, 0x000000076ab00000)
  object space 182784K, 70% used [0x00000006c0000000,0x00000006c7e7a078,0x00000006cb280000)
 Metaspace       used 41556K, capacity 41905K, committed 42240K, reserved 1085440K
  class space    used 5172K, capacity 5295K, committed 5376K, reserved 1048576K
Event: 18.884 GC heap after
Heap after GC invocations=19 (full 5):
 PSYoungGen      total 827904K, used 0K [0x000000076ab00000, 0x00000007a1d80000, 0x00000007c0000000)
  eden space 757248K, 0% used [0x000000076ab00000,0x000000076ab00000,0x0000000798e80000)
  from space 70656K, 0% used [0x000000079d880000,0x000000079d880000,0x00000007a1d80000)
  to   space 73216K, 0% used [0x0000000798e80000,0x0000000798e80000,0x000000079d600000)
 ParOldGen       total 182784K, used 161157K [0x00000006c0000000, 0x00000006cb280000, 0x000000076ab00000)
  object space 182784K, 88% used [0x00000006c0000000,0x00000006c9d614d0,0x00000006cb280000)
 Metaspace       used 41556K, capacity 41905K, committed 42240K, reserved 1085440K
  class space    used 5172K, capacity 5295K, committed 5376K, reserved 1048576K
}
Event: 20.585 GC heap before
{Heap before GC invocations=20 (full 5):
 PSYoungGen      total 827904K, used 757248K [0x000000076ab00000, 0x00000007a1d80000, 0x00000007c0000000)
  eden space 757248K, 100% used [0x000000076ab00000,0x0000000798e80000,0x0000000798e80000)
  from space 70656K, 0% used [0x000000079d880000,0x000000079d880000,0x00000007a1d80000)
  to   space 73216K, 0% used [0x0000000798e80000,0x0000000798e80000,0x000000079d600000)
 ParOldGen       total 182784K, used 161157K [0x00000006c0000000, 0x00000006cb280000, 0x000000076ab00000)
  object space 182784K, 88% used [0x00000006c0000000,0x00000006c9d614d0,0x00000006cb280000)
 Metaspace       used 42920K, capacity 43329K, committed 43904K, reserved 1087488K
  class space    used 5264K, capacity 5399K, committed 5504K, reserved 1048576K
Event: 20.595 GC heap after
Heap after GC invocations=20 (full 5):
 PSYoungGen      total 830464K, used 13673K [0x000000076ab00000, 0x00000007ab880000, 0x00000007c0000000)
  eden space 757248K, 0% used [0x000000076ab00000,0x000000076ab00000,0x0000000798e80000)
  from space 73216K, 18% used [0x0000000798e80000,0x0000000799bda540,0x000000079d600000)
  to   space 72192K, 0% used [0x00000007a7200000,0x00000007a7200000,0x00000007ab880000)
 ParOldGen       total 182784K, used 161165K [0x00000006c0000000, 0x00000006cb280000, 0x000000076ab00000)
  object space 182784K, 88% used [0x00000006c0000000,0x00000006c9d634d0,0x00000006cb280000)
 Metaspace       used 42920K, capacity 43329K, committed 43904K, reserved 1087488K
  class space    used 5264K, capacity 5399K, committed 5504K, reserved 1048576K
}
Event: 24.531 GC heap before
{Heap before GC invocations=21 (full 5):
 PSYoungGen      total 830464K, used 770921K [0x000000076ab00000, 0x00000007ab880000, 0x00000007c0000000)
  eden space 757248K, 100% used [0x000000076ab00000,0x0000000798e80000,0x0000000798e80000)
  from space 73216K, 18% used [0x0000000798e80000,0x0000000799bda540,0x000000079d600000)
  to   space 72192K, 0% used [0x00000007a7200000,0x00000007a7200000,0x00000007ab880000)
 ParOldGen       total 182784K, used 161165K [0x00000006c0000000, 0x00000006cb280000, 0x000000076ab00000)
  object space 182784K, 88% used [0x00000006c0000000,0x00000006c9d634d0,0x00000006cb280000)
 Metaspace       used 43585K, capacity 44001K, committed 44416K, reserved 1087488K
  class space    used 5279K, capacity 5431K, committed 5504K, reserved 1048576K
Event: 24.538 GC heap after
Heap after GC invocations=21 (full 5):
 PSYoungGen      total 932864K, used 17727K [0x000000076ab00000, 0x00000007a9a00000, 0x00000007c0000000)
  eden space 891904K, 0% used [0x000000076ab00000,0x000000076ab00000,0x00000007a1200000)
  from space 40960K, 43% used [0x00000007a7200000,0x00000007a834fe98,0x00000007a9a00000)
  to   space 69632K, 0% used [0x00000007a1200000,0x00000007a1200000,0x00000007a5600000)
 ParOldGen       total 182784K, used 161173K [0x00000006c0000000, 0x00000006cb280000, 0x000000076ab00000)
  object space 182784K, 88% used [0x00000006c0000000,0x00000006c9d654d0,0x00000006cb280000)
 Metaspace       used 43585K, capacity 44001K, committed 44416K, reserved 1087488K
  class space    used 5279K, capacity 5431K, committed 5504K, reserved 1048576K
}
Event: 30.935 GC heap before
{Heap before GC invocations=22 (full 5):
 PSYoungGen      total 932864K, used 909631K [0x000000076ab00000, 0x00000007a9a00000, 0x00000007c0000000)
  eden space 891904K, 100% used [0x000000076ab00000,0x00000007a1200000,0x00000007a1200000)
  from space 40960K, 43% used [0x00000007a7200000,0x00000007a834fe98,0x00000007a9a00000)
  to   space 69632K, 0% used [0x00000007a1200000,0x00000007a1200000,0x00000007a5600000)
 ParOldGen       total 182784K, used 161173K [0x00000006c0000000, 0x00000006cb280000, 0x000000076ab00000)
  object space 182784K, 88% used [0x00000006c0000000,0x00000006c9d654d0,0x00000006cb280000)
 Metaspace       used 44024K, capacity 44385K, committed 44928K, reserved 1089536K
  class space    used 5291K, capacity 5431K, committed 5504K, reserved 1048576K
Event: 30.952 GC heap after
Heap after GC invocations=22 (full 5):
 PSYoungGen      total 961536K, used 17807K [0x000000076ab00000, 0x00000007b1680000, 0x00000007c0000000)
  eden space 891904K, 0% used [0x000000076ab00000,0x000000076ab00000,0x00000007a1200000)
  from space 69632K, 25% used [0x00000007a1200000,0x00000007a2363d20,0x00000007a5600000)
  to   space 67072K, 0% used [0x00000007ad500000,0x00000007ad500000,0x00000007b1680000)
 ParOldGen       total 182784K, used 161181K [0x00000006c0000000, 0x00000006cb280000, 0x000000076ab00000)
  object space 182784K, 88% used [0x00000006c0000000,0x00000006c9d674d0,0x00000006cb280000)
 Metaspace       used 44024K, capacity 44385K, committed 44928K, reserved 1089536K
  class space    used 5291K, capacity 5431K, committed 5504K, reserved 1048576K
}
Event: 38.230 GC heap before
{Heap before GC invocations=23 (full 5):
 PSYoungGen      total 961536K, used 909711K [0x000000076ab00000, 0x00000007b1680000, 0x00000007c0000000)
  eden space 891904K, 100% used [0x000000076ab00000,0x00000007a1200000,0x00000007a1200000)
  from space 69632K, 25% used [0x00000007a1200000,0x00000007a2363d20,0x00000007a5600000)
  to   space 67072K, 0% used [0x00000007ad500000,0x00000007ad500000,0x00000007b1680000)
 ParOldGen       total 182784K, used 161181K [0x00000006c0000000, 0x00000006cb280000, 0x000000076ab00000)
  object space 182784K, 88% used [0x00000006c0000000,0x00000006c9d674d0,0x00000006cb280000)
 Metaspace       used 44156K, capacity 44513K, committed 44928K, reserved 1089536K
  class space    used 5291K, capacity 5431K, committed 5504K, reserved 1048576K
Event: 38.238 GC heap after
Heap after GC invocations=23 (full 5):
 PSYoungGen      total 1038336K, used 17775K [0x000000076ab00000, 0x00000007afa80000, 0x00000007c0000000)
  eden space 999936K, 0% used [0x000000076ab00000,0x000000076ab00000,0x00000007a7b80000)
  from space 38400K, 46% used [0x00000007ad500000,0x00000007ae65bd00,0x00000007afa80000)
  to   space 65024K, 0% used [0x00000007a7b80000,0x00000007a7b80000,0x00000007abb00000)
 ParOldGen       total 182784K, used 161189K [0x00000006c0000000, 0x00000006cb280000, 0x000000076ab00000)
  object space 182784K, 88% used [0x00000006c0000000,0x00000006c9d694d0,0x00000006cb280000)
 Metaspace       used 44156K, capacity 44513K, committed 44928K, reserved 1089536K
  class space    used 5291K, capacity 5431K, committed 5504K, reserved 1048576K
}

