# JRE version: Java(TM) SE Runtime Environment (8.0_101-b13) (build 1.8.0_101-b13)
# Java VM: Java HotSpot(TM) 64-Bit Server VM (25.101-b13 mixed mode windows-amd64 compressed oops)
Heap:
 PSYoungGen      total 1065984K, used 893050K [0x000000076ab00000, 0x00000007b5700000, 0x00000007c0000000)
  eden space 1001472K, 87% used [0x000000076ab00000,0x00000007a0004da8,0x00000007a7d00000)
  from space 64512K, 30% used [0x00000007a7d00000,0x00000007a9019c10,0x00000007abc00000)
  to   space 61952K, 0% used [0x00000007b1a80000,0x00000007b1a80000,0x00000007b5700000)
 ParOldGen       total 182272K, used 161724K [0x00000006c0000000, 0x00000006cb200000, 0x000000076ab00000)
  object space 182272K, 88% used [0x00000006c0000000,0x00000006c9def2d0,0x00000006cb200000)
 Metaspace       used 44456K, capacity 44841K, committed 45184K, reserved 1089536K
  class space    used 5317K, capacity 5433K, committed 5504K, reserved 1048576K
GC Heap History (10 events):
Event: 28.912 GC heap before
{Heap before GC invocations=20 (full 5):
 PSYoungGen      total 827904K, used 756736K [0x000000076ab00000, 0x00000007a1d00000, 0x00000007c0000000)
  eden space 756736K, 100% used [0x000000076ab00000,0x0000000798e00000,0x0000000798e00000)
  from space 71168K, 0% used [0x000000079d780000,0x000000079d780000,0x00000007a1d00000)
  to   space 73216K, 0% used [0x0000000798e00000,0x0000000798e00000,0x000000079d580000)
 ParOldGen       total 182272K, used 161684K [0x00000006c0000000, 0x00000006cb200000, 0x000000076ab00000)
  object space 182272K, 88% used [0x00000006c0000000,0x00000006c9de52d0,0x00000006cb200000)
 Metaspace       used 43166K, capacity 43549K, committed 43904K, reserved 1087488K
  class space    used 5275K, capacity 5431K, committed 5504K, reserved 1048576K
Event: 28.919 GC heap after
Heap after GC invocations=20 (full 5):
 PSYoungGen      total 829952K, used 14471K [0x000000076ab00000, 0x00000007ab880000, 0x00000007c0000000)
  eden space 756736K, 0% used [0x000000076ab00000,0x000000076ab00000,0x0000000798e00000)
  from space 73216K, 19% used [0x0000000798e00000,0x0000000799c21cb8,0x000000079d580000)
  to   space 72192K, 0% used [0x00000007a7200000,0x00000007a7200000,0x00000007ab880000)
 ParOldGen       total 182272K, used 161692K [0x00000006c0000000, 0x00000006cb200000, 0x000000076ab00000)
  object space 182272K, 88% used [0x00000006c0000000,0x00000006c9de72d0,0x00000006cb200000)
 Metaspace       used 43166K, capacity 43549K, committed 43904K, reserved 1087488K
  class space    used 5275K, capacity 5431K, committed 5504K, reserved 1048576K
}
Event: 32.577 GC heap before
{Heap before GC invocations=21 (full 5):
 PSYoungGen      total 829952K, used 771207K [0x000000076ab00000, 0x00000007ab880000, 0x00000007c0000000)
  eden space 756736K, 100% used [0x000000076ab00000,0x0000000798e00000,0x0000000798e00000)
  from space 73216K, 19% used [0x0000000798e00000,0x0000000799c21cb8,0x000000079d580000)
  to   space 72192K, 0% used [0x00000007a7200000,0x00000007a7200000,0x00000007ab880000)
 ParOldGen       total 182272K, used 161692K [0x00000006c0000000, 0x00000006cb200000, 0x000000076ab00000)
  object space 182272K, 88% used [0x00000006c0000000,0x00000006c9de72d0,0x00000006cb200000)
 Metaspace       used 43810K, capacity 44189K, committed 44672K, reserved 1089536K
  class space    used 5302K, capacity 5431K, committed 5504K, reserved 1048576K
Event: 32.585 GC heap after
Heap after GC invocations=21 (full 5):
 PSYoungGen      total 934912K, used 19367K [0x000000076ab00000, 0x00000007a9b00000, 0x00000007c0000000)
  eden space 892928K, 0% used [0x000000076ab00000,0x000000076ab00000,0x00000007a1300000)
  from space 41984K, 46% used [0x00000007a7200000,0x00000007a84e9c10,0x00000007a9b00000)
  to   space 69632K, 0% used [0x00000007a1300000,0x00000007a1300000,0x00000007a5700000)
 ParOldGen       total 182272K, used 161700K [0x00000006c0000000, 0x00000006cb200000, 0x000000076ab00000)
  object space 182272K, 88% used [0x00000006c0000000,0x00000006c9de92d0,0x00000006cb200000)
 Metaspace       used 43810K, capacity 44189K, committed 44672K, reserved 1089536K
  class space    used 5302K, capacity 5431K, committed 5504K, reserved 1048576K
}
Event: 39.781 GC heap before
{Heap before GC invocations=22 (full 5):
 PSYoungGen      total 934912K, used 912295K [0x000000076ab00000, 0x00000007a9b00000, 0x00000007c0000000)
  eden space 892928K, 100% used [0x000000076ab00000,0x00000007a1300000,0x00000007a1300000)
  from space 41984K, 46% used [0x00000007a7200000,0x00000007a84e9c10,0x00000007a9b00000)
  to   space 69632K, 0% used [0x00000007a1300000,0x00000007a1300000,0x00000007a5700000)
 ParOldGen       total 182272K, used 161700K [0x00000006c0000000, 0x00000006cb200000, 0x000000076ab00000)
  object space 182272K, 88% used [0x00000006c0000000,0x00000006c9de92d0,0x00000006cb200000)
 Metaspace       used 44148K, capacity 44573K, committed 44928K, reserved 1089536K
  class space    used 5305K, capacity 5431K, committed 5504K, reserved 1048576K
Event: 39.791 GC heap after
Heap after GC invocations=22 (full 5):
 PSYoungGen      total 962560K, used 19558K [0x000000076ab00000, 0x00000007b1800000, 0x00000007c0000000)
  eden space 892928K, 0% used [0x000000076ab00000,0x000000076ab00000,0x00000007a1300000)
  from space 69632K, 28% used [0x00000007a1300000,0x00000007a2619a90,0x00000007a5700000)
  to   space 67072K, 0% used [0x00000007ad680000,0x00000007ad680000,0x00000007b1800000)
 ParOldGen       total 182272K, used 161708K [0x00000006c0000000, 0x00000006cb200000, 0x000000076ab00000)
  object space 182272K, 88% used [0x00000006c0000000,0x00000006c9deb2d0,0x00000006cb200000)
 Metaspace       used 44148K, capacity 44573K, committed 44928K, reserved 1089536K
  class space    used 5305K, capacity 5431K, committed 5504K, reserved 1048576K
}
Event: 47.176 GC heap before
{Heap before GC invocations=23 (full 5):
 PSYoungGen      total 962560K, used 912486K [0x000000076ab00000, 0x00000007b1800000, 0x00000007c0000000)
  eden space 892928K, 100% used [0x000000076ab00000,0x00000007a1300000,0x00000007a1300000)
  from space 69632K, 28% used [0x00000007a1300000,0x00000007a2619a90,0x00000007a5700000)
  to   space 67072K, 0% used [0x00000007ad680000,0x00000007ad680000,0x00000007b1800000)
 ParOldGen       total 182272K, used 161708K [0x00000006c0000000, 0x00000006cb200000, 0x000000076ab00000)
  object space 182272K, 88% used [0x00000006c0000000,0x00000006c9deb2d0,0x00000006cb200000)
 Metaspace       used 44297K, capacity 44643K, committed 45184K, reserved 1089536K
  class space    used 5305K, capacity 5432K, committed 5504K, reserved 1048576K
Event: 47.184 GC heap after
Heap after GC invocations=23 (full 5):
 PSYoungGen      total 1038848K, used 19479K [0x000000076ab00000, 0x00000007afb00000, 0x00000007c0000000)
  eden space 1001472K, 0% used [0x000000076ab00000,0x000000076ab00000,0x00000007a7d00000)
  from space 37376K, 52% used [0x00000007ad680000,0x00000007ae985c00,0x00000007afb00000)
  to   space 64512K, 0% used [0x00000007a7d00000,0x00000007a7d00000,0x00000007abc00000)
 ParOldGen       total 182272K, used 161716K [0x00000006c0000000, 0x00000006cb200000, 0x000000076ab00000)
  object space 182272K, 88% used [0x00000006c0000000,0x00000006c9ded2d0,0x00000006cb200000)
 Metaspace       used 44297K, capacity 44643K, committed 45184K, reserved 1089536K
  class space    used 5305K, capacity 5432K, committed 5504K, reserved 1048576K
}
Event: 55.577 GC heap before
{Heap before GC invocations=24 (full 5):
 PSYoungGen      total 1038848K, used 1020951K [0x000000076ab00000, 0x00000007afb00000, 0x00000007c0000000)
  eden space 1001472K, 100% used [0x000000076ab00000,0x00000007a7d00000,0x00000007a7d00000)
  from space 37376K, 52% used [0x00000007ad680000,0x00000007ae985c00,0x00000007afb00000)
  to   space 64512K, 0% used [0x00000007a7d00000,0x00000007a7d00000,0x00000007abc00000)
 ParOldGen       total 182272K, used 161716K [0x00000006c0000000, 0x00000006cb200000, 0x000000076ab00000)
  object space 182272K, 88% used [0x00000006c0000000,0x00000006c9ded2d0,0x00000006cb200000)
 Metaspace       used 44317K, capacity 44777K, committed 45184K, reserved 1089536K
  class space    used 5306K, capacity 5433K, committed 5504K, reserved 1048576K
Event: 55.586 GC heap after
Heap after GC invocations=24 (full 5):
 PSYoungGen      total 1065984K, used 19559K [0x000000076ab00000, 0x00000007b5700000, 0x00000007c0000000)
  eden space 1001472K, 0% used [0x000000076ab00000,0x000000076ab00000,0x00000007a7d00000)
  from space 64512K, 30% used [0x00000007a7d00000,0x00000007a9019c10,0x00000007abc00000)
  to   space 61952K, 0% used [0x00000007b1a80000,0x00000007b1a80000,0x00000007b5700000)
 ParOldGen       total 182272K, used 161724K [0x00000006c0000000, 0x00000006cb200000, 0x000000076ab00000)
  object space 182272K, 88% used [0x00000006c0000000,0x00000006c9def2d0,0x00000006cb200000)
 Metaspace       used 44317K, capacity 44777K, committed 45184K, reserved 1089536K
  class space    used 5306K, capacity 5433K, committed 5504K, reserved 1048576K
}

