# JRE version: Java(TM) SE Runtime Environment (8.0_101-b13) (build 1.8.0_101-b13)
# Java VM: Java HotSpot(TM) 64-Bit Server VM (25.101-b13 mixed mode windows-amd64 compressed oops)
Heap:
 PSYoungGen      total 1133568K, used 744158K [0x000000076ab00000, 0x00000007b2e00000, 0x00000007c0000000)
  eden space 1093632K, 66% used [0x000000076ab00000,0x0000000796d79740,0x00000007ad700000)
  from space 39936K, 51% used [0x00000007b0700000,0x00000007b1b3e340,0x00000007b2e00000)
  to   space 44544K, 0% used [0x00000007ad700000,0x00000007ad700000,0x00000007b0280000)
 ParOldGen       total 185856K, used 161038K [0x00000006c0000000, 0x00000006cb580000, 0x000000076ab00000)
  object space 185856K, 86% used [0x00000006c0000000,0x00000006c9d43930,0x00000006cb580000)
 Metaspace       used 44725K, capacity 45127K, committed 45440K, reserved 1089536K
  class space    used 5323K, capacity 5464K, committed 5504K, reserved 1048576K
GC Heap History (10 events):
Event: 79.951 GC heap before
{Heap before GC invocations=27 (full 5):
 PSYoungGen      total 1071616K, used 1035694K [0x000000076ab00000, 0x00000007b1e00000, 0x00000007c0000000)
  eden space 1014784K, 100% used [0x000000076ab00000,0x00000007a8a00000,0x00000007a8a00000)
  from space 56832K, 36% used [0x00000007a8a00000,0x00000007a9e6ba70,0x00000007ac180000)
  to   space 54784K, 0% used [0x00000007ae880000,0x00000007ae880000,0x00000007b1e00000)
 ParOldGen       total 185856K, used 161030K [0x00000006c0000000, 0x00000006cb580000, 0x000000076ab00000)
  object space 185856K, 86% used [0x00000006c0000000,0x00000006c9d41930,0x00000006cb580000)
 Metaspace       used 44626K, capacity 44999K, committed 45440K, reserved 1089536K
  class space    used 5316K, capacity 5464K, committed 5504K, reserved 1048576K
Event: 79.961 GC heap after
Heap after GC invocations=27 (full 5):
 PSYoungGen      total 1092096K, used 20954K [0x000000076ab00000, 0x00000007b1200000, 0x00000007c0000000)
  eden space 1049600K, 0% used [0x000000076ab00000,0x000000076ab00000,0x00000007aac00000)
  from space 42496K, 49% used [0x00000007ae880000,0x00000007afcf6800,0x00000007b1200000)
  to   space 52224K, 0% used [0x00000007aac00000,0x00000007aac00000,0x00000007adf00000)
 ParOldGen       total 185856K, used 161038K [0x00000006c0000000, 0x00000006cb580000, 0x000000076ab00000)
  object space 185856K, 86% used [0x00000006c0000000,0x00000006c9d43930,0x00000006cb580000)
 Metaspace       used 44626K, capacity 44999K, committed 45440K, reserved 1089536K
  class space    used 5316K, capacity 5464K, committed 5504K, reserved 1048576K
}
Event: 87.953 GC heap before
{Heap before GC invocations=28 (full 5):
 PSYoungGen      total 1092096K, used 1070554K [0x000000076ab00000, 0x00000007b1200000, 0x00000007c0000000)
  eden space 1049600K, 100% used [0x000000076ab00000,0x00000007aac00000,0x00000007aac00000)
  from space 42496K, 49% used [0x00000007ae880000,0x00000007afcf6800,0x00000007b1200000)
  to   space 52224K, 0% used [0x00000007aac00000,0x00000007aac00000,0x00000007adf00000)
 ParOldGen       total 185856K, used 161038K [0x00000006c0000000, 0x00000006cb580000, 0x000000076ab00000)
  object space 185856K, 86% used [0x00000006c0000000,0x00000006c9d43930,0x00000006cb580000)
 Metaspace       used 44638K, capacity 44999K, committed 45440K, reserved 1089536K
  class space    used 5316K, capacity 5464K, committed 5504K, reserved 1048576K
Event: 87.965 GC heap after
Heap after GC invocations=28 (full 5):
 PSYoungGen      total 1101824K, used 21232K [0x000000076ab00000, 0x00000007b2c00000, 0x00000007c0000000)
  eden space 1049600K, 0% used [0x000000076ab00000,0x000000076ab00000,0x00000007aac00000)
  from space 52224K, 40% used [0x00000007aac00000,0x00000007ac0bc070,0x00000007adf00000)
  to   space 50176K, 0% used [0x00000007afb00000,0x00000007afb00000,0x00000007b2c00000)
 ParOldGen       total 185856K, used 161038K [0x00000006c0000000, 0x00000006cb580000, 0x000000076ab00000)
  object space 185856K, 86% used [0x00000006c0000000,0x00000006c9d43930,0x00000006cb580000)
 Metaspace       used 44638K, capacity 44999K, committed 45440K, reserved 1089536K
  class space    used 5316K, capacity 5464K, committed 5504K, reserved 1048576K
}
Event: 96.853 GC heap before
{Heap before GC invocations=29 (full 5):
 PSYoungGen      total 1101824K, used 1070832K [0x000000076ab00000, 0x00000007b2c00000, 0x00000007c0000000)
  eden space 1049600K, 100% used [0x000000076ab00000,0x00000007aac00000,0x00000007aac00000)
  from space 52224K, 40% used [0x00000007aac00000,0x00000007ac0bc070,0x00000007adf00000)
  to   space 50176K, 0% used [0x00000007afb00000,0x00000007afb00000,0x00000007b2c00000)
 ParOldGen       total 185856K, used 161038K [0x00000006c0000000, 0x00000006cb580000, 0x000000076ab00000)
  object space 185856K, 86% used [0x00000006c0000000,0x00000006c9d43930,0x00000006cb580000)
 Metaspace       used 44639K, capacity 44999K, committed 45440K, reserved 1089536K
  class space    used 5316K, capacity 5464K, committed 5504K, reserved 1048576K
Event: 96.861 GC heap after
Heap after GC invocations=29 (full 5):
 PSYoungGen      total 1115136K, used 20464K [0x000000076ab00000, 0x00000007b2280000, 0x00000007c0000000)
  eden space 1074688K, 0% used [0x000000076ab00000,0x000000076ab00000,0x00000007ac480000)
  from space 40448K, 50% used [0x00000007afb00000,0x00000007b0efc070,0x00000007b2280000)
  to   space 48128K, 0% used [0x00000007ac480000,0x00000007ac480000,0x00000007af380000)
 ParOldGen       total 185856K, used 161038K [0x00000006c0000000, 0x00000006cb580000, 0x000000076ab00000)
  object space 185856K, 86% used [0x00000006c0000000,0x00000006c9d43930,0x00000006cb580000)
 Metaspace       used 44639K, capacity 44999K, committed 45440K, reserved 1089536K
  class space    used 5316K, capacity 5464K, committed 5504K, reserved 1048576K
}
Event: 106.148 GC heap before
{Heap before GC invocations=30 (full 5):
 PSYoungGen      total 1115136K, used 1095152K [0x000000076ab00000, 0x00000007b2280000, 0x00000007c0000000)
  eden space 1074688K, 100% used [0x000000076ab00000,0x00000007ac480000,0x00000007ac480000)
  from space 40448K, 50% used [0x00000007afb00000,0x00000007b0efc070,0x00000007b2280000)
  to   space 48128K, 0% used [0x00000007ac480000,0x00000007ac480000,0x00000007af380000)
 ParOldGen       total 185856K, used 161038K [0x00000006c0000000, 0x00000006cb580000, 0x000000076ab00000)
  object space 185856K, 86% used [0x00000006c0000000,0x00000006c9d43930,0x00000006cb580000)
 Metaspace       used 44648K, capacity 44999K, committed 45440K, reserved 1089536K
  class space    used 5316K, capacity 5464K, committed 5504K, reserved 1048576K
Event: 106.157 GC heap after
Heap after GC invocations=30 (full 5):
 PSYoungGen      total 1122816K, used 20432K [0x000000076ab00000, 0x00000007b3400000, 0x00000007c0000000)
  eden space 1074688K, 0% used [0x000000076ab00000,0x000000076ab00000,0x00000007ac480000)
  from space 48128K, 42% used [0x00000007ac480000,0x00000007ad874070,0x00000007af380000)
  to   space 46080K, 0% used [0x00000007b0700000,0x00000007b0700000,0x00000007b3400000)
 ParOldGen       total 185856K, used 161038K [0x00000006c0000000, 0x00000006cb580000, 0x000000076ab00000)
  object space 185856K, 86% used [0x00000006c0000000,0x00000006c9d43930,0x00000006cb580000)
 Metaspace       used 44648K, capacity 44999K, committed 45440K, reserved 1089536K
  class space    used 5316K, capacity 5464K, committed 5504K, reserved 1048576K
}
Event: 115.133 GC heap before
{Heap before GC invocations=31 (full 5):
 PSYoungGen      total 1122816K, used 1095120K [0x000000076ab00000, 0x00000007b3400000, 0x00000007c0000000)
  eden space 1074688K, 100% used [0x000000076ab00000,0x00000007ac480000,0x00000007ac480000)
  from space 48128K, 42% used [0x00000007ac480000,0x00000007ad874070,0x00000007af380000)
  to   space 46080K, 0% used [0x00000007b0700000,0x00000007b0700000,0x00000007b3400000)
 ParOldGen       total 185856K, used 161038K [0x00000006c0000000, 0x00000006cb580000, 0x000000076ab00000)
  object space 185856K, 86% used [0x00000006c0000000,0x00000006c9d43930,0x00000006cb580000)
 Metaspace       used 44655K, capacity 44999K, committed 45440K, reserved 1089536K
  class space    used 5316K, capacity 5464K, committed 5504K, reserved 1048576K
Event: 115.142 GC heap after
Heap after GC invocations=31 (full 5):
 PSYoungGen      total 1133568K, used 20728K [0x000000076ab00000, 0x00000007b2e00000, 0x00000007c0000000)
  eden space 1093632K, 0% used [0x000000076ab00000,0x000000076ab00000,0x00000007ad700000)
  from space 39936K, 51% used [0x00000007b0700000,0x00000007b1b3e340,0x00000007b2e00000)
  to   space 44544K, 0% used [0x00000007ad700000,0x00000007ad700000,0x00000007b0280000)
 ParOldGen       total 185856K, used 161038K [0x00000006c0000000, 0x00000006cb580000, 0x000000076ab00000)
  object space 185856K, 86% used [0x00000006c0000000,0x00000006c9d43930,0x00000006cb580000)
 Metaspace       used 44655K, capacity 44999K, committed 45440K, reserved 1089536K
  class space    used 5316K, capacity 5464K, committed 5504K, reserved 1048576K
}

