# JRE version: Java(TM) SE Runtime Environment (8.0_77-b03) (build 1.8.0_77-b03)
# Java VM: Java HotSpot(TM) 64-Bit Server VM (25.77-b03 mixed mode windows-amd64 compressed oops)
Heap:
 PSYoungGen      total 1300992K, used 30154K [0x000000076ab00000, 0x00000007bc800000, 0x00000007c0000000)
  eden space 1263616K, 2% used [0x000000076ab00000,0x000000076c872bf0,0x00000007b7d00000)
  from space 37376K, 0% used [0x00000007ba380000,0x00000007ba380000,0x00000007bc800000)
  to   space 38400K, 0% used [0x00000007b7d00000,0x00000007b7d00000,0x00000007ba280000)
 ParOldGen       total 179712K, used 175198K [0x00000006c0000000, 0x00000006caf80000, 0x000000076ab00000)
  object space 179712K, 97% used [0x00000006c0000000,0x00000006cab17bd8,0x00000006caf80000)
 Metaspace       used 45373K, capacity 45783K, committed 46208K, reserved 1089536K
  class space    used 5343K, capacity 5468K, committed 5504K, reserved 1048576K
GC Heap History (10 events):
Event: 168.556 GC heap before
{Heap before GC invocations=30 (full 5):
 PSYoungGen      total 1257984K, used 1245010K [0x000000076ab00000, 0x00000007baa00000, 0x00000007c0000000)
  eden space 1221632K, 100% used [0x000000076ab00000,0x00000007b5400000,0x00000007b5400000)
  from space 36352K, 64% used [0x00000007b8680000,0x00000007b9d54848,0x00000007baa00000)
  to   space 44032K, 0% used [0x00000007b5400000,0x00000007b5400000,0x00000007b7f00000)
 ParOldGen       total 179712K, used 160592K [0x00000006c0000000, 0x00000006caf80000, 0x000000076ab00000)
  object space 179712K, 89% used [0x00000006c0000000,0x00000006c9cd42a0,0x00000006caf80000)
 Metaspace       used 45283K, capacity 45719K, committed 45952K, reserved 1089536K
  class space    used 5334K, capacity 5468K, committed 5504K, reserved 1048576K
Event: 168.568 GC heap after
Heap after GC invocations=30 (full 5):
 PSYoungGen      total 1265664K, used 24442K [0x000000076ab00000, 0x00000007bc000000, 0x00000007c0000000)
  eden space 1221632K, 0% used [0x000000076ab00000,0x000000076ab00000,0x00000007b5400000)
  from space 44032K, 55% used [0x00000007b5400000,0x00000007b6bde828,0x00000007b7f00000)
  to   space 41984K, 0% used [0x00000007b9700000,0x00000007b9700000,0x00000007bc000000)
 ParOldGen       total 179712K, used 160600K [0x00000006c0000000, 0x00000006caf80000, 0x000000076ab00000)
  object space 179712K, 89% used [0x00000006c0000000,0x00000006c9cd62a0,0x00000006caf80000)
 Metaspace       used 45283K, capacity 45719K, committed 45952K, reserved 1089536K
  class space    used 5334K, capacity 5468K, committed 5504K, reserved 1048576K
}
Event: 181.304 GC heap before
{Heap before GC invocations=31 (full 5):
 PSYoungGen      total 1265664K, used 1246074K [0x000000076ab00000, 0x00000007bc000000, 0x00000007c0000000)
  eden space 1221632K, 100% used [0x000000076ab00000,0x00000007b5400000,0x00000007b5400000)
  from space 44032K, 55% used [0x00000007b5400000,0x00000007b6bde828,0x00000007b7f00000)
  to   space 41984K, 0% used [0x00000007b9700000,0x00000007b9700000,0x00000007bc000000)
 ParOldGen       total 179712K, used 160600K [0x00000006c0000000, 0x00000006caf80000, 0x000000076ab00000)
  object space 179712K, 89% used [0x00000006c0000000,0x00000006c9cd62a0,0x00000006caf80000)
 Metaspace       used 45293K, capacity 45719K, committed 45952K, reserved 1089536K
  class space    used 5334K, capacity 5468K, committed 5504K, reserved 1048576K
Event: 181.315 GC heap after
Heap after GC invocations=31 (full 5):
 PSYoungGen      total 1278976K, used 25562K [0x000000076ab00000, 0x00000007bb900000, 0x00000007c0000000)
  eden space 1244160K, 0% used [0x000000076ab00000,0x000000076ab00000,0x00000007b6a00000)
  from space 34816K, 73% used [0x00000007b9700000,0x00000007baff6828,0x00000007bb900000)
  to   space 40448K, 0% used [0x00000007b6a00000,0x00000007b6a00000,0x00000007b9180000)
 ParOldGen       total 179712K, used 160608K [0x00000006c0000000, 0x00000006caf80000, 0x000000076ab00000)
  object space 179712K, 89% used [0x00000006c0000000,0x00000006c9cd82a0,0x00000006caf80000)
 Metaspace       used 45293K, capacity 45719K, committed 45952K, reserved 1089536K
  class space    used 5334K, capacity 5468K, committed 5504K, reserved 1048576K
}
Event: 195.905 GC heap before
{Heap before GC invocations=32 (full 5):
 PSYoungGen      total 1278976K, used 1269722K [0x000000076ab00000, 0x00000007bb900000, 0x00000007c0000000)
  eden space 1244160K, 100% used [0x000000076ab00000,0x00000007b6a00000,0x00000007b6a00000)
  from space 34816K, 73% used [0x00000007b9700000,0x00000007baff6828,0x00000007bb900000)
  to   space 40448K, 0% used [0x00000007b6a00000,0x00000007b6a00000,0x00000007b9180000)
 ParOldGen       total 179712K, used 160608K [0x00000006c0000000, 0x00000006caf80000, 0x000000076ab00000)
  object space 179712K, 89% used [0x00000006c0000000,0x00000006c9cd82a0,0x00000006caf80000)
 Metaspace       used 45322K, capacity 45783K, committed 46208K, reserved 1089536K
  class space    used 5334K, capacity 5468K, committed 5504K, reserved 1048576K
Event: 195.915 GC heap after
Heap after GC invocations=32 (full 5):
 PSYoungGen      total 1284608K, used 26106K [0x000000076ab00000, 0x00000007bca00000, 0x00000007c0000000)
  eden space 1244160K, 0% used [0x000000076ab00000,0x000000076ab00000,0x00000007b6a00000)
  from space 40448K, 64% used [0x00000007b6a00000,0x00000007b837e880,0x00000007b9180000)
  to   space 39424K, 0% used [0x00000007ba380000,0x00000007ba380000,0x00000007bca00000)
 ParOldGen       total 179712K, used 160616K [0x00000006c0000000, 0x00000006caf80000, 0x000000076ab00000)
  object space 179712K, 89% used [0x00000006c0000000,0x00000006c9cda2a0,0x00000006caf80000)
 Metaspace       used 45322K, capacity 45783K, committed 46208K, reserved 1089536K
  class space    used 5334K, capacity 5468K, committed 5504K, reserved 1048576K
}
Event: 204.948 GC heap before
{Heap before GC invocations=33 (full 5):
 PSYoungGen      total 1284608K, used 828012K [0x000000076ab00000, 0x00000007bca00000, 0x00000007c0000000)
  eden space 1244160K, 64% used [0x000000076ab00000,0x000000079ba1cb48,0x00000007b6a00000)
  from space 40448K, 64% used [0x00000007b6a00000,0x00000007b837e880,0x00000007b9180000)
  to   space 39424K, 0% used [0x00000007ba380000,0x00000007ba380000,0x00000007bca00000)
 ParOldGen       total 179712K, used 160616K [0x00000006c0000000, 0x00000006caf80000, 0x000000076ab00000)
  object space 179712K, 89% used [0x00000006c0000000,0x00000006c9cda2a0,0x00000006caf80000)
 Metaspace       used 45364K, capacity 45783K, committed 46208K, reserved 1089536K
  class space    used 5341K, capacity 5468K, committed 5504K, reserved 1048576K
Event: 204.959 GC heap after
Heap after GC invocations=33 (full 5):
 PSYoungGen      total 1300992K, used 26420K [0x000000076ab00000, 0x00000007bc800000, 0x00000007c0000000)
  eden space 1263616K, 0% used [0x000000076ab00000,0x000000076ab00000,0x00000007b7d00000)
  from space 37376K, 70% used [0x00000007ba380000,0x00000007bbd4d230,0x00000007bc800000)
  to   space 38400K, 0% used [0x00000007b7d00000,0x00000007b7d00000,0x00000007ba280000)
 ParOldGen       total 179712K, used 160624K [0x00000006c0000000, 0x00000006caf80000, 0x000000076ab00000)
  object space 179712K, 89% used [0x00000006c0000000,0x00000006c9cdc2a0,0x00000006caf80000)
 Metaspace       used 45364K, capacity 45783K, committed 46208K, reserved 1089536K
  class space    used 5341K, capacity 5468K, committed 5504K, reserved 1048576K
}
Event: 204.959 GC heap before
{Heap before GC invocations=34 (full 6):
 PSYoungGen      total 1300992K, used 26420K [0x000000076ab00000, 0x00000007bc800000, 0x00000007c0000000)
  eden space 1263616K, 0% used [0x000000076ab00000,0x000000076ab00000,0x00000007b7d00000)
  from space 37376K, 70% used [0x00000007ba380000,0x00000007bbd4d230,0x00000007bc800000)
  to   space 38400K, 0% used [0x00000007b7d00000,0x00000007b7d00000,0x00000007ba280000)
 ParOldGen       total 179712K, used 160624K [0x00000006c0000000, 0x00000006caf80000, 0x000000076ab00000)
  object space 179712K, 89% used [0x00000006c0000000,0x00000006c9cdc2a0,0x00000006caf80000)
 Metaspace       used 45364K, capacity 45783K, committed 46208K, reserved 1089536K
  class space    used 5341K, capacity 5468K, committed 5504K, reserved 1048576K
Event: 205.211 GC heap after
Heap after GC invocations=34 (full 6):
 PSYoungGen      total 1300992K, used 0K [0x000000076ab00000, 0x00000007bc800000, 0x00000007c0000000)
  eden space 1263616K, 0% used [0x000000076ab00000,0x000000076ab00000,0x00000007b7d00000)
  from space 37376K, 0% used [0x00000007ba380000,0x00000007ba380000,0x00000007bc800000)
  to   space 38400K, 0% used [0x00000007b7d00000,0x00000007b7d00000,0x00000007ba280000)
 ParOldGen       total 179712K, used 175198K [0x00000006c0000000, 0x00000006caf80000, 0x000000076ab00000)
  object space 179712K, 97% used [0x00000006c0000000,0x00000006cab17bd8,0x00000006caf80000)
 Metaspace       used 45364K, capacity 45783K, committed 46208K, reserved 1089536K
  class space    used 5341K, capacity 5468K, committed 5504K, reserved 1048576K
}

