# JRE version: Java(TM) SE Runtime Environment (8.0_101-b13) (build 1.8.0_101-b13)
# Java VM: Java HotSpot(TM) 64-Bit Server VM (25.101-b13 mixed mode windows-amd64 compressed oops)
Heap:
 PSYoungGen      total 999424K, used 655013K [0x000000076ab00000, 0x00000007b0180000, 0x00000007c0000000)
  eden space 937472K, 67% used [0x000000076ab00000,0x0000000791796c60,0x00000007a3e80000)
  from space 61952K, 31% used [0x00000007a3e80000,0x00000007a5192a20,0x00000007a7b00000)
  to   space 59904K, 0% used [0x00000007ac700000,0x00000007ac700000,0x00000007b0180000)
 ParOldGen       total 187392K, used 161218K [0x00000006c0000000, 0x00000006cb700000, 0x000000076ab00000)
  object space 187392K, 86% used [0x00000006c0000000,0x00000006c9d70918,0x00000006cb700000)
 Metaspace       used 44320K, capacity 44705K, committed 45184K, reserved 1089536K
  class space    used 5313K, capacity 5431K, committed 5504K, reserved 1048576K
GC Heap History (10 events):
Event: 53.613 GC heap before
{Heap before GC invocations=20 (full 5):
 PSYoungGen      total 800768K, used 731136K [0x000000076ab00000, 0x00000007a0000000, 0x00000007c0000000)
  eden space 731136K, 100% used [0x000000076ab00000,0x0000000797500000,0x0000000797500000)
  from space 69632K, 0% used [0x000000079bc00000,0x000000079bc00000,0x00000007a0000000)
  to   space 71168K, 0% used [0x0000000797500000,0x0000000797500000,0x000000079ba80000)
 ParOldGen       total 187392K, used 161186K [0x00000006c0000000, 0x00000006cb700000, 0x000000076ab00000)
  object space 187392K, 86% used [0x00000006c0000000,0x00000006c9d68918,0x00000006cb700000)
 Metaspace       used 43144K, capacity 43521K, committed 43904K, reserved 1087488K
  class space    used 5265K, capacity 5399K, committed 5504K, reserved 1048576K
Event: 53.619 GC heap after
Heap after GC invocations=20 (full 5):
 PSYoungGen      total 802304K, used 15545K [0x000000076ab00000, 0x00000007a8480000, 0x00000007c0000000)
  eden space 731136K, 0% used [0x000000076ab00000,0x000000076ab00000,0x0000000797500000)
  from space 71168K, 21% used [0x0000000797500000,0x000000079842e530,0x000000079ba80000)
  to   space 69632K, 0% used [0x00000007a4080000,0x00000007a4080000,0x00000007a8480000)
 ParOldGen       total 187392K, used 161194K [0x00000006c0000000, 0x00000006cb700000, 0x000000076ab00000)
  object space 187392K, 86% used [0x00000006c0000000,0x00000006c9d6a918,0x00000006cb700000)
 Metaspace       used 43144K, capacity 43521K, committed 43904K, reserved 1087488K
  class space    used 5265K, capacity 5399K, committed 5504K, reserved 1048576K
}
Event: 57.694 GC heap before
{Heap before GC invocations=21 (full 5):
 PSYoungGen      total 802304K, used 745879K [0x000000076ab00000, 0x00000007a8480000, 0x00000007c0000000)
  eden space 731136K, 99% used [0x000000076ab00000,0x00000007974378f8,0x0000000797500000)
  from space 71168K, 21% used [0x0000000797500000,0x000000079842e530,0x000000079ba80000)
  to   space 69632K, 0% used [0x00000007a4080000,0x00000007a4080000,0x00000007a8480000)
 ParOldGen       total 187392K, used 161194K [0x00000006c0000000, 0x00000006cb700000, 0x000000076ab00000)
  object space 187392K, 86% used [0x00000006c0000000,0x00000006c9d6a918,0x00000006cb700000)
 Metaspace       used 43791K, capacity 44193K, committed 44672K, reserved 1089536K
  class space    used 5297K, capacity 5431K, committed 5504K, reserved 1048576K
Event: 57.704 GC heap after
Heap after GC invocations=21 (full 5):
 PSYoungGen      total 889344K, used 19425K [0x000000076ab00000, 0x00000007a6980000, 0x00000007c0000000)
  eden space 847360K, 0% used [0x000000076ab00000,0x000000076ab00000,0x000000079e680000)
  from space 41984K, 46% used [0x00000007a4080000,0x00000007a53784a0,0x00000007a6980000)
  to   space 67072K, 0% used [0x000000079e680000,0x000000079e680000,0x00000007a2800000)
 ParOldGen       total 187392K, used 161202K [0x00000006c0000000, 0x00000006cb700000, 0x000000076ab00000)
  object space 187392K, 86% used [0x00000006c0000000,0x00000006c9d6c918,0x00000006cb700000)
 Metaspace       used 43791K, capacity 44193K, committed 44672K, reserved 1089536K
  class space    used 5297K, capacity 5431K, committed 5504K, reserved 1048576K
}
Event: 64.214 GC heap before
{Heap before GC invocations=22 (full 5):
 PSYoungGen      total 889344K, used 866785K [0x000000076ab00000, 0x00000007a6980000, 0x00000007c0000000)
  eden space 847360K, 100% used [0x000000076ab00000,0x000000079e680000,0x000000079e680000)
  from space 41984K, 46% used [0x00000007a4080000,0x00000007a53784a0,0x00000007a6980000)
  to   space 67072K, 0% used [0x000000079e680000,0x000000079e680000,0x00000007a2800000)
 ParOldGen       total 187392K, used 161202K [0x00000006c0000000, 0x00000006cb700000, 0x000000076ab00000)
  object space 187392K, 86% used [0x00000006c0000000,0x00000006c9d6c918,0x00000006cb700000)
 Metaspace       used 44076K, capacity 44449K, committed 44928K, reserved 1089536K
  class space    used 5300K, capacity 5431K, committed 5504K, reserved 1048576K
Event: 64.225 GC heap after
Heap after GC invocations=22 (full 5):
 PSYoungGen      total 914432K, used 19370K [0x000000076ab00000, 0x00000007ad080000, 0x00000007c0000000)
  eden space 847360K, 0% used [0x000000076ab00000,0x000000076ab00000,0x000000079e680000)
  from space 67072K, 28% used [0x000000079e680000,0x000000079f96aa20,0x00000007a2800000)
  to   space 64512K, 0% used [0x00000007a9180000,0x00000007a9180000,0x00000007ad080000)
 ParOldGen       total 187392K, used 161202K [0x00000006c0000000, 0x00000006cb700000, 0x000000076ab00000)
  object space 187392K, 86% used [0x00000006c0000000,0x00000006c9d6c918,0x00000006cb700000)
 Metaspace       used 44076K, capacity 44449K, committed 44928K, reserved 1089536K
  class space    used 5300K, capacity 5431K, committed 5504K, reserved 1048576K
}
Event: 71.212 GC heap before
{Heap before GC invocations=23 (full 5):
 PSYoungGen      total 914432K, used 866730K [0x000000076ab00000, 0x00000007ad080000, 0x00000007c0000000)
  eden space 847360K, 100% used [0x000000076ab00000,0x000000079e680000,0x000000079e680000)
  from space 67072K, 28% used [0x000000079e680000,0x000000079f96aa20,0x00000007a2800000)
  to   space 64512K, 0% used [0x00000007a9180000,0x00000007a9180000,0x00000007ad080000)
 ParOldGen       total 187392K, used 161202K [0x00000006c0000000, 0x00000006cb700000, 0x000000076ab00000)
  object space 187392K, 86% used [0x00000006c0000000,0x00000006c9d6c918,0x00000006cb700000)
 Metaspace       used 44184K, capacity 44577K, committed 44928K, reserved 1089536K
  class space    used 5300K, capacity 5431K, committed 5504K, reserved 1048576K
Event: 71.220 GC heap after
Heap after GC invocations=23 (full 5):
 PSYoungGen      total 976384K, used 19498K [0x000000076ab00000, 0x00000007ab780000, 0x00000007c0000000)
  eden space 937472K, 0% used [0x000000076ab00000,0x000000076ab00000,0x00000007a3e80000)
  from space 38912K, 50% used [0x00000007a9180000,0x00000007aa48aa20,0x00000007ab780000)
  to   space 61952K, 0% used [0x00000007a3e80000,0x00000007a3e80000,0x00000007a7b00000)
 ParOldGen       total 187392K, used 161210K [0x00000006c0000000, 0x00000006cb700000, 0x000000076ab00000)
  object space 187392K, 86% used [0x00000006c0000000,0x00000006c9d6e918,0x00000006cb700000)
 Metaspace       used 44184K, capacity 44577K, committed 44928K, reserved 1089536K
  class space    used 5300K, capacity 5431K, committed 5504K, reserved 1048576K
}
Event: 78.815 GC heap before
{Heap before GC invocations=24 (full 5):
 PSYoungGen      total 976384K, used 956970K [0x000000076ab00000, 0x00000007ab780000, 0x00000007c0000000)
  eden space 937472K, 100% used [0x000000076ab00000,0x00000007a3e80000,0x00000007a3e80000)
  from space 38912K, 50% used [0x00000007a9180000,0x00000007aa48aa20,0x00000007ab780000)
  to   space 61952K, 0% used [0x00000007a3e80000,0x00000007a3e80000,0x00000007a7b00000)
 ParOldGen       total 187392K, used 161210K [0x00000006c0000000, 0x00000006cb700000, 0x000000076ab00000)
  object space 187392K, 86% used [0x00000006c0000000,0x00000006c9d6e918,0x00000006cb700000)
 Metaspace       used 44211K, capacity 44577K, committed 44928K, reserved 1089536K
  class space    used 5302K, capacity 5431K, committed 5504K, reserved 1048576K
Event: 78.823 GC heap after
Heap after GC invocations=24 (full 5):
 PSYoungGen      total 999424K, used 19530K [0x000000076ab00000, 0x00000007b0180000, 0x00000007c0000000)
  eden space 937472K, 0% used [0x000000076ab00000,0x000000076ab00000,0x00000007a3e80000)
  from space 61952K, 31% used [0x00000007a3e80000,0x00000007a5192a20,0x00000007a7b00000)
  to   space 59904K, 0% used [0x00000007ac700000,0x00000007ac700000,0x00000007b0180000)
 ParOldGen       total 187392K, used 161218K [0x00000006c0000000, 0x00000006cb700000, 0x000000076ab00000)
  object space 187392K, 86% used [0x00000006c0000000,0x00000006c9d70918,0x00000006cb700000)
 Metaspace       used 44211K, capacity 44577K, committed 44928K, reserved 1089536K
  class space    used 5302K, capacity 5431K, committed 5504K, reserved 1048576K
}

