# JRE version: Java(TM) SE Runtime Environment (8.0_101-b13) (build 1.8.0_101-b13)
# Java VM: Java HotSpot(TM) 64-Bit Server VM (25.101-b13 mixed mode windows-amd64 compressed oops)
Heap:
 PSYoungGen      total 1334784K, used 156654K [0x000000076ab00000, 0x00000007bd900000, 0x00000007c0000000)
  eden space 1314816K, 11% used [0x000000076ab00000,0x0000000774034090,0x00000007baf00000)
  from space 19968K, 19% used [0x00000007bc580000,0x00000007bc947770,0x00000007bd900000)
  to   space 21504K, 0% used [0x00000007baf00000,0x00000007baf00000,0x00000007bc400000)
 ParOldGen       total 371712K, used 173844K [0x00000006c0000000, 0x00000006d6b00000, 0x000000076ab00000)
  object space 371712K, 46% used [0x00000006c0000000,0x00000006ca9c5190,0x00000006d6b00000)
 Metaspace       used 44654K, capacity 45117K, committed 45440K, reserved 1089536K
  class space    used 5321K, capacity 5463K, committed 5504K, reserved 1048576K
GC Heap History (10 events):
Event: 316.963 GC heap before
{Heap before GC invocations=50 (full 6):
 PSYoungGen      total 1332736K, used 1305629K [0x000000076ab00000, 0x00000007bdf80000, 0x00000007c0000000)
  eden space 1302528K, 100% used [0x000000076ab00000,0x00000007ba300000,0x00000007ba300000)
  from space 30208K, 10% used [0x00000007ba300000,0x00000007ba607440,0x00000007bc080000)
  to   space 28672K, 0% used [0x00000007bc380000,0x00000007bc380000,0x00000007bdf80000)
 ParOldGen       total 371712K, used 173732K [0x00000006c0000000, 0x00000006d6b00000, 0x000000076ab00000)
  object space 371712K, 46% used [0x00000006c0000000,0x00000006ca9a9180,0x00000006d6b00000)
 Metaspace       used 44439K, capacity 44765K, committed 45184K, reserved 1089536K
  class space    used 5303K, capacity 5431K, committed 5504K, reserved 1048576K
Event: 316.965 GC heap after
Heap after GC invocations=50 (full 6):
 PSYoungGen      total 1331712K, used 3901K [0x000000076ab00000, 0x00000007bdb80000, 0x00000007c0000000)
  eden space 1307136K, 0% used [0x000000076ab00000,0x000000076ab00000,0x00000007ba780000)
  from space 24576K, 15% used [0x00000007bc380000,0x00000007bc74f770,0x00000007bdb80000)
  to   space 26624K, 0% used [0x00000007ba780000,0x00000007ba780000,0x00000007bc180000)
 ParOldGen       total 371712K, used 173740K [0x00000006c0000000, 0x00000006d6b00000, 0x000000076ab00000)
  object space 371712K, 46% used [0x00000006c0000000,0x00000006ca9ab180,0x00000006d6b00000)
 Metaspace       used 44439K, capacity 44765K, committed 45184K, reserved 1089536K
  class space    used 5303K, capacity 5431K, committed 5504K, reserved 1048576K
}
Event: 327.042 GC heap before
{Heap before GC invocations=51 (full 6):
 PSYoungGen      total 1331712K, used 1311037K [0x000000076ab00000, 0x00000007bdb80000, 0x00000007c0000000)
  eden space 1307136K, 100% used [0x000000076ab00000,0x00000007ba780000,0x00000007ba780000)
  from space 24576K, 15% used [0x00000007bc380000,0x00000007bc74f770,0x00000007bdb80000)
  to   space 26624K, 0% used [0x00000007ba780000,0x00000007ba780000,0x00000007bc180000)
 ParOldGen       total 371712K, used 173740K [0x00000006c0000000, 0x00000006d6b00000, 0x000000076ab00000)
  object space 371712K, 46% used [0x00000006c0000000,0x00000006ca9ab180,0x00000006d6b00000)
 Metaspace       used 44529K, capacity 44925K, committed 45440K, reserved 1089536K
  class space    used 5312K, capacity 5463K, committed 5504K, reserved 1048576K
Event: 327.045 GC heap after
Heap after GC invocations=51 (full 6):
 PSYoungGen      total 1333760K, used 3965K [0x000000076ab00000, 0x00000007bdc80000, 0x00000007c0000000)
  eden space 1307136K, 0% used [0x000000076ab00000,0x000000076ab00000,0x00000007ba780000)
  from space 26624K, 14% used [0x00000007ba780000,0x00000007bab5f770,0x00000007bc180000)
  to   space 25088K, 0% used [0x00000007bc400000,0x00000007bc400000,0x00000007bdc80000)
 ParOldGen       total 371712K, used 173748K [0x00000006c0000000, 0x00000006d6b00000, 0x000000076ab00000)
  object space 371712K, 46% used [0x00000006c0000000,0x00000006ca9ad180,0x00000006d6b00000)
 Metaspace       used 44529K, capacity 44925K, committed 45440K, reserved 1089536K
  class space    used 5312K, capacity 5463K, committed 5504K, reserved 1048576K
}
Event: 337.895 GC heap before
{Heap before GC invocations=52 (full 6):
 PSYoungGen      total 1333760K, used 1311101K [0x000000076ab00000, 0x00000007bdc80000, 0x00000007c0000000)
  eden space 1307136K, 100% used [0x000000076ab00000,0x00000007ba780000,0x00000007ba780000)
  from space 26624K, 14% used [0x00000007ba780000,0x00000007bab5f770,0x00000007bc180000)
  to   space 25088K, 0% used [0x00000007bc400000,0x00000007bc400000,0x00000007bdc80000)
 ParOldGen       total 371712K, used 173748K [0x00000006c0000000, 0x00000006d6b00000, 0x000000076ab00000)
  object space 371712K, 46% used [0x00000006c0000000,0x00000006ca9ad180,0x00000006d6b00000)
 Metaspace       used 44556K, capacity 44989K, committed 45440K, reserved 1089536K
  class space    used 5312K, capacity 5463K, committed 5504K, reserved 1048576K
Event: 337.898 GC heap after
Heap after GC invocations=52 (full 6):
 PSYoungGen      total 1334272K, used 2653K [0x000000076ab00000, 0x00000007bda80000, 0x00000007c0000000)
  eden space 1311232K, 0% used [0x000000076ab00000,0x000000076ab00000,0x00000007bab80000)
  from space 23040K, 11% used [0x00000007bc400000,0x00000007bc697770,0x00000007bda80000)
  to   space 24064K, 0% used [0x00000007bab80000,0x00000007bab80000,0x00000007bc300000)
 ParOldGen       total 371712K, used 173780K [0x00000006c0000000, 0x00000006d6b00000, 0x000000076ab00000)
  object space 371712K, 46% used [0x00000006c0000000,0x00000006ca9b5180,0x00000006d6b00000)
 Metaspace       used 44556K, capacity 44989K, committed 45440K, reserved 1089536K
  class space    used 5312K, capacity 5463K, committed 5504K, reserved 1048576K
}
Event: 348.860 GC heap before
{Heap before GC invocations=53 (full 6):
 PSYoungGen      total 1334272K, used 1313885K [0x000000076ab00000, 0x00000007bda80000, 0x00000007c0000000)
  eden space 1311232K, 100% used [0x000000076ab00000,0x00000007bab80000,0x00000007bab80000)
  from space 23040K, 11% used [0x00000007bc400000,0x00000007bc697770,0x00000007bda80000)
  to   space 24064K, 0% used [0x00000007bab80000,0x00000007bab80000,0x00000007bc300000)
 ParOldGen       total 371712K, used 173780K [0x00000006c0000000, 0x00000006d6b00000, 0x000000076ab00000)
  object space 371712K, 46% used [0x00000006c0000000,0x00000006ca9b5180,0x00000006d6b00000)
 Metaspace       used 44558K, capacity 44989K, committed 45440K, reserved 1089536K
  class space    used 5312K, capacity 5463K, committed 5504K, reserved 1048576K
Event: 348.862 GC heap after
Heap after GC invocations=53 (full 6):
 PSYoungGen      total 1335296K, used 3742K [0x000000076ab00000, 0x00000007bdb80000, 0x00000007c0000000)
  eden space 1311232K, 0% used [0x000000076ab00000,0x000000076ab00000,0x00000007bab80000)
  from space 24064K, 15% used [0x00000007bab80000,0x00000007baf27a60,0x00000007bc300000)
  to   space 22528K, 0% used [0x00000007bc580000,0x00000007bc580000,0x00000007bdb80000)
 ParOldGen       total 371712K, used 173820K [0x00000006c0000000, 0x00000006d6b00000, 0x000000076ab00000)
  object space 371712K, 46% used [0x00000006c0000000,0x00000006ca9bf190,0x00000006d6b00000)
 Metaspace       used 44558K, capacity 44989K, committed 45440K, reserved 1089536K
  class space    used 5312K, capacity 5463K, committed 5504K, reserved 1048576K
}
Event: 359.677 GC heap before
{Heap before GC invocations=54 (full 6):
 PSYoungGen      total 1335296K, used 1314974K [0x000000076ab00000, 0x00000007bdb80000, 0x00000007c0000000)
  eden space 1311232K, 100% used [0x000000076ab00000,0x00000007bab80000,0x00000007bab80000)
  from space 24064K, 15% used [0x00000007bab80000,0x00000007baf27a60,0x00000007bc300000)
  to   space 22528K, 0% used [0x00000007bc580000,0x00000007bc580000,0x00000007bdb80000)
 ParOldGen       total 371712K, used 173820K [0x00000006c0000000, 0x00000006d6b00000, 0x000000076ab00000)
  object space 371712K, 46% used [0x00000006c0000000,0x00000006ca9bf190,0x00000006d6b00000)
 Metaspace       used 44598K, capacity 45053K, committed 45440K, reserved 1089536K
  class space    used 5312K, capacity 5463K, committed 5504K, reserved 1048576K
Event: 359.679 GC heap after
Heap after GC invocations=54 (full 6):
 PSYoungGen      total 1334784K, used 3869K [0x000000076ab00000, 0x00000007bd900000, 0x00000007c0000000)
  eden space 1314816K, 0% used [0x000000076ab00000,0x000000076ab00000,0x00000007baf00000)
  from space 19968K, 19% used [0x00000007bc580000,0x00000007bc947770,0x00000007bd900000)
  to   space 21504K, 0% used [0x00000007baf00000,0x00000007baf00000,0x00000007bc400000)
 ParOldGen       total 371712K, used 173844K [0x00000006c0000000, 0x00000006d6b00000, 0x000000076ab00000)
  object space 371712K, 46% used [0x00000006c0000000,0x00000006ca9c5190,0x00000006d6b00000)
 Metaspace       used 44598K, capacity 45053K, committed 45440K, reserved 1089536K
  class space    used 5312K, capacity 5463K, committed 5504K, reserved 1048576K
}

