# JRE version: Java(TM) SE Runtime Environment (8.0_77-b03) (build 1.8.0_77-b03)
# Java VM: Java HotSpot(TM) 64-Bit Server VM (25.77-b03 mixed mode windows-amd64 compressed oops)
Heap:
 PSYoungGen      total 1351168K, used 878069K [0x000000076ab00000, 0x00000007bfb80000, 0x00000007c0000000)
  eden space 1315328K, 65% used [0x000000076ab00000,0x000000079efc4378,0x00000007baf80000)
  from space 35840K, 59% used [0x00000007bd880000,0x00000007bed39268,0x00000007bfb80000)
  to   space 38912K, 0% used [0x00000007baf80000,0x00000007baf80000,0x00000007bd580000)
 ParOldGen       total 178688K, used 159763K [0x00000006c0000000, 0x00000006cae80000, 0x000000076ab00000)
  object space 178688K, 89% used [0x00000006c0000000,0x00000006c9c04ee8,0x00000006cae80000)
 Metaspace       used 44841K, capacity 45277K, committed 45696K, reserved 1089536K
  class space    used 5304K, capacity 5441K, committed 5504K, reserved 1048576K
GC Heap History (10 events):
Event: 97.070 GC heap before
{Heap before GC invocations=29 (full 5):
 PSYoungGen      total 1302528K, used 1273426K [0x000000076ab00000, 0x00000007bfb00000, 0x00000007c0000000)
  eden space 1252864K, 100% used [0x000000076ab00000,0x00000007b7280000,0x00000007b7280000)
  from space 49664K, 41% used [0x00000007b7280000,0x00000007b8694b58,0x00000007ba300000)
  to   space 47616K, 0% used [0x00000007bcc80000,0x00000007bcc80000,0x00000007bfb00000)
 ParOldGen       total 178688K, used 159747K [0x00000006c0000000, 0x00000006cae80000, 0x000000076ab00000)
  object space 178688K, 89% used [0x00000006c0000000,0x00000006c9c00ee8,0x00000006cae80000)
 Metaspace       used 44735K, capacity 45143K, committed 45440K, reserved 1089536K
  class space    used 5296K, capacity 5440K, committed 5504K, reserved 1048576K
Event: 97.079 GC heap after
Heap after GC invocations=29 (full 5):
 PSYoungGen      total 1325568K, used 21192K [0x000000076ab00000, 0x00000007bef80000, 0x00000007c0000000)
  eden space 1289728K, 0% used [0x000000076ab00000,0x000000076ab00000,0x00000007b9680000)
  from space 35840K, 59% used [0x00000007bcc80000,0x00000007be1323c8,0x00000007bef80000)
  to   space 45568K, 0% used [0x00000007b9680000,0x00000007b9680000,0x00000007bc300000)
 ParOldGen       total 178688K, used 159755K [0x00000006c0000000, 0x00000006cae80000, 0x000000076ab00000)
  object space 178688K, 89% used [0x00000006c0000000,0x00000006c9c02ee8,0x00000006cae80000)
 Metaspace       used 44735K, capacity 45143K, committed 45440K, reserved 1089536K
  class space    used 5296K, capacity 5440K, committed 5504K, reserved 1048576K
}
Event: 106.598 GC heap before
{Heap before GC invocations=30 (full 5):
 PSYoungGen      total 1325568K, used 1310920K [0x000000076ab00000, 0x00000007bef80000, 0x00000007c0000000)
  eden space 1289728K, 100% used [0x000000076ab00000,0x00000007b9680000,0x00000007b9680000)
  from space 35840K, 59% used [0x00000007bcc80000,0x00000007be1323c8,0x00000007bef80000)
  to   space 45568K, 0% used [0x00000007b9680000,0x00000007b9680000,0x00000007bc300000)
 ParOldGen       total 178688K, used 159755K [0x00000006c0000000, 0x00000006cae80000, 0x000000076ab00000)
  object space 178688K, 89% used [0x00000006c0000000,0x00000006c9c02ee8,0x00000006cae80000)
 Metaspace       used 44745K, capacity 45143K, committed 45440K, reserved 1089536K
  class space    used 5296K, capacity 5440K, committed 5504K, reserved 1048576K
Event: 106.606 GC heap after
Heap after GC invocations=30 (full 5):
 PSYoungGen      total 1335296K, used 21176K [0x000000076ab00000, 0x00000007c0000000, 0x00000007c0000000)
  eden space 1289728K, 0% used [0x000000076ab00000,0x000000076ab00000,0x00000007b9680000)
  from space 45568K, 46% used [0x00000007b9680000,0x00000007bab2e3d8,0x00000007bc300000)
  to   space 43520K, 0% used [0x00000007bd580000,0x00000007bd580000,0x00000007c0000000)
 ParOldGen       total 178688K, used 159755K [0x00000006c0000000, 0x00000006cae80000, 0x000000076ab00000)
  object space 178688K, 89% used [0x00000006c0000000,0x00000006c9c02ee8,0x00000006cae80000)
 Metaspace       used 44745K, capacity 45143K, committed 45440K, reserved 1089536K
  class space    used 5296K, capacity 5440K, committed 5504K, reserved 1048576K
}
Event: 116.147 GC heap before
{Heap before GC invocations=31 (full 5):
 PSYoungGen      total 1335296K, used 1310904K [0x000000076ab00000, 0x00000007c0000000, 0x00000007c0000000)
  eden space 1289728K, 100% used [0x000000076ab00000,0x00000007b9680000,0x00000007b9680000)
  from space 45568K, 46% used [0x00000007b9680000,0x00000007bab2e3d8,0x00000007bc300000)
  to   space 43520K, 0% used [0x00000007bd580000,0x00000007bd580000,0x00000007c0000000)
 ParOldGen       total 178688K, used 159755K [0x00000006c0000000, 0x00000006cae80000, 0x000000076ab00000)
  object space 178688K, 89% used [0x00000006c0000000,0x00000006c9c02ee8,0x00000006cae80000)
 Metaspace       used 44761K, capacity 45213K, committed 45696K, reserved 1089536K
  class space    used 5296K, capacity 5441K, committed 5504K, reserved 1048576K
Event: 116.156 GC heap after
Heap after GC invocations=31 (full 5):
 PSYoungGen      total 1347072K, used 21144K [0x000000076ab00000, 0x00000007bfb00000, 0x00000007c0000000)
  eden space 1308672K, 0% used [0x000000076ab00000,0x000000076ab00000,0x00000007ba900000)
  from space 38400K, 55% used [0x00000007bd580000,0x00000007bea263d8,0x00000007bfb00000)
  to   space 41984K, 0% used [0x00000007ba900000,0x00000007ba900000,0x00000007bd200000)
 ParOldGen       total 178688K, used 159755K [0x00000006c0000000, 0x00000006cae80000, 0x000000076ab00000)
  object space 178688K, 89% used [0x00000006c0000000,0x00000006c9c02ee8,0x00000006cae80000)
 Metaspace       used 44761K, capacity 45213K, committed 45696K, reserved 1089536K
  class space    used 5296K, capacity 5441K, committed 5504K, reserved 1048576K
}
Event: 125.763 GC heap before
{Heap before GC invocations=32 (full 5):
 PSYoungGen      total 1347072K, used 1329816K [0x000000076ab00000, 0x00000007bfb00000, 0x00000007c0000000)
  eden space 1308672K, 100% used [0x000000076ab00000,0x00000007ba900000,0x00000007ba900000)
  from space 38400K, 55% used [0x00000007bd580000,0x00000007bea263d8,0x00000007bfb00000)
  to   space 41984K, 0% used [0x00000007ba900000,0x00000007ba900000,0x00000007bd200000)
 ParOldGen       total 178688K, used 159755K [0x00000006c0000000, 0x00000006cae80000, 0x000000076ab00000)
  object space 178688K, 89% used [0x00000006c0000000,0x00000006c9c02ee8,0x00000006cae80000)
 Metaspace       used 44770K, capacity 45213K, committed 45696K, reserved 1089536K
  class space    used 5296K, capacity 5441K, committed 5504K, reserved 1048576K
Event: 125.772 GC heap after
Heap after GC invocations=32 (full 5):
 PSYoungGen      total 1350656K, used 21284K [0x000000076ab00000, 0x00000007c0000000, 0x00000007c0000000)
  eden space 1308672K, 0% used [0x000000076ab00000,0x000000076ab00000,0x00000007ba900000)
  from space 41984K, 50% used [0x00000007ba900000,0x00000007bbdc9268,0x00000007bd200000)
  to   space 40448K, 0% used [0x00000007bd880000,0x00000007bd880000,0x00000007c0000000)
 ParOldGen       total 178688K, used 159763K [0x00000006c0000000, 0x00000006cae80000, 0x000000076ab00000)
  object space 178688K, 89% used [0x00000006c0000000,0x00000006c9c04ee8,0x00000006cae80000)
 Metaspace       used 44770K, capacity 45213K, committed 45696K, reserved 1089536K
  class space    used 5296K, capacity 5441K, committed 5504K, reserved 1048576K
}
Event: 135.315 GC heap before
{Heap before GC invocations=33 (full 5):
 PSYoungGen      total 1350656K, used 1329956K [0x000000076ab00000, 0x00000007c0000000, 0x00000007c0000000)
  eden space 1308672K, 100% used [0x000000076ab00000,0x00000007ba900000,0x00000007ba900000)
  from space 41984K, 50% used [0x00000007ba900000,0x00000007bbdc9268,0x00000007bd200000)
  to   space 40448K, 0% used [0x00000007bd880000,0x00000007bd880000,0x00000007c0000000)
 ParOldGen       total 178688K, used 159763K [0x00000006c0000000, 0x00000006cae80000, 0x000000076ab00000)
  object space 178688K, 89% used [0x00000006c0000000,0x00000006c9c04ee8,0x00000006cae80000)
 Metaspace       used 44774K, capacity 45213K, committed 45696K, reserved 1089536K
  class space    used 5296K, capacity 5441K, committed 5504K, reserved 1048576K
Event: 135.323 GC heap after
Heap after GC invocations=33 (full 5):
 PSYoungGen      total 1351168K, used 21220K [0x000000076ab00000, 0x00000007bfb80000, 0x00000007c0000000)
  eden space 1315328K, 0% used [0x000000076ab00000,0x000000076ab00000,0x00000007baf80000)
  from space 35840K, 59% used [0x00000007bd880000,0x00000007bed39268,0x00000007bfb80000)
  to   space 38912K, 0% used [0x00000007baf80000,0x00000007baf80000,0x00000007bd580000)
 ParOldGen       total 178688K, used 159763K [0x00000006c0000000, 0x00000006cae80000, 0x000000076ab00000)
  object space 178688K, 89% used [0x00000006c0000000,0x00000006c9c04ee8,0x00000006cae80000)
 Metaspace       used 44774K, capacity 45213K, committed 45696K, reserved 1089536K
  class space    used 5296K, capacity 5441K, committed 5504K, reserved 1048576K
}

