# JRE version: Java(TM) SE Runtime Environment (8.0_77-b03) (build 1.8.0_77-b03)
# Java VM: Java HotSpot(TM) 64-Bit Server VM (25.77-b03 mixed mode windows-amd64 compressed oops)
Heap:
 PSYoungGen      total 863232K, used 22282K [0x000000076ab00000, 0x00000007a6580000, 0x00000007c0000000)
  eden space 844288K, 2% used [0x000000076ab00000,0x000000076c0c29c0,0x000000079e380000)
  from space 18944K, 0% used [0x000000079e380000,0x000000079e380000,0x000000079f600000)
  to   space 66560K, 0% used [0x00000007a2480000,0x00000007a2480000,0x00000007a6580000)
 ParOldGen       total 188928K, used 170326K [0x00000006c0000000, 0x00000006cb880000, 0x000000076ab00000)
  object space 188928K, 90% used [0x00000006c0000000,0x00000006ca655bf0,0x00000006cb880000)
 Metaspace       used 44246K, capacity 44689K, committed 45184K, reserved 1089536K
  class space    used 5299K, capacity 5439K, committed 5504K, reserved 1048576K
GC Heap History (10 events):
Event: 17.643 GC heap before
{Heap before GC invocations=19 (full 5):
 PSYoungGen      total 798208K, used 35431K [0x000000076ab00000, 0x000000079ff80000, 0x00000007c0000000)
  eden space 727552K, 0% used [0x000000076ab00000,0x000000076ab00000,0x0000000797180000)
  from space 70656K, 50% used [0x000000079ba80000,0x000000079dd19e10,0x000000079ff80000)
  to   space 72704K, 0% used [0x0000000797180000,0x0000000797180000,0x000000079b880000)
 ParOldGen       total 188928K, used 128389K [0x00000006c0000000, 0x00000006cb880000, 0x000000076ab00000)
  object space 188928K, 67% used [0x00000006c0000000,0x00000006c7d615f0,0x00000006cb880000)
 Metaspace       used 41922K, capacity 42363K, committed 42752K, reserved 1087488K
  class space    used 5188K, capacity 5334K, committed 5376K, reserved 1048576K
Event: 17.965 GC heap after
Heap after GC invocations=19 (full 5):
 PSYoungGen      total 798208K, used 0K [0x000000076ab00000, 0x000000079ff80000, 0x00000007c0000000)
  eden space 727552K, 0% used [0x000000076ab00000,0x000000076ab00000,0x0000000797180000)
  from space 70656K, 0% used [0x000000079ba80000,0x000000079ba80000,0x000000079ff80000)
  to   space 72704K, 0% used [0x0000000797180000,0x0000000797180000,0x000000079b880000)
 ParOldGen       total 188928K, used 159826K [0x00000006c0000000, 0x00000006cb880000, 0x000000076ab00000)
  object space 188928K, 84% used [0x00000006c0000000,0x00000006c9c14bf8,0x00000006cb880000)
 Metaspace       used 41922K, capacity 42363K, committed 42752K, reserved 1087488K
  class space    used 5188K, capacity 5334K, committed 5376K, reserved 1048576K
}
Event: 19.632 GC heap before
{Heap before GC invocations=20 (full 5):
 PSYoungGen      total 798208K, used 727552K [0x000000076ab00000, 0x000000079ff80000, 0x00000007c0000000)
  eden space 727552K, 100% used [0x000000076ab00000,0x0000000797180000,0x0000000797180000)
  from space 70656K, 0% used [0x000000079ba80000,0x000000079ba80000,0x000000079ff80000)
  to   space 72704K, 0% used [0x0000000797180000,0x0000000797180000,0x000000079b880000)
 ParOldGen       total 188928K, used 159826K [0x00000006c0000000, 0x00000006cb880000, 0x000000076ab00000)
  object space 188928K, 84% used [0x00000006c0000000,0x00000006c9c14bf8,0x00000006cb880000)
 Metaspace       used 43140K, capacity 43601K, committed 43904K, reserved 1087488K
  class space    used 5270K, capacity 5439K, committed 5504K, reserved 1048576K
Event: 19.640 GC heap after
Heap after GC invocations=20 (full 5):
 PSYoungGen      total 800256K, used 13593K [0x000000076ab00000, 0x00000007a8380000, 0x00000007c0000000)
  eden space 727552K, 0% used [0x000000076ab00000,0x000000076ab00000,0x0000000797180000)
  from space 72704K, 18% used [0x0000000797180000,0x0000000797ec6530,0x000000079b880000)
  to   space 71168K, 0% used [0x00000007a3e00000,0x00000007a3e00000,0x00000007a8380000)
 ParOldGen       total 188928K, used 159834K [0x00000006c0000000, 0x00000006cb880000, 0x000000076ab00000)
  object space 188928K, 84% used [0x00000006c0000000,0x00000006c9c16bf8,0x00000006cb880000)
 Metaspace       used 43140K, capacity 43601K, committed 43904K, reserved 1087488K
  class space    used 5270K, capacity 5439K, committed 5504K, reserved 1048576K
}
Event: 22.696 GC heap before
{Heap before GC invocations=21 (full 5):
 PSYoungGen      total 800256K, used 741145K [0x000000076ab00000, 0x00000007a8380000, 0x00000007c0000000)
  eden space 727552K, 100% used [0x000000076ab00000,0x0000000797180000,0x0000000797180000)
  from space 72704K, 18% used [0x0000000797180000,0x0000000797ec6530,0x000000079b880000)
  to   space 71168K, 0% used [0x00000007a3e00000,0x00000007a3e00000,0x00000007a8380000)
 ParOldGen       total 188928K, used 159834K [0x00000006c0000000, 0x00000006cb880000, 0x000000076ab00000)
  object space 188928K, 84% used [0x00000006c0000000,0x00000006c9c16bf8,0x00000006cb880000)
 Metaspace       used 43765K, capacity 44241K, committed 44672K, reserved 1089536K
  class space    used 5284K, capacity 5439K, committed 5504K, reserved 1048576K
Event: 22.705 GC heap after
Heap after GC invocations=21 (full 5):
 PSYoungGen      total 888832K, used 18282K [0x000000076ab00000, 0x00000007a6980000, 0x00000007c0000000)
  eden space 844288K, 0% used [0x000000076ab00000,0x000000076ab00000,0x000000079e380000)
  from space 44544K, 41% used [0x00000007a3e00000,0x00000007a4fda9d8,0x00000007a6980000)
  to   space 68608K, 0% used [0x000000079e380000,0x000000079e380000,0x00000007a2680000)
 ParOldGen       total 188928K, used 159842K [0x00000006c0000000, 0x00000006cb880000, 0x000000076ab00000)
  object space 188928K, 84% used [0x00000006c0000000,0x00000006c9c18bf8,0x00000006cb880000)
 Metaspace       used 43765K, capacity 44241K, committed 44672K, reserved 1089536K
  class space    used 5284K, capacity 5439K, committed 5504K, reserved 1048576K
}
Event: 29.425 GC heap before
{Heap before GC invocations=22 (full 5):
 PSYoungGen      total 888832K, used 807588K [0x000000076ab00000, 0x00000007a6980000, 0x00000007c0000000)
  eden space 844288K, 93% used [0x000000076ab00000,0x000000079adce720,0x000000079e380000)
  from space 44544K, 41% used [0x00000007a3e00000,0x00000007a4fda9d8,0x00000007a6980000)
  to   space 68608K, 0% used [0x000000079e380000,0x000000079e380000,0x00000007a2680000)
 ParOldGen       total 188928K, used 159842K [0x00000006c0000000, 0x00000006cb880000, 0x000000076ab00000)
  object space 188928K, 84% used [0x00000006c0000000,0x00000006c9c18bf8,0x00000006cb880000)
 Metaspace       used 44233K, capacity 44689K, committed 45184K, reserved 1089536K
  class space    used 5297K, capacity 5439K, committed 5504K, reserved 1048576K
Event: 29.435 GC heap after
Heap after GC invocations=22 (full 5):
 PSYoungGen      total 863232K, used 18740K [0x000000076ab00000, 0x00000007a6580000, 0x00000007c0000000)
  eden space 844288K, 0% used [0x000000076ab00000,0x000000076ab00000,0x000000079e380000)
  from space 18944K, 98% used [0x000000079e380000,0x000000079f5cd090,0x000000079f600000)
  to   space 66560K, 0% used [0x00000007a2480000,0x00000007a2480000,0x00000007a6580000)
 ParOldGen       total 188928K, used 159850K [0x00000006c0000000, 0x00000006cb880000, 0x000000076ab00000)
  object space 188928K, 84% used [0x00000006c0000000,0x00000006c9c1abf8,0x00000006cb880000)
 Metaspace       used 44233K, capacity 44689K, committed 45184K, reserved 1089536K
  class space    used 5297K, capacity 5439K, committed 5504K, reserved 1048576K
}
Event: 29.435 GC heap before
{Heap before GC invocations=23 (full 6):
 PSYoungGen      total 863232K, used 18740K [0x000000076ab00000, 0x00000007a6580000, 0x00000007c0000000)
  eden space 844288K, 0% used [0x000000076ab00000,0x000000076ab00000,0x000000079e380000)
  from space 18944K, 98% used [0x000000079e380000,0x000000079f5cd090,0x000000079f600000)
  to   space 66560K, 0% used [0x00000007a2480000,0x00000007a2480000,0x00000007a6580000)
 ParOldGen       total 188928K, used 159850K [0x00000006c0000000, 0x00000006cb880000, 0x000000076ab00000)
  object space 188928K, 84% used [0x00000006c0000000,0x00000006c9c1abf8,0x00000006cb880000)
 Metaspace       used 44233K, capacity 44689K, committed 45184K, reserved 1089536K
  class space    used 5297K, capacity 5439K, committed 5504K, reserved 1048576K
Event: 29.707 GC heap after
Heap after GC invocations=23 (full 6):
 PSYoungGen      total 863232K, used 0K [0x000000076ab00000, 0x00000007a6580000, 0x00000007c0000000)
  eden space 844288K, 0% used [0x000000076ab00000,0x000000076ab00000,0x000000079e380000)
  from space 18944K, 0% used [0x000000079e380000,0x000000079e380000,0x000000079f600000)
  to   space 66560K, 0% used [0x00000007a2480000,0x00000007a2480000,0x00000007a6580000)
 ParOldGen       total 188928K, used 170326K [0x00000006c0000000, 0x00000006cb880000, 0x000000076ab00000)
  object space 188928K, 90% used [0x00000006c0000000,0x00000006ca655bf0,0x00000006cb880000)
 Metaspace       used 44233K, capacity 44689K, committed 45184K, reserved 1089536K
  class space    used 5297K, capacity 5439K, committed 5504K, reserved 1048576K
}

