# JRE version: Java(TM) SE Runtime Environment (8.0_77-b03) (build 1.8.0_77-b03)
# Java VM: Java HotSpot(TM) 64-Bit Server VM (25.77-b03 mixed mode windows-amd64 compressed oops)
Heap:
 PSYoungGen      total 814592K, used 392539K [0x000000076ab00000, 0x00000007a2000000, 0x00000007c0000000)
  eden space 771072K, 48% used [0x000000076ab00000,0x0000000781853740,0x0000000799c00000)
  from space 43520K, 42% used [0x000000079f580000,0x00000007a0783710,0x00000007a2000000)
  to   space 67584K, 0% used [0x0000000799c00000,0x0000000799c00000,0x000000079de00000)
 ParOldGen       total 192000K, used 159437K [0x00000006c0000000, 0x00000006cbb80000, 0x000000076ab00000)
  object space 192000K, 83% used [0x00000006c0000000,0x00000006c9bb3690,0x00000006cbb80000)
 Metaspace       used 43983K, capacity 44425K, committed 44928K, reserved 1089536K
  class space    used 5284K, capacity 5439K, committed 5504K, reserved 1048576K
GC Heap History (10 events):
Event: 15.969 GC heap before
{Heap before GC invocations=17 (full 4):
 PSYoungGen      total 738816K, used 32K [0x000000076ab00000, 0x000000079d180000, 0x00000007c0000000)
  eden space 667136K, 0% used [0x000000076ab00000,0x000000076ab00000,0x0000000793680000)
  from space 71680K, 0% used [0x0000000793680000,0x0000000793688000,0x0000000797c80000)
  to   space 73728K, 0% used [0x0000000798980000,0x0000000798980000,0x000000079d180000)
 ParOldGen       total 192000K, used 128487K [0x00000006c0000000, 0x00000006cbb80000, 0x000000076ab00000)
  object space 192000K, 66% used [0x00000006c0000000,0x00000006c7d79c80,0x00000006cbb80000)
 Metaspace       used 36364K, capacity 36725K, committed 36992K, reserved 1081344K
  class space    used 4538K, capacity 4683K, committed 4736K, reserved 1048576K
Event: 16.101 GC heap after
Heap after GC invocations=17 (full 4):
 PSYoungGen      total 738816K, used 0K [0x000000076ab00000, 0x000000079d180000, 0x00000007c0000000)
  eden space 667136K, 0% used [0x000000076ab00000,0x000000076ab00000,0x0000000793680000)
  from space 71680K, 0% used [0x0000000793680000,0x0000000793680000,0x0000000797c80000)
  to   space 73728K, 0% used [0x0000000798980000,0x0000000798980000,0x000000079d180000)
 ParOldGen       total 192000K, used 128487K [0x00000006c0000000, 0x00000006cbb80000, 0x000000076ab00000)
  object space 192000K, 66% used [0x00000006c0000000,0x00000006c7d79c60,0x00000006cbb80000)
 Metaspace       used 36364K, capacity 36725K, committed 36992K, reserved 1081344K
  class space    used 4538K, capacity 4683K, committed 4736K, reserved 1048576K
}
Event: 17.506 GC heap before
{Heap before GC invocations=18 (full 4):
 PSYoungGen      total 738816K, used 413321K [0x000000076ab00000, 0x000000079d180000, 0x00000007c0000000)
  eden space 667136K, 61% used [0x000000076ab00000,0x0000000783ea25b8,0x0000000793680000)
  from space 71680K, 0% used [0x0000000793680000,0x0000000793680000,0x0000000797c80000)
  to   space 73728K, 0% used [0x0000000798980000,0x0000000798980000,0x000000079d180000)
 ParOldGen       total 192000K, used 128487K [0x00000006c0000000, 0x00000006cbb80000, 0x000000076ab00000)
  object space 192000K, 66% used [0x00000006c0000000,0x00000006c7d79c60,0x00000006cbb80000)
 Metaspace       used 41922K, capacity 42361K, committed 42752K, reserved 1087488K
  class space    used 5189K, capacity 5335K, committed 5376K, reserved 1048576K
Event: 17.525 GC heap after
Heap after GC invocations=18 (full 4):
 PSYoungGen      total 747008K, used 35150K [0x000000076ab00000, 0x000000079cc80000, 0x00000007c0000000)
  eden space 678400K, 0% used [0x000000076ab00000,0x000000076ab00000,0x0000000794180000)
  from space 68608K, 51% used [0x0000000798980000,0x000000079abd3a90,0x000000079cc80000)
  to   space 71168K, 0% used [0x0000000794180000,0x0000000794180000,0x0000000798700000)
 ParOldGen       total 192000K, used 128495K [0x00000006c0000000, 0x00000006cbb80000, 0x000000076ab00000)
  object space 192000K, 66% used [0x00000006c0000000,0x00000006c7d7bc60,0x00000006cbb80000)
 Metaspace       used 41922K, capacity 42361K, committed 42752K, reserved 1087488K
  class space    used 5189K, capacity 5335K, committed 5376K, reserved 1048576K
}
Event: 17.525 GC heap before
{Heap before GC invocations=19 (full 5):
 PSYoungGen      total 747008K, used 35150K [0x000000076ab00000, 0x000000079cc80000, 0x00000007c0000000)
  eden space 678400K, 0% used [0x000000076ab00000,0x000000076ab00000,0x0000000794180000)
  from space 68608K, 51% used [0x0000000798980000,0x000000079abd3a90,0x000000079cc80000)
  to   space 71168K, 0% used [0x0000000794180000,0x0000000794180000,0x0000000798700000)
 ParOldGen       total 192000K, used 128495K [0x00000006c0000000, 0x00000006cbb80000, 0x000000076ab00000)
  object space 192000K, 66% used [0x00000006c0000000,0x00000006c7d7bc60,0x00000006cbb80000)
 Metaspace       used 41922K, capacity 42361K, committed 42752K, reserved 1087488K
  class space    used 5189K, capacity 5335K, committed 5376K, reserved 1048576K
Event: 17.873 GC heap after
Heap after GC invocations=19 (full 5):
 PSYoungGen      total 747008K, used 0K [0x000000076ab00000, 0x000000079cc80000, 0x00000007c0000000)
  eden space 678400K, 0% used [0x000000076ab00000,0x000000076ab00000,0x0000000794180000)
  from space 68608K, 0% used [0x0000000798980000,0x0000000798980000,0x000000079cc80000)
  to   space 71168K, 0% used [0x0000000794180000,0x0000000794180000,0x0000000798700000)
 ParOldGen       total 192000K, used 159421K [0x00000006c0000000, 0x00000006cbb80000, 0x000000076ab00000)
  object space 192000K, 83% used [0x00000006c0000000,0x00000006c9baf690,0x00000006cbb80000)
 Metaspace       used 41922K, capacity 42361K, committed 42752K, reserved 1087488K
  class space    used 5189K, capacity 5335K, committed 5376K, reserved 1048576K
}
Event: 19.208 GC heap before
{Heap before GC invocations=20 (full 5):
 PSYoungGen      total 747008K, used 678400K [0x000000076ab00000, 0x000000079cc80000, 0x00000007c0000000)
  eden space 678400K, 100% used [0x000000076ab00000,0x0000000794180000,0x0000000794180000)
  from space 68608K, 0% used [0x0000000798980000,0x0000000798980000,0x000000079cc80000)
  to   space 71168K, 0% used [0x0000000794180000,0x0000000794180000,0x0000000798700000)
 ParOldGen       total 192000K, used 159421K [0x00000006c0000000, 0x00000006cbb80000, 0x000000076ab00000)
  object space 192000K, 83% used [0x00000006c0000000,0x00000006c9baf690,0x00000006cbb80000)
 Metaspace       used 43064K, capacity 43529K, committed 43904K, reserved 1087488K
  class space    used 5270K, capacity 5439K, committed 5504K, reserved 1048576K
Event: 19.226 GC heap after
Heap after GC invocations=20 (full 5):
 PSYoungGen      total 749568K, used 12147K [0x000000076ab00000, 0x00000007a3a00000, 0x00000007c0000000)
  eden space 678400K, 0% used [0x000000076ab00000,0x000000076ab00000,0x0000000794180000)
  from space 71168K, 17% used [0x0000000794180000,0x0000000794d5cdf0,0x0000000798700000)
  to   space 70144K, 0% used [0x000000079f580000,0x000000079f580000,0x00000007a3a00000)
 ParOldGen       total 192000K, used 159429K [0x00000006c0000000, 0x00000006cbb80000, 0x000000076ab00000)
  object space 192000K, 83% used [0x00000006c0000000,0x00000006c9bb1690,0x00000006cbb80000)
 Metaspace       used 43064K, capacity 43529K, committed 43904K, reserved 1087488K
  class space    used 5270K, capacity 5439K, committed 5504K, reserved 1048576K
}
Event: 34.523 GC heap before
{Heap before GC invocations=21 (full 5):
 PSYoungGen      total 749568K, used 690547K [0x000000076ab00000, 0x00000007a3a00000, 0x00000007c0000000)
  eden space 678400K, 100% used [0x000000076ab00000,0x0000000794180000,0x0000000794180000)
  from space 71168K, 17% used [0x0000000794180000,0x0000000794d5cdf0,0x0000000798700000)
  to   space 70144K, 0% used [0x000000079f580000,0x000000079f580000,0x00000007a3a00000)
 ParOldGen       total 192000K, used 159429K [0x00000006c0000000, 0x00000006cbb80000, 0x000000076ab00000)
  object space 192000K, 83% used [0x00000006c0000000,0x00000006c9bb1690,0x00000006cbb80000)
 Metaspace       used 43885K, capacity 44361K, committed 44672K, reserved 1089536K
  class space    used 5276K, capacity 5439K, committed 5504K, reserved 1048576K
Event: 34.533 GC heap after
Heap after GC invocations=21 (full 5):
 PSYoungGen      total 814592K, used 18445K [0x000000076ab00000, 0x00000007a2000000, 0x00000007c0000000)
  eden space 771072K, 0% used [0x000000076ab00000,0x000000076ab00000,0x0000000799c00000)
  from space 43520K, 42% used [0x000000079f580000,0x00000007a0783710,0x00000007a2000000)
  to   space 67584K, 0% used [0x0000000799c00000,0x0000000799c00000,0x000000079de00000)
 ParOldGen       total 192000K, used 159437K [0x00000006c0000000, 0x00000006cbb80000, 0x000000076ab00000)
  object space 192000K, 83% used [0x00000006c0000000,0x00000006c9bb3690,0x00000006cbb80000)
 Metaspace       used 43885K, capacity 44361K, committed 44672K, reserved 1089536K
  class space    used 5276K, capacity 5439K, committed 5504K, reserved 1048576K
}

