# JRE version: Java(TM) SE Runtime Environment (8.0_77-b03) (build 1.8.0_77-b03)
# Java VM: Java HotSpot(TM) 64-Bit Server VM (25.77-b03 mixed mode windows-amd64 compressed oops)
Heap:
 PSYoungGen      total 39424K, used 3470K [0x000000076ab00000, 0x0000000792380000, 0x00000007c0000000)
  eden space 38400K, 9% used [0x000000076ab00000,0x000000076ae63838,0x000000076d080000)
  from space 1024K, 0% used [0x0000000792200000,0x0000000792200000,0x0000000792300000)
  to   space 512K, 0% used [0x0000000792300000,0x0000000792300000,0x0000000792380000)
 ParOldGen       total 297472K, used 183795K [0x00000006c0000000, 0x00000006d2280000, 0x000000076ab00000)
  object space 297472K, 61% used [0x00000006c0000000,0x00000006cb37ceb0,0x00000006d2280000)
 Metaspace       used 44000K, capacity 44551K, committed 44800K, reserved 1089536K
  class space    used 5225K, capacity 5368K, committed 5376K, reserved 1048576K
GC Heap History (10 events):
Event: 1654.616 GC heap before
{Heap before GC invocations=829 (full 5):
 PSYoungGen      total 39424K, used 39009K [0x000000076ab00000, 0x0000000792400000, 0x00000007c0000000)
  eden space 38400K, 100% used [0x000000076ab00000,0x000000076d080000,0x000000076d080000)
  from space 1024K, 59% used [0x0000000792280000,0x0000000792318590,0x0000000792380000)
  to   space 512K, 0% used [0x0000000792380000,0x0000000792380000,0x0000000792400000)
 ParOldGen       total 297472K, used 213397K [0x00000006c0000000, 0x00000006d2280000, 0x000000076ab00000)
  object space 297472K, 71% used [0x00000006c0000000,0x00000006cd065610,0x00000006d2280000)
 Metaspace       used 43984K, capacity 44551K, committed 44800K, reserved 1089536K
  class space    used 5223K, capacity 5368K, committed 5376K, reserved 1048576K
Event: 1654.618 GC heap after
Heap after GC invocations=829 (full 5):
 PSYoungGen      total 38912K, used 481K [0x000000076ab00000, 0x0000000792400000, 0x00000007c0000000)
  eden space 38400K, 0% used [0x000000076ab00000,0x000000076ab00000,0x000000076d080000)
  from space 512K, 94% used [0x0000000792380000,0x00000007923f8590,0x0000000792400000)
  to   space 1024K, 0% used [0x0000000792200000,0x0000000792200000,0x0000000792300000)
 ParOldGen       total 297472K, used 213473K [0x00000006c0000000, 0x00000006d2280000, 0x000000076ab00000)
  object space 297472K, 71% used [0x00000006c0000000,0x00000006cd078640,0x00000006d2280000)
 Metaspace       used 43984K, capacity 44551K, committed 44800K, reserved 1089536K
  class space    used 5223K, capacity 5368K, committed 5376K, reserved 1048576K
}
Event: 1655.674 GC heap before
{Heap before GC invocations=830 (full 5):
 PSYoungGen      total 38912K, used 38881K [0x000000076ab00000, 0x0000000792400000, 0x00000007c0000000)
  eden space 38400K, 100% used [0x000000076ab00000,0x000000076d080000,0x000000076d080000)
  from space 512K, 94% used [0x0000000792380000,0x00000007923f8590,0x0000000792400000)
  to   space 1024K, 0% used [0x0000000792200000,0x0000000792200000,0x0000000792300000)
 ParOldGen       total 297472K, used 213473K [0x00000006c0000000, 0x00000006d2280000, 0x000000076ab00000)
  object space 297472K, 71% used [0x00000006c0000000,0x00000006cd078640,0x00000006d2280000)
 Metaspace       used 43984K, capacity 44551K, committed 44800K, reserved 1089536K
  class space    used 5223K, capacity 5368K, committed 5376K, reserved 1048576K
Event: 1655.676 GC heap after
Heap after GC invocations=830 (full 5):
 PSYoungGen      total 39424K, used 481K [0x000000076ab00000, 0x0000000792400000, 0x00000007c0000000)
  eden space 38400K, 0% used [0x000000076ab00000,0x000000076ab00000,0x000000076d080000)
  from space 1024K, 47% used [0x0000000792200000,0x0000000792278590,0x0000000792300000)
  to   space 1024K, 0% used [0x0000000792300000,0x0000000792300000,0x0000000792400000)
 ParOldGen       total 297472K, used 213489K [0x00000006c0000000, 0x00000006d2280000, 0x000000076ab00000)
  object space 297472K, 71% used [0x00000006c0000000,0x00000006cd07c640,0x00000006d2280000)
 Metaspace       used 43984K, capacity 44551K, committed 44800K, reserved 1089536K
  class space    used 5223K, capacity 5368K, committed 5376K, reserved 1048576K
}
Event: 1656.710 GC heap before
{Heap before GC invocations=831 (full 5):
 PSYoungGen      total 39424K, used 38881K [0x000000076ab00000, 0x0000000792400000, 0x00000007c0000000)
  eden space 38400K, 100% used [0x000000076ab00000,0x000000076d080000,0x000000076d080000)
  from space 1024K, 47% used [0x0000000792200000,0x0000000792278590,0x0000000792300000)
  to   space 1024K, 0% used [0x0000000792300000,0x0000000792300000,0x0000000792400000)
 ParOldGen       total 297472K, used 213489K [0x00000006c0000000, 0x00000006d2280000, 0x000000076ab00000)
  object space 297472K, 71% used [0x00000006c0000000,0x00000006cd07c640,0x00000006d2280000)
 Metaspace       used 43985K, capacity 44551K, committed 44800K, reserved 1089536K
  class space    used 5223K, capacity 5368K, committed 5376K, reserved 1048576K
Event: 1656.712 GC heap after
Heap after GC invocations=831 (full 5):
 PSYoungGen      total 39424K, used 513K [0x000000076ab00000, 0x0000000792400000, 0x00000007c0000000)
  eden space 38400K, 0% used [0x000000076ab00000,0x000000076ab00000,0x000000076d080000)
  from space 1024K, 50% used [0x0000000792300000,0x0000000792380590,0x0000000792400000)
  to   space 1024K, 0% used [0x0000000792200000,0x0000000792200000,0x0000000792300000)
 ParOldGen       total 297472K, used 213489K [0x00000006c0000000, 0x00000006d2280000, 0x000000076ab00000)
  object space 297472K, 71% used [0x00000006c0000000,0x00000006cd07c640,0x00000006d2280000)
 Metaspace       used 43985K, capacity 44551K, committed 44800K, reserved 1089536K
  class space    used 5223K, capacity 5368K, committed 5376K, reserved 1048576K
}
Event: 1657.393 GC heap before
{Heap before GC invocations=832 (full 5):
 PSYoungGen      total 39424K, used 25685K [0x000000076ab00000, 0x0000000792400000, 0x00000007c0000000)
  eden space 38400K, 65% used [0x000000076ab00000,0x000000076c395238,0x000000076d080000)
  from space 1024K, 50% used [0x0000000792300000,0x0000000792380590,0x0000000792400000)
  to   space 1024K, 0% used [0x0000000792200000,0x0000000792200000,0x0000000792300000)
 ParOldGen       total 297472K, used 213489K [0x00000006c0000000, 0x00000006d2280000, 0x000000076ab00000)
  object space 297472K, 71% used [0x00000006c0000000,0x00000006cd07c640,0x00000006d2280000)
 Metaspace       used 43990K, capacity 44551K, committed 44800K, reserved 1089536K
  class space    used 5223K, capacity 5368K, committed 5376K, reserved 1048576K
Event: 1657.395 GC heap after
Heap after GC invocations=832 (full 5):
 PSYoungGen      total 39424K, used 609K [0x000000076ab00000, 0x0000000792380000, 0x00000007c0000000)
  eden space 38400K, 0% used [0x000000076ab00000,0x000000076ab00000,0x000000076d080000)
  from space 1024K, 59% used [0x0000000792200000,0x0000000792298590,0x0000000792300000)
  to   space 512K, 0% used [0x0000000792300000,0x0000000792300000,0x0000000792380000)
 ParOldGen       total 297472K, used 213505K [0x00000006c0000000, 0x00000006d2280000, 0x000000076ab00000)
  object space 297472K, 71% used [0x00000006c0000000,0x00000006cd080640,0x00000006d2280000)
 Metaspace       used 43990K, capacity 44551K, committed 44800K, reserved 1089536K
  class space    used 5223K, capacity 5368K, committed 5376K, reserved 1048576K
}
Event: 1657.395 GC heap before
{Heap before GC invocations=833 (full 6):
 PSYoungGen      total 39424K, used 609K [0x000000076ab00000, 0x0000000792380000, 0x00000007c0000000)
  eden space 38400K, 0% used [0x000000076ab00000,0x000000076ab00000,0x000000076d080000)
  from space 1024K, 59% used [0x0000000792200000,0x0000000792298590,0x0000000792300000)
  to   space 512K, 0% used [0x0000000792300000,0x0000000792300000,0x0000000792380000)
 ParOldGen       total 297472K, used 213505K [0x00000006c0000000, 0x00000006d2280000, 0x000000076ab00000)
  object space 297472K, 71% used [0x00000006c0000000,0x00000006cd080640,0x00000006d2280000)
 Metaspace       used 43990K, capacity 44551K, committed 44800K, reserved 1089536K
  class space    used 5223K, capacity 5368K, committed 5376K, reserved 1048576K
Event: 1657.643 GC heap after
Heap after GC invocations=833 (full 6):
 PSYoungGen      total 39424K, used 0K [0x000000076ab00000, 0x0000000792380000, 0x00000007c0000000)
  eden space 38400K, 0% used [0x000000076ab00000,0x000000076ab00000,0x000000076d080000)
  from space 1024K, 0% used [0x0000000792200000,0x0000000792200000,0x0000000792300000)
  to   space 512K, 0% used [0x0000000792300000,0x0000000792300000,0x0000000792380000)
 ParOldGen       total 297472K, used 183795K [0x00000006c0000000, 0x00000006d2280000, 0x000000076ab00000)
  object space 297472K, 61% used [0x00000006c0000000,0x00000006cb37ceb0,0x00000006d2280000)
 Metaspace       used 43990K, capacity 44551K, committed 44800K, reserved 1089536K
  class space    used 5223K, capacity 5368K, committed 5376K, reserved 1048576K
}

