# JRE version: Java(TM) SE Runtime Environment (8.0_101-b13) (build 1.8.0_101-b13)
# Java VM: Java HotSpot(TM) 64-Bit Server VM (25.101-b13 mixed mode windows-amd64 compressed oops)
Heap:
 PSYoungGen      total 1137152K, used 742755K [0x000000076ab00000, 0x00000007b3180000, 0x00000007c0000000)
  eden space 1095168K, 65% used [0x000000076ab00000,0x0000000796c24108,0x00000007ad880000)
  from space 41984K, 49% used [0x00000007ad880000,0x00000007aecb4e00,0x00000007b0180000)
  to   space 40448K, 0% used [0x00000007b0a00000,0x00000007b0a00000,0x00000007b3180000)
 ParOldGen       total 186368K, used 161109K [0x00000006c0000000, 0x00000006cb600000, 0x000000076ab00000)
  object space 186368K, 86% used [0x00000006c0000000,0x00000006c9d55700,0x00000006cb600000)
 Metaspace       used 44277K, capacity 44641K, committed 45184K, reserved 1089536K
  class space    used 5294K, capacity 5431K, committed 5504K, reserved 1048576K
GC Heap History (10 events):
Event: 114.337 GC heap before
{Heap before GC invocations=30 (full 5):
 PSYoungGen      total 1105408K, used 1082483K [0x000000076ab00000, 0x00000007b1900000, 0x00000007c0000000)
  eden space 1061888K, 100% used [0x000000076ab00000,0x00000007ab800000,0x00000007ab800000)
  from space 43520K, 47% used [0x00000007aee80000,0x00000007b029ce00,0x00000007b1900000)
  to   space 49664K, 0% used [0x00000007ab800000,0x00000007ab800000,0x00000007ae880000)
 ParOldGen       total 186368K, used 161109K [0x00000006c0000000, 0x00000006cb600000, 0x000000076ab00000)
  object space 186368K, 86% used [0x00000006c0000000,0x00000006c9d55700,0x00000006cb600000)
 Metaspace       used 44171K, capacity 44577K, committed 44928K, reserved 1089536K
  class space    used 5285K, capacity 5431K, committed 5504K, reserved 1048576K
Event: 114.352 GC heap after
Heap after GC invocations=30 (full 5):
 PSYoungGen      total 1111552K, used 20595K [0x000000076ab00000, 0x00000007b2a00000, 0x00000007c0000000)
  eden space 1061888K, 0% used [0x000000076ab00000,0x000000076ab00000,0x00000007ab800000)
  from space 49664K, 41% used [0x00000007ab800000,0x00000007acc1ce00,0x00000007ae880000)
  to   space 47616K, 0% used [0x00000007afb80000,0x00000007afb80000,0x00000007b2a00000)
 ParOldGen       total 186368K, used 161109K [0x00000006c0000000, 0x00000006cb600000, 0x000000076ab00000)
  object space 186368K, 86% used [0x00000006c0000000,0x00000006c9d55700,0x00000006cb600000)
 Metaspace       used 44171K, capacity 44577K, committed 44928K, reserved 1089536K
  class space    used 5285K, capacity 5431K, committed 5504K, reserved 1048576K
}
Event: 123.189 GC heap before
{Heap before GC invocations=31 (full 5):
 PSYoungGen      total 1111552K, used 1082483K [0x000000076ab00000, 0x00000007b2a00000, 0x00000007c0000000)
  eden space 1061888K, 100% used [0x000000076ab00000,0x00000007ab800000,0x00000007ab800000)
  from space 49664K, 41% used [0x00000007ab800000,0x00000007acc1ce00,0x00000007ae880000)
  to   space 47616K, 0% used [0x00000007afb80000,0x00000007afb80000,0x00000007b2a00000)
 ParOldGen       total 186368K, used 161109K [0x00000006c0000000, 0x00000006cb600000, 0x000000076ab00000)
  object space 186368K, 86% used [0x00000006c0000000,0x00000006c9d55700,0x00000006cb600000)
 Metaspace       used 44181K, capacity 44577K, committed 44928K, reserved 1089536K
  class space    used 5285K, capacity 5431K, committed 5504K, reserved 1048576K
Event: 123.196 GC heap after
Heap after GC invocations=31 (full 5):
 PSYoungGen      total 1120768K, used 20563K [0x000000076ab00000, 0x00000007b2300000, 0x00000007c0000000)
  eden space 1080320K, 0% used [0x000000076ab00000,0x000000076ab00000,0x00000007aca00000)
  from space 40448K, 50% used [0x00000007afb80000,0x00000007b0f94e00,0x00000007b2300000)
  to   space 45568K, 0% used [0x00000007aca00000,0x00000007aca00000,0x00000007af680000)
 ParOldGen       total 186368K, used 161109K [0x00000006c0000000, 0x00000006cb600000, 0x000000076ab00000)
  object space 186368K, 86% used [0x00000006c0000000,0x00000006c9d55700,0x00000006cb600000)
 Metaspace       used 44181K, capacity 44577K, committed 44928K, reserved 1089536K
  class space    used 5285K, capacity 5431K, committed 5504K, reserved 1048576K
}
Event: 132.038 GC heap before
{Heap before GC invocations=32 (full 5):
 PSYoungGen      total 1120768K, used 1100883K [0x000000076ab00000, 0x00000007b2300000, 0x00000007c0000000)
  eden space 1080320K, 100% used [0x000000076ab00000,0x00000007aca00000,0x00000007aca00000)
  from space 40448K, 50% used [0x00000007afb80000,0x00000007b0f94e00,0x00000007b2300000)
  to   space 45568K, 0% used [0x00000007aca00000,0x00000007aca00000,0x00000007af680000)
 ParOldGen       total 186368K, used 161109K [0x00000006c0000000, 0x00000006cb600000, 0x000000076ab00000)
  object space 186368K, 86% used [0x00000006c0000000,0x00000006c9d55700,0x00000006cb600000)
 Metaspace       used 44201K, capacity 44641K, committed 45184K, reserved 1089536K
  class space    used 5285K, capacity 5431K, committed 5504K, reserved 1048576K
Event: 132.045 GC heap after
Heap after GC invocations=32 (full 5):
 PSYoungGen      total 1125888K, used 19795K [0x000000076ab00000, 0x00000007b2f00000, 0x00000007c0000000)
  eden space 1080320K, 0% used [0x000000076ab00000,0x000000076ab00000,0x00000007aca00000)
  from space 45568K, 43% used [0x00000007aca00000,0x00000007add54e00,0x00000007af680000)
  to   space 43520K, 0% used [0x00000007b0480000,0x00000007b0480000,0x00000007b2f00000)
 ParOldGen       total 186368K, used 161109K [0x00000006c0000000, 0x00000006cb600000, 0x000000076ab00000)
  object space 186368K, 86% used [0x00000006c0000000,0x00000006c9d55700,0x00000006cb600000)
 Metaspace       used 44201K, capacity 44641K, committed 45184K, reserved 1089536K
  class space    used 5285K, capacity 5431K, committed 5504K, reserved 1048576K
}
Event: 140.887 GC heap before
{Heap before GC invocations=33 (full 5):
 PSYoungGen      total 1125888K, used 1100115K [0x000000076ab00000, 0x00000007b2f00000, 0x00000007c0000000)
  eden space 1080320K, 100% used [0x000000076ab00000,0x00000007aca00000,0x00000007aca00000)
  from space 45568K, 43% used [0x00000007aca00000,0x00000007add54e00,0x00000007af680000)
  to   space 43520K, 0% used [0x00000007b0480000,0x00000007b0480000,0x00000007b2f00000)
 ParOldGen       total 186368K, used 161109K [0x00000006c0000000, 0x00000006cb600000, 0x000000076ab00000)
  object space 186368K, 86% used [0x00000006c0000000,0x00000006c9d55700,0x00000006cb600000)
 Metaspace       used 44202K, capacity 44641K, committed 45184K, reserved 1089536K
  class space    used 5285K, capacity 5431K, committed 5504K, reserved 1048576K
Event: 140.896 GC heap after
Heap after GC invocations=33 (full 5):
 PSYoungGen      total 1134080K, used 20435K [0x000000076ab00000, 0x00000007b2a80000, 0x00000007c0000000)
  eden space 1095168K, 0% used [0x000000076ab00000,0x000000076ab00000,0x00000007ad880000)
  from space 38912K, 52% used [0x00000007b0480000,0x00000007b1874e00,0x00000007b2a80000)
  to   space 41984K, 0% used [0x00000007ad880000,0x00000007ad880000,0x00000007b0180000)
 ParOldGen       total 186368K, used 161109K [0x00000006c0000000, 0x00000006cb600000, 0x000000076ab00000)
  object space 186368K, 86% used [0x00000006c0000000,0x00000006c9d55700,0x00000006cb600000)
 Metaspace       used 44202K, capacity 44641K, committed 45184K, reserved 1089536K
  class space    used 5285K, capacity 5431K, committed 5504K, reserved 1048576K
}
Event: 150.040 GC heap before
{Heap before GC invocations=34 (full 5):
 PSYoungGen      total 1134080K, used 1115603K [0x000000076ab00000, 0x00000007b2a80000, 0x00000007c0000000)
  eden space 1095168K, 100% used [0x000000076ab00000,0x00000007ad880000,0x00000007ad880000)
  from space 38912K, 52% used [0x00000007b0480000,0x00000007b1874e00,0x00000007b2a80000)
  to   space 41984K, 0% used [0x00000007ad880000,0x00000007ad880000,0x00000007b0180000)
 ParOldGen       total 186368K, used 161109K [0x00000006c0000000, 0x00000006cb600000, 0x000000076ab00000)
  object space 186368K, 86% used [0x00000006c0000000,0x00000006c9d55700,0x00000006cb600000)
 Metaspace       used 44202K, capacity 44641K, committed 45184K, reserved 1089536K
  class space    used 5285K, capacity 5431K, committed 5504K, reserved 1048576K
Event: 150.047 GC heap after
Heap after GC invocations=34 (full 5):
 PSYoungGen      total 1137152K, used 20691K [0x000000076ab00000, 0x00000007b3180000, 0x00000007c0000000)
  eden space 1095168K, 0% used [0x000000076ab00000,0x000000076ab00000,0x00000007ad880000)
  from space 41984K, 49% used [0x00000007ad880000,0x00000007aecb4e00,0x00000007b0180000)
  to   space 40448K, 0% used [0x00000007b0a00000,0x00000007b0a00000,0x00000007b3180000)
 ParOldGen       total 186368K, used 161109K [0x00000006c0000000, 0x00000006cb600000, 0x000000076ab00000)
  object space 186368K, 86% used [0x00000006c0000000,0x00000006c9d55700,0x00000006cb600000)
 Metaspace       used 44202K, capacity 44641K, committed 45184K, reserved 1089536K
  class space    used 5285K, capacity 5431K, committed 5504K, reserved 1048576K
}

