# JRE version: Java(TM) SE Runtime Environment (8.0_101-b13) (build 1.8.0_101-b13)
# Java VM: Java HotSpot(TM) 64-Bit Server VM (25.101-b13 mixed mode windows-amd64 compressed oops)
Heap:
 PSYoungGen      total 1189888K, used 126885K [0x000000076ab00000, 0x00000007b9880000, 0x00000007c0000000)
  eden space 1135104K, 9% used [0x000000076ab00000,0x0000000771312ec0,0x00000007aff80000)
  from space 54784K, 37% used [0x00000007aff80000,0x00000007b1356628,0x00000007b3500000)
  to   space 52224K, 0% used [0x00000007b6580000,0x00000007b6580000,0x00000007b9880000)
 ParOldGen       total 185344K, used 160934K [0x00000006c0000000, 0x00000006cb500000, 0x000000076ab00000)
  object space 185344K, 86% used [0x00000006c0000000,0x00000006c9d29b80,0x00000006cb500000)
 Metaspace       used 44454K, capacity 44861K, committed 45184K, reserved 1089536K
  class space    used 5319K, capacity 5463K, committed 5504K, reserved 1048576K
GC Heap History (10 events):
Event: 86.992 GC heap before
{Heap before GC invocations=22 (full 5):
 PSYoungGen      total 961024K, used 945680K [0x000000076ab00000, 0x00000007ab080000, 0x00000007c0000000)
  eden space 926208K, 100% used [0x000000076ab00000,0x00000007a3380000,0x00000007a3380000)
  from space 34816K, 55% used [0x00000007a8e80000,0x00000007aa184078,0x00000007ab080000)
  to   space 64000K, 0% used [0x00000007a3380000,0x00000007a3380000,0x00000007a7200000)
 ParOldGen       total 185344K, used 160902K [0x00000006c0000000, 0x00000006cb500000, 0x000000076ab00000)
  object space 185344K, 86% used [0x00000006c0000000,0x00000006c9d21b80,0x00000006cb500000)
 Metaspace       used 44209K, capacity 44573K, committed 44928K, reserved 1089536K
  class space    used 5307K, capacity 5431K, committed 5504K, reserved 1048576K
Event: 87.000 GC heap after
Heap after GC invocations=22 (full 5):
 PSYoungGen      total 990208K, used 19673K [0x000000076ab00000, 0x00000007b3a00000, 0x00000007c0000000)
  eden space 926208K, 0% used [0x000000076ab00000,0x000000076ab00000,0x00000007a3380000)
  from space 64000K, 30% used [0x00000007a3380000,0x00000007a46b6628,0x00000007a7200000)
  to   space 61440K, 0% used [0x00000007afe00000,0x00000007afe00000,0x00000007b3a00000)
 ParOldGen       total 185344K, used 160910K [0x00000006c0000000, 0x00000006cb500000, 0x000000076ab00000)
  object space 185344K, 86% used [0x00000006c0000000,0x00000006c9d23b80,0x00000006cb500000)
 Metaspace       used 44209K, capacity 44573K, committed 44928K, reserved 1089536K
  class space    used 5307K, capacity 5431K, committed 5504K, reserved 1048576K
}
Event: 95.290 GC heap before
{Heap before GC invocations=23 (full 5):
 PSYoungGen      total 990208K, used 945881K [0x000000076ab00000, 0x00000007b3a00000, 0x00000007c0000000)
  eden space 926208K, 100% used [0x000000076ab00000,0x00000007a3380000,0x00000007a3380000)
  from space 64000K, 30% used [0x00000007a3380000,0x00000007a46b6628,0x00000007a7200000)
  to   space 61440K, 0% used [0x00000007afe00000,0x00000007afe00000,0x00000007b3a00000)
 ParOldGen       total 185344K, used 160910K [0x00000006c0000000, 0x00000006cb500000, 0x000000076ab00000)
  object space 185344K, 86% used [0x00000006c0000000,0x00000006c9d23b80,0x00000006cb500000)
 Metaspace       used 44296K, capacity 44701K, committed 45184K, reserved 1089536K
  class space    used 5308K, capacity 5431K, committed 5504K, reserved 1048576K
Event: 95.298 GC heap after
Heap after GC invocations=23 (full 5):
 PSYoungGen      total 1076224K, used 19785K [0x000000076ab00000, 0x00000007b1b80000, 0x00000007c0000000)
  eden space 1046016K, 0% used [0x000000076ab00000,0x000000076ab00000,0x00000007aa880000)
  from space 30208K, 65% used [0x00000007afe00000,0x00000007b1152638,0x00000007b1b80000)
  to   space 58880K, 0% used [0x00000007aa880000,0x00000007aa880000,0x00000007ae200000)
 ParOldGen       total 185344K, used 160918K [0x00000006c0000000, 0x00000006cb500000, 0x000000076ab00000)
  object space 185344K, 86% used [0x00000006c0000000,0x00000006c9d25b80,0x00000006cb500000)
 Metaspace       used 44296K, capacity 44701K, committed 45184K, reserved 1089536K
  class space    used 5308K, capacity 5431K, committed 5504K, reserved 1048576K
}
Event: 104.540 GC heap before
{Heap before GC invocations=24 (full 5):
 PSYoungGen      total 1076224K, used 1065801K [0x000000076ab00000, 0x00000007b1b80000, 0x00000007c0000000)
  eden space 1046016K, 100% used [0x000000076ab00000,0x00000007aa880000,0x00000007aa880000)
  from space 30208K, 65% used [0x00000007afe00000,0x00000007b1152638,0x00000007b1b80000)
  to   space 58880K, 0% used [0x00000007aa880000,0x00000007aa880000,0x00000007ae200000)
 ParOldGen       total 185344K, used 160918K [0x00000006c0000000, 0x00000006cb500000, 0x000000076ab00000)
  object space 185344K, 86% used [0x00000006c0000000,0x00000006c9d25b80,0x00000006cb500000)
 Metaspace       used 44305K, capacity 44701K, committed 45184K, reserved 1089536K
  class space    used 5308K, capacity 5431K, committed 5504K, reserved 1048576K
Event: 104.548 GC heap after
Heap after GC invocations=24 (full 5):
 PSYoungGen      total 1104896K, used 19785K [0x000000076ab00000, 0x00000007b8280000, 0x00000007c0000000)
  eden space 1046016K, 0% used [0x000000076ab00000,0x000000076ab00000,0x00000007aa880000)
  from space 58880K, 33% used [0x00000007aa880000,0x00000007abbd2638,0x00000007ae200000)
  to   space 56832K, 0% used [0x00000007b4b00000,0x00000007b4b00000,0x00000007b8280000)
 ParOldGen       total 185344K, used 160926K [0x00000006c0000000, 0x00000006cb500000, 0x000000076ab00000)
  object space 185344K, 86% used [0x00000006c0000000,0x00000006c9d27b80,0x00000006cb500000)
 Metaspace       used 44305K, capacity 44701K, committed 45184K, reserved 1089536K
  class space    used 5308K, capacity 5431K, committed 5504K, reserved 1048576K
}
Event: 113.642 GC heap before
{Heap before GC invocations=25 (full 5):
 PSYoungGen      total 1104896K, used 1065801K [0x000000076ab00000, 0x00000007b8280000, 0x00000007c0000000)
  eden space 1046016K, 100% used [0x000000076ab00000,0x00000007aa880000,0x00000007aa880000)
  from space 58880K, 33% used [0x00000007aa880000,0x00000007abbd2638,0x00000007ae200000)
  to   space 56832K, 0% used [0x00000007b4b00000,0x00000007b4b00000,0x00000007b8280000)
 ParOldGen       total 185344K, used 160926K [0x00000006c0000000, 0x00000006cb500000, 0x000000076ab00000)
  object space 185344K, 86% used [0x00000006c0000000,0x00000006c9d27b80,0x00000006cb500000)
 Metaspace       used 44318K, capacity 44701K, committed 45184K, reserved 1089536K
  class space    used 5308K, capacity 5431K, committed 5504K, reserved 1048576K
Event: 113.651 GC heap after
Heap after GC invocations=25 (full 5):
 PSYoungGen      total 1167360K, used 19753K [0x000000076ab00000, 0x00000007b6a80000, 0x00000007c0000000)
  eden space 1135104K, 0% used [0x000000076ab00000,0x000000076ab00000,0x00000007aff80000)
  from space 32256K, 61% used [0x00000007b4b00000,0x00000007b5e4a638,0x00000007b6a80000)
  to   space 54784K, 0% used [0x00000007aff80000,0x00000007aff80000,0x00000007b3500000)
 ParOldGen       total 185344K, used 160926K [0x00000006c0000000, 0x00000006cb500000, 0x000000076ab00000)
  object space 185344K, 86% used [0x00000006c0000000,0x00000006c9d27b80,0x00000006cb500000)
 Metaspace       used 44318K, capacity 44701K, committed 45184K, reserved 1089536K
  class space    used 5308K, capacity 5431K, committed 5504K, reserved 1048576K
}
Event: 123.490 GC heap before
{Heap before GC invocations=26 (full 5):
 PSYoungGen      total 1167360K, used 1154857K [0x000000076ab00000, 0x00000007b6a80000, 0x00000007c0000000)
  eden space 1135104K, 100% used [0x000000076ab00000,0x00000007aff80000,0x00000007aff80000)
  from space 32256K, 61% used [0x00000007b4b00000,0x00000007b5e4a638,0x00000007b6a80000)
  to   space 54784K, 0% used [0x00000007aff80000,0x00000007aff80000,0x00000007b3500000)
 ParOldGen       total 185344K, used 160926K [0x00000006c0000000, 0x00000006cb500000, 0x000000076ab00000)
  object space 185344K, 86% used [0x00000006c0000000,0x00000006c9d27b80,0x00000006cb500000)
 Metaspace       used 44379K, capacity 44701K, committed 45184K, reserved 1089536K
  class space    used 5310K, capacity 5431K, committed 5504K, reserved 1048576K
Event: 123.499 GC heap after
Heap after GC invocations=26 (full 5):
 PSYoungGen      total 1189888K, used 20313K [0x000000076ab00000, 0x00000007b9880000, 0x00000007c0000000)
  eden space 1135104K, 0% used [0x000000076ab00000,0x000000076ab00000,0x00000007aff80000)
  from space 54784K, 37% used [0x00000007aff80000,0x00000007b1356628,0x00000007b3500000)
  to   space 52224K, 0% used [0x00000007b6580000,0x00000007b6580000,0x00000007b9880000)
 ParOldGen       total 185344K, used 160934K [0x00000006c0000000, 0x00000006cb500000, 0x000000076ab00000)
  object space 185344K, 86% used [0x00000006c0000000,0x00000006c9d29b80,0x00000006cb500000)
 Metaspace       used 44379K, capacity 44701K, committed 45184K, reserved 1089536K
  class space    used 5310K, capacity 5431K, committed 5504K, reserved 1048576K
}

