# JRE version: Java(TM) SE Runtime Environment (8.0_77-b03) (build 1.8.0_77-b03)
# Java VM: Java HotSpot(TM) 64-Bit Server VM (25.77-b03 mixed mode windows-amd64 compressed oops)
Heap:
 PSYoungGen      total 1012224K, used 36347K [0x000000076ab00000, 0x00000007aea00000, 0x00000007c0000000)
  eden space 991232K, 3% used [0x000000076ab00000,0x000000076ce7ec08,0x00000007a7300000)
  from space 20992K, 0% used [0x00000007a7300000,0x00000007a7300000,0x00000007a8780000)
  to   space 60928K, 0% used [0x00000007aae80000,0x00000007aae80000,0x00000007aea00000)
 ParOldGen       total 182784K, used 172017K [0x00000006c0000000, 0x00000006cb280000, 0x000000076ab00000)
  object space 182784K, 94% used [0x00000006c0000000,0x00000006ca7fc530,0x00000006cb280000)
 Metaspace       used 44570K, capacity 44947K, committed 45440K, reserved 1089536K
  class space    used 5303K, capacity 5440K, committed 5504K, reserved 1048576K
GC Heap History (10 events):
Event: 57.832 GC heap before
{Heap before GC invocations=21 (full 5):
 PSYoungGen      total 822272K, used 763017K [0x000000076ab00000, 0x00000007aaa80000, 0x00000007c0000000)
  eden space 750080K, 100% used [0x000000076ab00000,0x0000000798780000,0x0000000798780000)
  from space 72192K, 17% used [0x0000000798780000,0x0000000799422540,0x000000079ce00000)
  to   space 71168K, 0% used [0x00000007a6500000,0x00000007a6500000,0x00000007aaa80000)
 ParOldGen       total 182784K, used 159729K [0x00000006c0000000, 0x00000006cb280000, 0x000000076ab00000)
  object space 182784K, 87% used [0x00000006c0000000,0x00000006c9bfc4f0,0x00000006cb280000)
 Metaspace       used 43875K, capacity 44301K, committed 44672K, reserved 1089536K
  class space    used 5283K, capacity 5439K, committed 5504K, reserved 1048576K
Event: 57.840 GC heap after
Heap after GC invocations=21 (full 5):
 PSYoungGen      total 923648K, used 18746K [0x000000076ab00000, 0x00000007a8e00000, 0x00000007c0000000)
  eden space 881664K, 0% used [0x000000076ab00000,0x000000076ab00000,0x00000007a0800000)
  from space 41984K, 44% used [0x00000007a6500000,0x00000007a774e860,0x00000007a8e00000)
  to   space 68608K, 0% used [0x00000007a0800000,0x00000007a0800000,0x00000007a4b00000)
 ParOldGen       total 182784K, used 159737K [0x00000006c0000000, 0x00000006cb280000, 0x000000076ab00000)
  object space 182784K, 87% used [0x00000006c0000000,0x00000006c9bfe4f0,0x00000006cb280000)
 Metaspace       used 43875K, capacity 44301K, committed 44672K, reserved 1089536K
  class space    used 5283K, capacity 5439K, committed 5504K, reserved 1048576K
}
Event: 64.248 GC heap before
{Heap before GC invocations=22 (full 5):
 PSYoungGen      total 923648K, used 900410K [0x000000076ab00000, 0x00000007a8e00000, 0x00000007c0000000)
  eden space 881664K, 100% used [0x000000076ab00000,0x00000007a0800000,0x00000007a0800000)
  from space 41984K, 44% used [0x00000007a6500000,0x00000007a774e860,0x00000007a8e00000)
  to   space 68608K, 0% used [0x00000007a0800000,0x00000007a0800000,0x00000007a4b00000)
 ParOldGen       total 182784K, used 159737K [0x00000006c0000000, 0x00000006cb280000, 0x000000076ab00000)
  object space 182784K, 87% used [0x00000006c0000000,0x00000006c9bfe4f0,0x00000006cb280000)
 Metaspace       used 44213K, capacity 44621K, committed 44928K, reserved 1089536K
  class space    used 5286K, capacity 5439K, committed 5504K, reserved 1048576K
Event: 64.255 GC heap after
Heap after GC invocations=22 (full 5):
 PSYoungGen      total 950272K, used 18707K [0x000000076ab00000, 0x00000007b0500000, 0x00000007c0000000)
  eden space 881664K, 0% used [0x000000076ab00000,0x000000076ab00000,0x00000007a0800000)
  from space 68608K, 27% used [0x00000007a0800000,0x00000007a1a44e00,0x00000007a4b00000)
  to   space 66048K, 0% used [0x00000007ac480000,0x00000007ac480000,0x00000007b0500000)
 ParOldGen       total 182784K, used 159745K [0x00000006c0000000, 0x00000006cb280000, 0x000000076ab00000)
  object space 182784K, 87% used [0x00000006c0000000,0x00000006c9c004f0,0x00000006cb280000)
 Metaspace       used 44213K, capacity 44621K, committed 44928K, reserved 1089536K
  class space    used 5286K, capacity 5439K, committed 5504K, reserved 1048576K
}
Event: 67.042 GC heap before
{Heap before GC invocations=23 (full 5):
 PSYoungGen      total 950272K, used 900371K [0x000000076ab00000, 0x00000007b0500000, 0x00000007c0000000)
  eden space 881664K, 100% used [0x000000076ab00000,0x00000007a0800000,0x00000007a0800000)
  from space 68608K, 27% used [0x00000007a0800000,0x00000007a1a44e00,0x00000007a4b00000)
  to   space 66048K, 0% used [0x00000007ac480000,0x00000007ac480000,0x00000007b0500000)
 ParOldGen       total 182784K, used 159745K [0x00000006c0000000, 0x00000006cb280000, 0x000000076ab00000)
  object space 182784K, 87% used [0x00000006c0000000,0x00000006c9c004f0,0x00000006cb280000)
 Metaspace       used 44382K, capacity 44813K, committed 45184K, reserved 1089536K
  class space    used 5290K, capacity 5439K, committed 5504K, reserved 1048576K
Event: 67.053 GC heap after
Heap after GC invocations=23 (full 5):
 PSYoungGen      total 1034752K, used 19488K [0x000000076ab00000, 0x00000007aef00000, 0x00000007c0000000)
  eden space 991232K, 0% used [0x000000076ab00000,0x000000076ab00000,0x00000007a7300000)
  from space 43520K, 44% used [0x00000007ac480000,0x00000007ad788218,0x00000007aef00000)
  to   space 63488K, 0% used [0x00000007a7300000,0x00000007a7300000,0x00000007ab100000)
 ParOldGen       total 182784K, used 159745K [0x00000006c0000000, 0x00000006cb280000, 0x000000076ab00000)
  object space 182784K, 87% used [0x00000006c0000000,0x00000006c9c004f0,0x00000006cb280000)
 Metaspace       used 44382K, capacity 44813K, committed 45184K, reserved 1089536K
  class space    used 5290K, capacity 5439K, committed 5504K, reserved 1048576K
}
Event: 70.645 GC heap before
{Heap before GC invocations=24 (full 5):
 PSYoungGen      total 1034752K, used 587912K [0x000000076ab00000, 0x00000007aef00000, 0x00000007c0000000)
  eden space 991232K, 57% used [0x000000076ab00000,0x000000078d61a1a8,0x00000007a7300000)
  from space 43520K, 44% used [0x00000007ac480000,0x00000007ad788218,0x00000007aef00000)
  to   space 63488K, 0% used [0x00000007a7300000,0x00000007a7300000,0x00000007ab100000)
 ParOldGen       total 182784K, used 159745K [0x00000006c0000000, 0x00000006cb280000, 0x000000076ab00000)
  object space 182784K, 87% used [0x00000006c0000000,0x00000006c9c004f0,0x00000006cb280000)
 Metaspace       used 44561K, capacity 44947K, committed 45440K, reserved 1089536K
  class space    used 5301K, capacity 5440K, committed 5504K, reserved 1048576K
Event: 70.655 GC heap after
Heap after GC invocations=24 (full 5):
 PSYoungGen      total 1012224K, used 20515K [0x000000076ab00000, 0x00000007aea00000, 0x00000007c0000000)
  eden space 991232K, 0% used [0x000000076ab00000,0x000000076ab00000,0x00000007a7300000)
  from space 20992K, 97% used [0x00000007a7300000,0x00000007a8708d58,0x00000007a8780000)
  to   space 60928K, 0% used [0x00000007aae80000,0x00000007aae80000,0x00000007aea00000)
 ParOldGen       total 182784K, used 159753K [0x00000006c0000000, 0x00000006cb280000, 0x000000076ab00000)
  object space 182784K, 87% used [0x00000006c0000000,0x00000006c9c024f0,0x00000006cb280000)
 Metaspace       used 44561K, capacity 44947K, committed 45440K, reserved 1089536K
  class space    used 5301K, capacity 5440K, committed 5504K, reserved 1048576K
}
Event: 70.655 GC heap before
{Heap before GC invocations=25 (full 6):
 PSYoungGen      total 1012224K, used 20515K [0x000000076ab00000, 0x00000007aea00000, 0x00000007c0000000)
  eden space 991232K, 0% used [0x000000076ab00000,0x000000076ab00000,0x00000007a7300000)
  from space 20992K, 97% used [0x00000007a7300000,0x00000007a8708d58,0x00000007a8780000)
  to   space 60928K, 0% used [0x00000007aae80000,0x00000007aae80000,0x00000007aea00000)
 ParOldGen       total 182784K, used 159753K [0x00000006c0000000, 0x00000006cb280000, 0x000000076ab00000)
  object space 182784K, 87% used [0x00000006c0000000,0x00000006c9c024f0,0x00000006cb280000)
 Metaspace       used 44561K, capacity 44947K, committed 45440K, reserved 1089536K
  class space    used 5301K, capacity 5440K, committed 5504K, reserved 1048576K
Event: 70.911 GC heap after
Heap after GC invocations=25 (full 6):
 PSYoungGen      total 1012224K, used 0K [0x000000076ab00000, 0x00000007aea00000, 0x00000007c0000000)
  eden space 991232K, 0% used [0x000000076ab00000,0x000000076ab00000,0x00000007a7300000)
  from space 20992K, 0% used [0x00000007a7300000,0x00000007a7300000,0x00000007a8780000)
  to   space 60928K, 0% used [0x00000007aae80000,0x00000007aae80000,0x00000007aea00000)
 ParOldGen       total 182784K, used 172017K [0x00000006c0000000, 0x00000006cb280000, 0x000000076ab00000)
  object space 182784K, 94% used [0x00000006c0000000,0x00000006ca7fc530,0x00000006cb280000)
 Metaspace       used 44561K, capacity 44947K, committed 45440K, reserved 1089536K
  class space    used 5301K, capacity 5440K, committed 5504K, reserved 1048576K
}

