# JRE version: Java(TM) SE Runtime Environment (8.0_101-b13) (build 1.8.0_101-b13)
# Java VM: Java HotSpot(TM) 64-Bit Server VM (25.101-b13 mixed mode windows-amd64 compressed oops)
Heap:
 PSYoungGen      total 1257472K, used 571159K [0x000000076ab00000, 0x00000007ba780000, 0x00000007c0000000)
  eden space 1220096K, 45% used [0x000000076ab00000,0x000000078c4c8c40,0x00000007b5280000)
  from space 37376K, 54% used [0x00000007b8300000,0x00000007b96fd2f0,0x00000007ba780000)
  to   space 43520K, 0% used [0x00000007b5280000,0x00000007b5280000,0x00000007b7d00000)
 ParOldGen       total 185344K, used 161619K [0x00000006c0000000, 0x00000006cb500000, 0x000000076ab00000)
  object space 185344K, 87% used [0x00000006c0000000,0x00000006c9dd4d00,0x00000006cb500000)
 Metaspace       used 44636K, capacity 45071K, committed 45440K, reserved 1089536K
  class space    used 5322K, capacity 5466K, committed 5504K, reserved 1048576K
GC Heap History (10 events):
Event: 75.166 GC heap before
{Heap before GC invocations=27 (full 5):
 PSYoungGen      total 1175040K, used 1139800K [0x000000076ab00000, 0x00000007b8f00000, 0x00000007c0000000)
  eden space 1119232K, 100% used [0x000000076ab00000,0x00000007af000000,0x00000007af000000)
  from space 55808K, 36% used [0x00000007af000000,0x00000007b0416228,0x00000007b2680000)
  to   space 53760K, 0% used [0x00000007b5a80000,0x00000007b5a80000,0x00000007b8f00000)
 ParOldGen       total 185344K, used 161587K [0x00000006c0000000, 0x00000006cb500000, 0x000000076ab00000)
  object space 185344K, 87% used [0x00000006c0000000,0x00000006c9dccd00,0x00000006cb500000)
 Metaspace       used 44527K, capacity 44931K, committed 45440K, reserved 1089536K
  class space    used 5312K, capacity 5464K, committed 5504K, reserved 1048576K
Event: 75.177 GC heap after
Heap after GC invocations=27 (full 5):
 PSYoungGen      total 1203712K, used 20452K [0x000000076ab00000, 0x00000007b8080000, 0x00000007c0000000)
  eden space 1164800K, 0% used [0x000000076ab00000,0x000000076ab00000,0x00000007b1c80000)
  from space 38912K, 52% used [0x00000007b5a80000,0x00000007b6e792e0,0x00000007b8080000)
  to   space 51200K, 0% used [0x00000007b1c80000,0x00000007b1c80000,0x00000007b4e80000)
 ParOldGen       total 185344K, used 161595K [0x00000006c0000000, 0x00000006cb500000, 0x000000076ab00000)
  object space 185344K, 87% used [0x00000006c0000000,0x00000006c9dced00,0x00000006cb500000)
 Metaspace       used 44527K, capacity 44931K, committed 45440K, reserved 1089536K
  class space    used 5312K, capacity 5464K, committed 5504K, reserved 1048576K
}
Event: 84.916 GC heap before
{Heap before GC invocations=28 (full 5):
 PSYoungGen      total 1203712K, used 1185252K [0x000000076ab00000, 0x00000007b8080000, 0x00000007c0000000)
  eden space 1164800K, 100% used [0x000000076ab00000,0x00000007b1c80000,0x00000007b1c80000)
  from space 38912K, 52% used [0x00000007b5a80000,0x00000007b6e792e0,0x00000007b8080000)
  to   space 51200K, 0% used [0x00000007b1c80000,0x00000007b1c80000,0x00000007b4e80000)
 ParOldGen       total 185344K, used 161595K [0x00000006c0000000, 0x00000006cb500000, 0x000000076ab00000)
  object space 185344K, 87% used [0x00000006c0000000,0x00000006c9dced00,0x00000006cb500000)
 Metaspace       used 44535K, capacity 44931K, committed 45440K, reserved 1089536K
  class space    used 5312K, capacity 5464K, committed 5504K, reserved 1048576K
Event: 84.926 GC heap after
Heap after GC invocations=28 (full 5):
 PSYoungGen      total 1216000K, used 20340K [0x000000076ab00000, 0x00000007ba280000, 0x00000007c0000000)
  eden space 1164800K, 0% used [0x000000076ab00000,0x000000076ab00000,0x00000007b1c80000)
  from space 51200K, 39% used [0x00000007b1c80000,0x00000007b305d2f0,0x00000007b4e80000)
  to   space 49152K, 0% used [0x00000007b7280000,0x00000007b7280000,0x00000007ba280000)
 ParOldGen       total 185344K, used 161595K [0x00000006c0000000, 0x00000006cb500000, 0x000000076ab00000)
  object space 185344K, 87% used [0x00000006c0000000,0x00000006c9dced00,0x00000006cb500000)
 Metaspace       used 44535K, capacity 44931K, committed 45440K, reserved 1089536K
  class space    used 5312K, capacity 5464K, committed 5504K, reserved 1048576K
}
Event: 94.613 GC heap before
{Heap before GC invocations=29 (full 5):
 PSYoungGen      total 1216000K, used 1185140K [0x000000076ab00000, 0x00000007ba280000, 0x00000007c0000000)
  eden space 1164800K, 100% used [0x000000076ab00000,0x00000007b1c80000,0x00000007b1c80000)
  from space 51200K, 39% used [0x00000007b1c80000,0x00000007b305d2f0,0x00000007b4e80000)
  to   space 49152K, 0% used [0x00000007b7280000,0x00000007b7280000,0x00000007ba280000)
 ParOldGen       total 185344K, used 161595K [0x00000006c0000000, 0x00000006cb500000, 0x000000076ab00000)
  object space 185344K, 87% used [0x00000006c0000000,0x00000006c9dced00,0x00000006cb500000)
 Metaspace       used 44536K, capacity 44931K, committed 45440K, reserved 1089536K
  class space    used 5312K, capacity 5464K, committed 5504K, reserved 1048576K
Event: 94.621 GC heap after
Heap after GC invocations=29 (full 5):
 PSYoungGen      total 1235456K, used 20372K [0x000000076ab00000, 0x00000007b9800000, 0x00000007c0000000)
  eden space 1197056K, 0% used [0x000000076ab00000,0x000000076ab00000,0x00000007b3c00000)
  from space 38400K, 53% used [0x00000007b7280000,0x00000007b86652f0,0x00000007b9800000)
  to   space 47104K, 0% used [0x00000007b3c00000,0x00000007b3c00000,0x00000007b6a00000)
 ParOldGen       total 185344K, used 161603K [0x00000006c0000000, 0x00000006cb500000, 0x000000076ab00000)
  object space 185344K, 87% used [0x00000006c0000000,0x00000006c9dd0d00,0x00000006cb500000)
 Metaspace       used 44536K, capacity 44931K, committed 45440K, reserved 1089536K
  class space    used 5312K, capacity 5464K, committed 5504K, reserved 1048576K
}
Event: 104.627 GC heap before
{Heap before GC invocations=30 (full 5):
 PSYoungGen      total 1235456K, used 1217428K [0x000000076ab00000, 0x00000007b9800000, 0x00000007c0000000)
  eden space 1197056K, 100% used [0x000000076ab00000,0x00000007b3c00000,0x00000007b3c00000)
  from space 38400K, 53% used [0x00000007b7280000,0x00000007b86652f0,0x00000007b9800000)
  to   space 47104K, 0% used [0x00000007b3c00000,0x00000007b3c00000,0x00000007b6a00000)
 ParOldGen       total 185344K, used 161603K [0x00000006c0000000, 0x00000006cb500000, 0x000000076ab00000)
  object space 185344K, 87% used [0x00000006c0000000,0x00000006c9dd0d00,0x00000006cb500000)
 Metaspace       used 44540K, capacity 44931K, committed 45440K, reserved 1089536K
  class space    used 5312K, capacity 5464K, committed 5504K, reserved 1048576K
Event: 104.634 GC heap after
Heap after GC invocations=30 (full 5):
 PSYoungGen      total 1244160K, used 20436K [0x000000076ab00000, 0x00000007baf80000, 0x00000007c0000000)
  eden space 1197056K, 0% used [0x000000076ab00000,0x000000076ab00000,0x00000007b3c00000)
  from space 47104K, 43% used [0x00000007b3c00000,0x00000007b4ff52f0,0x00000007b6a00000)
  to   space 45568K, 0% used [0x00000007b8300000,0x00000007b8300000,0x00000007baf80000)
 ParOldGen       total 185344K, used 161611K [0x00000006c0000000, 0x00000006cb500000, 0x000000076ab00000)
  object space 185344K, 87% used [0x00000006c0000000,0x00000006c9dd2d00,0x00000006cb500000)
 Metaspace       used 44540K, capacity 44931K, committed 45440K, reserved 1089536K
  class space    used 5312K, capacity 5464K, committed 5504K, reserved 1048576K
}
Event: 114.462 GC heap before
{Heap before GC invocations=31 (full 5):
 PSYoungGen      total 1244160K, used 1217492K [0x000000076ab00000, 0x00000007baf80000, 0x00000007c0000000)
  eden space 1197056K, 100% used [0x000000076ab00000,0x00000007b3c00000,0x00000007b3c00000)
  from space 47104K, 43% used [0x00000007b3c00000,0x00000007b4ff52f0,0x00000007b6a00000)
  to   space 45568K, 0% used [0x00000007b8300000,0x00000007b8300000,0x00000007baf80000)
 ParOldGen       total 185344K, used 161611K [0x00000006c0000000, 0x00000006cb500000, 0x000000076ab00000)
  object space 185344K, 87% used [0x00000006c0000000,0x00000006c9dd2d00,0x00000006cb500000)
 Metaspace       used 44562K, capacity 44943K, committed 45440K, reserved 1089536K
  class space    used 5313K, capacity 5466K, committed 5504K, reserved 1048576K
Event: 114.471 GC heap after
Heap after GC invocations=31 (full 5):
 PSYoungGen      total 1257472K, used 20468K [0x000000076ab00000, 0x00000007ba780000, 0x00000007c0000000)
  eden space 1220096K, 0% used [0x000000076ab00000,0x000000076ab00000,0x00000007b5280000)
  from space 37376K, 54% used [0x00000007b8300000,0x00000007b96fd2f0,0x00000007ba780000)
  to   space 43520K, 0% used [0x00000007b5280000,0x00000007b5280000,0x00000007b7d00000)
 ParOldGen       total 185344K, used 161619K [0x00000006c0000000, 0x00000006cb500000, 0x000000076ab00000)
  object space 185344K, 87% used [0x00000006c0000000,0x00000006c9dd4d00,0x00000006cb500000)
 Metaspace       used 44562K, capacity 44943K, committed 45440K, reserved 1089536K
  class space    used 5313K, capacity 5466K, committed 5504K, reserved 1048576K
}

