# JRE version: Java(TM) SE Runtime Environment (8.0_101-b13) (build 1.8.0_101-b13)
# Java VM: Java HotSpot(TM) 64-Bit Server VM (25.101-b13 mixed mode windows-amd64 compressed oops)
Heap:
 PSYoungGen      total 1097728K, used 347329K [0x000000076ab00000, 0x00000007b3900000, 0x00000007c0000000)
  eden space 1038848K, 31% used [0x000000076ab00000,0x000000077ebb3630,0x00000007aa180000)
  from space 58880K, 32% used [0x00000007aa180000,0x00000007ab3fce00,0x00000007adb00000)
  to   space 56832K, 0% used [0x00000007b0180000,0x00000007b0180000,0x00000007b3900000)
 ParOldGen       total 183808K, used 162315K [0x00000006c0000000, 0x00000006cb380000, 0x000000076ab00000)
  object space 183808K, 88% used [0x00000006c0000000,0x00000006c9e82e68,0x00000006cb380000)
 Metaspace       used 44305K, capacity 44781K, committed 45184K, reserved 1089536K
  class space    used 5299K, capacity 5433K, committed 5504K, reserved 1048576K
GC Heap History (10 events):
Event: 32.011 GC heap before
{Heap before GC invocations=22 (full 5):
 PSYoungGen      total 911360K, used 888490K [0x000000076ab00000, 0x00000007a8300000, 0x00000007c0000000)
  eden space 869376K, 100% used [0x000000076ab00000,0x000000079fc00000,0x000000079fc00000)
  from space 41984K, 45% used [0x00000007a5a00000,0x00000007a6caa850,0x00000007a8300000)
  to   space 69120K, 0% used [0x000000079fc00000,0x000000079fc00000,0x00000007a3f80000)
 ParOldGen       total 183808K, used 162283K [0x00000006c0000000, 0x00000006cb380000, 0x000000076ab00000)
  object space 183808K, 88% used [0x00000006c0000000,0x00000006c9e7ae68,0x00000006cb380000)
 Metaspace       used 43941K, capacity 44397K, committed 44928K, reserved 1089536K
  class space    used 5285K, capacity 5433K, committed 5504K, reserved 1048576K
Event: 32.020 GC heap after
Heap after GC invocations=22 (full 5):
 PSYoungGen      total 938496K, used 19260K [0x000000076ab00000, 0x00000007af400000, 0x00000007c0000000)
  eden space 869376K, 0% used [0x000000076ab00000,0x000000076ab00000,0x000000079fc00000)
  from space 69120K, 27% used [0x000000079fc00000,0x00000007a0ecf3b0,0x00000007a3f80000)
  to   space 66560K, 0% used [0x00000007ab300000,0x00000007ab300000,0x00000007af400000)
 ParOldGen       total 183808K, used 162291K [0x00000006c0000000, 0x00000006cb380000, 0x000000076ab00000)
  object space 183808K, 88% used [0x00000006c0000000,0x00000006c9e7ce68,0x00000006cb380000)
 Metaspace       used 43941K, capacity 44397K, committed 44928K, reserved 1089536K
  class space    used 5285K, capacity 5433K, committed 5504K, reserved 1048576K
}
Event: 39.460 GC heap before
{Heap before GC invocations=23 (full 5):
 PSYoungGen      total 938496K, used 888636K [0x000000076ab00000, 0x00000007af400000, 0x00000007c0000000)
  eden space 869376K, 100% used [0x000000076ab00000,0x000000079fc00000,0x000000079fc00000)
  from space 69120K, 27% used [0x000000079fc00000,0x00000007a0ecf3b0,0x00000007a3f80000)
  to   space 66560K, 0% used [0x00000007ab300000,0x00000007ab300000,0x00000007af400000)
 ParOldGen       total 183808K, used 162291K [0x00000006c0000000, 0x00000006cb380000, 0x000000076ab00000)
  object space 183808K, 88% used [0x00000006c0000000,0x00000006c9e7ce68,0x00000006cb380000)
 Metaspace       used 44092K, capacity 44525K, committed 44928K, reserved 1089536K
  class space    used 5286K, capacity 5433K, committed 5504K, reserved 1048576K
Event: 39.468 GC heap after
Heap after GC invocations=23 (full 5):
 PSYoungGen      total 1006592K, used 19315K [0x000000076ab00000, 0x00000007ad900000, 0x00000007c0000000)
  eden space 967680K, 0% used [0x000000076ab00000,0x000000076ab00000,0x00000007a5c00000)
  from space 38912K, 49% used [0x00000007ab300000,0x00000007ac5dce00,0x00000007ad900000)
  to   space 64000K, 0% used [0x00000007a5c00000,0x00000007a5c00000,0x00000007a9a80000)
 ParOldGen       total 183808K, used 162299K [0x00000006c0000000, 0x00000006cb380000, 0x000000076ab00000)
  object space 183808K, 88% used [0x00000006c0000000,0x00000006c9e7ee68,0x00000006cb380000)
 Metaspace       used 44092K, capacity 44525K, committed 44928K, reserved 1089536K
  class space    used 5286K, capacity 5433K, committed 5504K, reserved 1048576K
}
Event: 47.710 GC heap before
{Heap before GC invocations=24 (full 5):
 PSYoungGen      total 1006592K, used 986995K [0x000000076ab00000, 0x00000007ad900000, 0x00000007c0000000)
  eden space 967680K, 100% used [0x000000076ab00000,0x00000007a5c00000,0x00000007a5c00000)
  from space 38912K, 49% used [0x00000007ab300000,0x00000007ac5dce00,0x00000007ad900000)
  to   space 64000K, 0% used [0x00000007a5c00000,0x00000007a5c00000,0x00000007a9a80000)
 ParOldGen       total 183808K, used 162299K [0x00000006c0000000, 0x00000006cb380000, 0x000000076ab00000)
  object space 183808K, 88% used [0x00000006c0000000,0x00000006c9e7ee68,0x00000006cb380000)
 Metaspace       used 44140K, capacity 44589K, committed 44928K, reserved 1089536K
  class space    used 5286K, capacity 5433K, committed 5504K, reserved 1048576K
Event: 47.718 GC heap after
Heap after GC invocations=24 (full 5):
 PSYoungGen      total 1031680K, used 19388K [0x000000076ab00000, 0x00000007b2a00000, 0x00000007c0000000)
  eden space 967680K, 0% used [0x000000076ab00000,0x000000076ab00000,0x00000007a5c00000)
  from space 64000K, 30% used [0x00000007a5c00000,0x00000007a6eef3b0,0x00000007a9a80000)
  to   space 61440K, 0% used [0x00000007aee00000,0x00000007aee00000,0x00000007b2a00000)
 ParOldGen       total 183808K, used 162307K [0x00000006c0000000, 0x00000006cb380000, 0x000000076ab00000)
  object space 183808K, 88% used [0x00000006c0000000,0x00000006c9e80e68,0x00000006cb380000)
 Metaspace       used 44140K, capacity 44589K, committed 44928K, reserved 1089536K
  class space    used 5286K, capacity 5433K, committed 5504K, reserved 1048576K
}
Event: 55.904 GC heap before
{Heap before GC invocations=25 (full 5):
 PSYoungGen      total 1031680K, used 987068K [0x000000076ab00000, 0x00000007b2a00000, 0x00000007c0000000)
  eden space 967680K, 100% used [0x000000076ab00000,0x00000007a5c00000,0x00000007a5c00000)
  from space 64000K, 30% used [0x00000007a5c00000,0x00000007a6eef3b0,0x00000007a9a80000)
  to   space 61440K, 0% used [0x00000007aee00000,0x00000007aee00000,0x00000007b2a00000)
 ParOldGen       total 183808K, used 162307K [0x00000006c0000000, 0x00000006cb380000, 0x000000076ab00000)
  object space 183808K, 88% used [0x00000006c0000000,0x00000006c9e80e68,0x00000006cb380000)
 Metaspace       used 44141K, capacity 44589K, committed 44928K, reserved 1089536K
  class space    used 5286K, capacity 5433K, committed 5504K, reserved 1048576K
Event: 55.911 GC heap after
Heap after GC invocations=25 (full 5):
 PSYoungGen      total 1078272K, used 19315K [0x000000076ab00000, 0x00000007b1480000, 0x00000007c0000000)
  eden space 1038848K, 0% used [0x000000076ab00000,0x000000076ab00000,0x00000007aa180000)
  from space 39424K, 48% used [0x00000007aee00000,0x00000007b00dce00,0x00000007b1480000)
  to   space 58880K, 0% used [0x00000007aa180000,0x00000007aa180000,0x00000007adb00000)
 ParOldGen       total 183808K, used 162307K [0x00000006c0000000, 0x00000006cb380000, 0x000000076ab00000)
  object space 183808K, 88% used [0x00000006c0000000,0x00000006c9e80e68,0x00000006cb380000)
 Metaspace       used 44141K, capacity 44589K, committed 44928K, reserved 1089536K
  class space    used 5286K, capacity 5433K, committed 5504K, reserved 1048576K
}
Event: 64.713 GC heap before
{Heap before GC invocations=26 (full 5):
 PSYoungGen      total 1078272K, used 1058163K [0x000000076ab00000, 0x00000007b1480000, 0x00000007c0000000)
  eden space 1038848K, 100% used [0x000000076ab00000,0x00000007aa180000,0x00000007aa180000)
  from space 39424K, 48% used [0x00000007aee00000,0x00000007b00dce00,0x00000007b1480000)
  to   space 58880K, 0% used [0x00000007aa180000,0x00000007aa180000,0x00000007adb00000)
 ParOldGen       total 183808K, used 162307K [0x00000006c0000000, 0x00000006cb380000, 0x000000076ab00000)
  object space 183808K, 88% used [0x00000006c0000000,0x00000006c9e80e68,0x00000006cb380000)
 Metaspace       used 44221K, capacity 44589K, committed 44928K, reserved 1089536K
  class space    used 5290K, capacity 5433K, committed 5504K, reserved 1048576K
Event: 64.722 GC heap after
Heap after GC invocations=26 (full 5):
 PSYoungGen      total 1097728K, used 18931K [0x000000076ab00000, 0x00000007b3900000, 0x00000007c0000000)
  eden space 1038848K, 0% used [0x000000076ab00000,0x000000076ab00000,0x00000007aa180000)
  from space 58880K, 32% used [0x00000007aa180000,0x00000007ab3fce00,0x00000007adb00000)
  to   space 56832K, 0% used [0x00000007b0180000,0x00000007b0180000,0x00000007b3900000)
 ParOldGen       total 183808K, used 162315K [0x00000006c0000000, 0x00000006cb380000, 0x000000076ab00000)
  object space 183808K, 88% used [0x00000006c0000000,0x00000006c9e82e68,0x00000006cb380000)
 Metaspace       used 44221K, capacity 44589K, committed 44928K, reserved 1089536K
  class space    used 5290K, capacity 5433K, committed 5504K, reserved 1048576K
}

