# JRE version: Java(TM) SE Runtime Environment (8.0_77-b03) (build 1.8.0_77-b03)
# Java VM: Java HotSpot(TM) 64-Bit Server VM (25.77-b03 mixed mode windows-amd64 compressed oops)
Heap:
 PSYoungGen      total 1345536K, used 43763K [0x000000076ab00000, 0x00000007bf700000, 0x00000007c0000000)
  eden space 1306624K, 3% used [0x000000076ab00000,0x000000076d5bcf90,0x00000007ba700000)
  from space 38912K, 0% used [0x00000007bd100000,0x00000007bd100000,0x00000007bf700000)
  to   space 40960K, 0% used [0x00000007ba700000,0x00000007ba700000,0x00000007bcf00000)
 ParOldGen       total 316928K, used 181717K [0x00000006c0000000, 0x00000006d3580000, 0x000000076ab00000)
  object space 316928K, 57% used [0x00000006c0000000,0x00000006cb175610,0x00000006d3580000)
 Metaspace       used 43642K, capacity 44175K, committed 44544K, reserved 1089536K
  class space    used 5209K, capacity 5358K, committed 5376K, reserved 1048576K
GC Heap History (10 events):
Event: 175.926 GC heap before
{Heap before GC invocations=26 (full 5):
 PSYoungGen      total 1243648K, used 1243418K [0x000000076ab00000, 0x00000007bd100000, 0x00000007c0000000)
  eden space 1224704K, 100% used [0x000000076ab00000,0x00000007b5700000,0x00000007b5700000)
  from space 18944K, 98% used [0x00000007bbe80000,0x00000007bd0c6920,0x00000007bd100000)
  to   space 49152K, 0% used [0x00000007b7100000,0x00000007b7100000,0x00000007ba100000)
 ParOldGen       total 316928K, used 170414K [0x00000006c0000000, 0x00000006d3580000, 0x000000076ab00000)
  object space 316928K, 53% used [0x00000006c0000000,0x00000006ca66ba88,0x00000006d3580000)
 Metaspace       used 43543K, capacity 44035K, committed 44288K, reserved 1087488K
  class space    used 5205K, capacity 5356K, committed 5376K, reserved 1048576K
Event: 175.946 GC heap after
Heap after GC invocations=26 (full 5):
 PSYoungGen      total 1300480K, used 20969K [0x000000076ab00000, 0x00000007bec80000, 0x00000007c0000000)
  eden space 1251328K, 0% used [0x000000076ab00000,0x000000076ab00000,0x00000007b7100000)
  from space 49152K, 42% used [0x00000007b7100000,0x00000007b857a7c0,0x00000007ba100000)
  to   space 46592K, 0% used [0x00000007bbf00000,0x00000007bbf00000,0x00000007bec80000)
 ParOldGen       total 316928K, used 170414K [0x00000006c0000000, 0x00000006d3580000, 0x000000076ab00000)
  object space 316928K, 53% used [0x00000006c0000000,0x00000006ca66ba88,0x00000006d3580000)
 Metaspace       used 43543K, capacity 44035K, committed 44288K, reserved 1087488K
  class space    used 5205K, capacity 5356K, committed 5376K, reserved 1048576K
}
Event: 185.973 GC heap before
{Heap before GC invocations=27 (full 5):
 PSYoungGen      total 1300480K, used 1272297K [0x000000076ab00000, 0x00000007bec80000, 0x00000007c0000000)
  eden space 1251328K, 100% used [0x000000076ab00000,0x00000007b7100000,0x00000007b7100000)
  from space 49152K, 42% used [0x00000007b7100000,0x00000007b857a7c0,0x00000007ba100000)
  to   space 46592K, 0% used [0x00000007bbf00000,0x00000007bbf00000,0x00000007bec80000)
 ParOldGen       total 316928K, used 170414K [0x00000006c0000000, 0x00000006d3580000, 0x000000076ab00000)
  object space 316928K, 53% used [0x00000006c0000000,0x00000006ca66ba88,0x00000006d3580000)
 Metaspace       used 43587K, capacity 44035K, committed 44288K, reserved 1087488K
  class space    used 5206K, capacity 5356K, committed 5376K, reserved 1048576K
Event: 185.982 GC heap after
Heap after GC invocations=27 (full 5):
 PSYoungGen      total 1333248K, used 23395K [0x000000076ab00000, 0x00000007bf880000, 0x00000007c0000000)
  eden space 1286656K, 0% used [0x000000076ab00000,0x000000076ab00000,0x00000007b9380000)
  from space 46592K, 50% used [0x00000007bbf00000,0x00000007bd5d8d40,0x00000007bec80000)
  to   space 44544K, 0% used [0x00000007b9380000,0x00000007b9380000,0x00000007bbf00000)
 ParOldGen       total 316928K, used 170422K [0x00000006c0000000, 0x00000006d3580000, 0x000000076ab00000)
  object space 316928K, 53% used [0x00000006c0000000,0x00000006ca66da88,0x00000006d3580000)
 Metaspace       used 43587K, capacity 44035K, committed 44288K, reserved 1087488K
  class space    used 5206K, capacity 5356K, committed 5376K, reserved 1048576K
}
Event: 196.513 GC heap before
{Heap before GC invocations=28 (full 5):
 PSYoungGen      total 1333248K, used 1310051K [0x000000076ab00000, 0x00000007bf880000, 0x00000007c0000000)
  eden space 1286656K, 100% used [0x000000076ab00000,0x00000007b9380000,0x00000007b9380000)
  from space 46592K, 50% used [0x00000007bbf00000,0x00000007bd5d8d40,0x00000007bec80000)
  to   space 44544K, 0% used [0x00000007b9380000,0x00000007b9380000,0x00000007bbf00000)
 ParOldGen       total 316928K, used 170422K [0x00000006c0000000, 0x00000006d3580000, 0x000000076ab00000)
  object space 316928K, 53% used [0x00000006c0000000,0x00000006ca66da88,0x00000006d3580000)
 Metaspace       used 43609K, capacity 44111K, committed 44288K, reserved 1087488K
  class space    used 5207K, capacity 5358K, committed 5376K, reserved 1048576K
Event: 196.522 GC heap after
Heap after GC invocations=28 (full 5):
 PSYoungGen      total 1331200K, used 23031K [0x000000076ab00000, 0x00000007bfb00000, 0x00000007c0000000)
  eden space 1286656K, 0% used [0x000000076ab00000,0x000000076ab00000,0x00000007b9380000)
  from space 44544K, 51% used [0x00000007b9380000,0x00000007ba9fde80,0x00000007bbf00000)
  to   space 43008K, 0% used [0x00000007bd100000,0x00000007bd100000,0x00000007bfb00000)
 ParOldGen       total 316928K, used 170422K [0x00000006c0000000, 0x00000006d3580000, 0x000000076ab00000)
  object space 316928K, 53% used [0x00000006c0000000,0x00000006ca66da88,0x00000006d3580000)
 Metaspace       used 43609K, capacity 44111K, committed 44288K, reserved 1087488K
  class space    used 5207K, capacity 5358K, committed 5376K, reserved 1048576K
}
Event: 203.547 GC heap before
{Heap before GC invocations=29 (full 5):
 PSYoungGen      total 1331200K, used 613386K [0x000000076ab00000, 0x00000007bfb00000, 0x00000007c0000000)
  eden space 1286656K, 45% used [0x000000076ab00000,0x000000078eb84a10,0x00000007b9380000)
  from space 44544K, 51% used [0x00000007b9380000,0x00000007ba9fde80,0x00000007bbf00000)
  to   space 43008K, 0% used [0x00000007bd100000,0x00000007bd100000,0x00000007bfb00000)
 ParOldGen       total 316928K, used 170422K [0x00000006c0000000, 0x00000006d3580000, 0x000000076ab00000)
  object space 316928K, 53% used [0x00000006c0000000,0x00000006ca66da88,0x00000006d3580000)
 Metaspace       used 43632K, capacity 44111K, committed 44288K, reserved 1087488K
  class space    used 5207K, capacity 5358K, committed 5376K, reserved 1048576K
Event: 203.556 GC heap after
Heap after GC invocations=29 (full 5):
 PSYoungGen      total 1345536K, used 22916K [0x000000076ab00000, 0x00000007bf700000, 0x00000007c0000000)
  eden space 1306624K, 0% used [0x000000076ab00000,0x000000076ab00000,0x00000007ba700000)
  from space 38912K, 58% used [0x00000007bd100000,0x00000007be7612d0,0x00000007bf700000)
  to   space 40960K, 0% used [0x00000007ba700000,0x00000007ba700000,0x00000007bcf00000)
 ParOldGen       total 316928K, used 170422K [0x00000006c0000000, 0x00000006d3580000, 0x000000076ab00000)
  object space 316928K, 53% used [0x00000006c0000000,0x00000006ca66da88,0x00000006d3580000)
 Metaspace       used 43632K, capacity 44111K, committed 44288K, reserved 1087488K
  class space    used 5207K, capacity 5358K, committed 5376K, reserved 1048576K
}
Event: 203.557 GC heap before
{Heap before GC invocations=30 (full 6):
 PSYoungGen      total 1345536K, used 22916K [0x000000076ab00000, 0x00000007bf700000, 0x00000007c0000000)
  eden space 1306624K, 0% used [0x000000076ab00000,0x000000076ab00000,0x00000007ba700000)
  from space 38912K, 58% used [0x00000007bd100000,0x00000007be7612d0,0x00000007bf700000)
  to   space 40960K, 0% used [0x00000007ba700000,0x00000007ba700000,0x00000007bcf00000)
 ParOldGen       total 316928K, used 170422K [0x00000006c0000000, 0x00000006d3580000, 0x000000076ab00000)
  object space 316928K, 53% used [0x00000006c0000000,0x00000006ca66da88,0x00000006d3580000)
 Metaspace       used 43632K, capacity 44111K, committed 44288K, reserved 1087488K
  class space    used 5207K, capacity 5358K, committed 5376K, reserved 1048576K
Event: 203.800 GC heap after
Heap after GC invocations=30 (full 6):
 PSYoungGen      total 1345536K, used 0K [0x000000076ab00000, 0x00000007bf700000, 0x00000007c0000000)
  eden space 1306624K, 0% used [0x000000076ab00000,0x000000076ab00000,0x00000007ba700000)
  from space 38912K, 0% used [0x00000007bd100000,0x00000007bd100000,0x00000007bf700000)
  to   space 40960K, 0% used [0x00000007ba700000,0x00000007ba700000,0x00000007bcf00000)
 ParOldGen       total 316928K, used 181717K [0x00000006c0000000, 0x00000006d3580000, 0x000000076ab00000)
  object space 316928K, 57% used [0x00000006c0000000,0x00000006cb175610,0x00000006d3580000)
 Metaspace       used 43632K, capacity 44111K, committed 44288K, reserved 1087488K
  class space    used 5207K, capacity 5358K, committed 5376K, reserved 1048576K
}

