# JRE version: Java(TM) SE Runtime Environment (8.0_101-b13) (build 1.8.0_101-b13)
# Java VM: Java HotSpot(TM) 64-Bit Server VM (25.101-b13 mixed mode windows-amd64 compressed oops)
Heap:
 PSYoungGen      total 873472K, used 679280K [0x000000076ab00000, 0x00000007a5a80000, 0x00000007c0000000)
  eden space 828928K, 79% used [0x000000076ab00000,0x000000079300d7e8,0x000000079d480000)
  from space 44544K, 42% used [0x00000007a2f00000,0x00000007a414e860,0x00000007a5a80000)
  to   space 68608K, 0% used [0x000000079d480000,0x000000079d480000,0x00000007a1780000)
 ParOldGen       total 186368K, used 161128K [0x00000006c0000000, 0x00000006cb600000, 0x000000076ab00000)
  object space 186368K, 86% used [0x00000006c0000000,0x00000006c9d5a310,0x00000006cb600000)
 Metaspace       used 44021K, capacity 44445K, committed 44928K, reserved 1089536K
  class space    used 5295K, capacity 5431K, committed 5504K, reserved 1048576K
GC Heap History (10 events):
Event: 34.765 GC heap before
{Heap before GC invocations=17 (full 4):
 PSYoungGen      total 778752K, used 0K [0x000000076ab00000, 0x000000079f980000, 0x00000007c0000000)
  eden space 706048K, 0% used [0x000000076ab00000,0x000000076ab00000,0x0000000795c80000)
  from space 72704K, 0% used [0x0000000795c80000,0x0000000795c80000,0x000000079a380000)
  to   space 74240K, 0% used [0x000000079b100000,0x000000079b100000,0x000000079f980000)
 ParOldGen       total 186368K, used 129331K [0x00000006c0000000, 0x00000006cb600000, 0x000000076ab00000)
  object space 186368K, 69% used [0x00000006c0000000,0x00000006c7e4cce0,0x00000006cb600000)
 Metaspace       used 36722K, capacity 37049K, committed 37504K, reserved 1081344K
  class space    used 4563K, capacity 4683K, committed 4736K, reserved 1048576K
Event: 34.842 GC heap after
Heap after GC invocations=17 (full 4):
 PSYoungGen      total 778752K, used 0K [0x000000076ab00000, 0x000000079f980000, 0x00000007c0000000)
  eden space 706048K, 0% used [0x000000076ab00000,0x000000076ab00000,0x0000000795c80000)
  from space 72704K, 0% used [0x0000000795c80000,0x0000000795c80000,0x000000079a380000)
  to   space 74240K, 0% used [0x000000079b100000,0x000000079b100000,0x000000079f980000)
 ParOldGen       total 186368K, used 129331K [0x00000006c0000000, 0x00000006cb600000, 0x000000076ab00000)
  object space 186368K, 69% used [0x00000006c0000000,0x00000006c7e4cce0,0x00000006cb600000)
 Metaspace       used 36722K, capacity 37049K, committed 37504K, reserved 1081344K
  class space    used 4563K, capacity 4683K, committed 4736K, reserved 1048576K
}
Event: 36.396 GC heap before
{Heap before GC invocations=18 (full 4):
 PSYoungGen      total 778752K, used 378869K [0x000000076ab00000, 0x000000079f980000, 0x00000007c0000000)
  eden space 706048K, 53% used [0x000000076ab00000,0x0000000781cfd478,0x0000000795c80000)
  from space 72704K, 0% used [0x0000000795c80000,0x0000000795c80000,0x000000079a380000)
  to   space 74240K, 0% used [0x000000079b100000,0x000000079b100000,0x000000079f980000)
 ParOldGen       total 186368K, used 129331K [0x00000006c0000000, 0x00000006cb600000, 0x000000076ab00000)
  object space 186368K, 69% used [0x00000006c0000000,0x00000006c7e4cce0,0x00000006cb600000)
 Metaspace       used 41840K, capacity 42259K, committed 42752K, reserved 1087488K
  class space    used 5180K, capacity 5328K, committed 5376K, reserved 1048576K
Event: 36.411 GC heap after
Heap after GC invocations=18 (full 4):
 PSYoungGen      total 788480K, used 36227K [0x000000076ab00000, 0x000000079f580000, 0x00000007c0000000)
  eden space 718336K, 0% used [0x000000076ab00000,0x000000076ab00000,0x0000000796880000)
  from space 70144K, 51% used [0x000000079b100000,0x000000079d460d60,0x000000079f580000)
  to   space 72192K, 0% used [0x0000000796880000,0x0000000796880000,0x000000079af00000)
 ParOldGen       total 186368K, used 129339K [0x00000006c0000000, 0x00000006cb600000, 0x000000076ab00000)
  object space 186368K, 69% used [0x00000006c0000000,0x00000006c7e4ece0,0x00000006cb600000)
 Metaspace       used 41840K, capacity 42259K, committed 42752K, reserved 1087488K
  class space    used 5180K, capacity 5328K, committed 5376K, reserved 1048576K
}
Event: 36.411 GC heap before
{Heap before GC invocations=19 (full 5):
 PSYoungGen      total 788480K, used 36227K [0x000000076ab00000, 0x000000079f580000, 0x00000007c0000000)
  eden space 718336K, 0% used [0x000000076ab00000,0x000000076ab00000,0x0000000796880000)
  from space 70144K, 51% used [0x000000079b100000,0x000000079d460d60,0x000000079f580000)
  to   space 72192K, 0% used [0x0000000796880000,0x0000000796880000,0x000000079af00000)
 ParOldGen       total 186368K, used 129339K [0x00000006c0000000, 0x00000006cb600000, 0x000000076ab00000)
  object space 186368K, 69% used [0x00000006c0000000,0x00000006c7e4ece0,0x00000006cb600000)
 Metaspace       used 41840K, capacity 42259K, committed 42752K, reserved 1087488K
  class space    used 5180K, capacity 5328K, committed 5376K, reserved 1048576K
Event: 36.766 GC heap after
Heap after GC invocations=19 (full 5):
 PSYoungGen      total 788480K, used 0K [0x000000076ab00000, 0x000000079f580000, 0x00000007c0000000)
  eden space 718336K, 0% used [0x000000076ab00000,0x000000076ab00000,0x0000000796880000)
  from space 70144K, 0% used [0x000000079b100000,0x000000079b100000,0x000000079f580000)
  to   space 72192K, 0% used [0x0000000796880000,0x0000000796880000,0x000000079af00000)
 ParOldGen       total 186368K, used 161112K [0x00000006c0000000, 0x00000006cb600000, 0x000000076ab00000)
  object space 186368K, 86% used [0x00000006c0000000,0x00000006c9d56310,0x00000006cb600000)
 Metaspace       used 41840K, capacity 42259K, committed 42752K, reserved 1087488K
  class space    used 5180K, capacity 5328K, committed 5376K, reserved 1048576K
}
Event: 38.631 GC heap before
{Heap before GC invocations=20 (full 5):
 PSYoungGen      total 788480K, used 718336K [0x000000076ab00000, 0x000000079f580000, 0x00000007c0000000)
  eden space 718336K, 100% used [0x000000076ab00000,0x0000000796880000,0x0000000796880000)
  from space 70144K, 0% used [0x000000079b100000,0x000000079b100000,0x000000079f580000)
  to   space 72192K, 0% used [0x0000000796880000,0x0000000796880000,0x000000079af00000)
 ParOldGen       total 186368K, used 161112K [0x00000006c0000000, 0x00000006cb600000, 0x000000076ab00000)
  object space 186368K, 86% used [0x00000006c0000000,0x00000006c9d56310,0x00000006cb600000)
 Metaspace       used 43103K, capacity 43453K, committed 43904K, reserved 1087488K
  class space    used 5266K, capacity 5399K, committed 5504K, reserved 1048576K
Event: 38.638 GC heap after
Heap after GC invocations=20 (full 5):
 PSYoungGen      total 790528K, used 14698K [0x000000076ab00000, 0x00000007a7400000, 0x00000007c0000000)
  eden space 718336K, 0% used [0x000000076ab00000,0x000000076ab00000,0x0000000796880000)
  from space 72192K, 20% used [0x0000000796880000,0x00000007976da940,0x000000079af00000)
  to   space 70656K, 0% used [0x00000007a2f00000,0x00000007a2f00000,0x00000007a7400000)
 ParOldGen       total 186368K, used 161120K [0x00000006c0000000, 0x00000006cb600000, 0x000000076ab00000)
  object space 186368K, 86% used [0x00000006c0000000,0x00000006c9d58310,0x00000006cb600000)
 Metaspace       used 43103K, capacity 43453K, committed 43904K, reserved 1087488K
  class space    used 5266K, capacity 5399K, committed 5504K, reserved 1048576K
}
Event: 42.926 GC heap before
{Heap before GC invocations=21 (full 5):
 PSYoungGen      total 790528K, used 733034K [0x000000076ab00000, 0x00000007a7400000, 0x00000007c0000000)
  eden space 718336K, 100% used [0x000000076ab00000,0x0000000796880000,0x0000000796880000)
  from space 72192K, 20% used [0x0000000796880000,0x00000007976da940,0x000000079af00000)
  to   space 70656K, 0% used [0x00000007a2f00000,0x00000007a2f00000,0x00000007a7400000)
 ParOldGen       total 186368K, used 161120K [0x00000006c0000000, 0x00000006cb600000, 0x000000076ab00000)
  object space 186368K, 86% used [0x00000006c0000000,0x00000006c9d58310,0x00000006cb600000)
 Metaspace       used 43658K, capacity 44061K, committed 44416K, reserved 1087488K
  class space    used 5281K, capacity 5431K, committed 5504K, reserved 1048576K
Event: 42.934 GC heap after
Heap after GC invocations=21 (full 5):
 PSYoungGen      total 873472K, used 18746K [0x000000076ab00000, 0x00000007a5a80000, 0x00000007c0000000)
  eden space 828928K, 0% used [0x000000076ab00000,0x000000076ab00000,0x000000079d480000)
  from space 44544K, 42% used [0x00000007a2f00000,0x00000007a414e860,0x00000007a5a80000)
  to   space 68608K, 0% used [0x000000079d480000,0x000000079d480000,0x00000007a1780000)
 ParOldGen       total 186368K, used 161128K [0x00000006c0000000, 0x00000006cb600000, 0x000000076ab00000)
  object space 186368K, 86% used [0x00000006c0000000,0x00000006c9d5a310,0x00000006cb600000)
 Metaspace       used 43658K, capacity 44061K, committed 44416K, reserved 1087488K
  class space    used 5281K, capacity 5431K, committed 5504K, reserved 1048576K
}

