# JRE version: Java(TM) SE Runtime Environment (8.0_101-b13) (build 1.8.0_101-b13)
# Java VM: Java HotSpot(TM) 64-Bit Server VM (25.101-b13 mixed mode windows-amd64 compressed oops)
Heap:
 PSYoungGen      total 967680K, used 85857K [0x000000076ab00000, 0x00000007b1d00000, 0x00000007c0000000)
  eden space 899072K, 7% used [0x000000076ab00000,0x000000076ec27938,0x00000007a1900000)
  from space 68608K, 27% used [0x00000007a1900000,0x00000007a2bb0e10,0x00000007a5c00000)
  to   space 66048K, 0% used [0x00000007adc80000,0x00000007adc80000,0x00000007b1d00000)
 ParOldGen       total 182272K, used 161711K [0x00000006c0000000, 0x00000006cb200000, 0x000000076ab00000)
  object space 182272K, 88% used [0x00000006c0000000,0x00000006c9debd68,0x00000006cb200000)
 Metaspace       used 44126K, capacity 44523K, committed 44928K, reserved 1089536K
  class space    used 5295K, capacity 5432K, committed 5504K, reserved 1048576K
GC Heap History (10 events):
Event: 41.566 GC heap before
{Heap before GC invocations=18 (full 4):
 PSYoungGen      total 821760K, used 386796K [0x000000076ab00000, 0x00000007a2200000, 0x00000007c0000000)
  eden space 749568K, 51% used [0x000000076ab00000,0x00000007824bb1f0,0x0000000798700000)
  from space 72192K, 0% used [0x0000000798700000,0x0000000798700000,0x000000079cd80000)
  to   space 73728K, 0% used [0x000000079da00000,0x000000079da00000,0x00000007a2200000)
 ParOldGen       total 182272K, used 129187K [0x00000006c0000000, 0x00000006cb200000, 0x000000076ab00000)
  object space 182272K, 70% used [0x00000006c0000000,0x00000006c7e28c28,0x00000006cb200000)
 Metaspace       used 41935K, capacity 42361K, committed 42752K, reserved 1087488K
  class space    used 5185K, capacity 5333K, committed 5376K, reserved 1048576K
Event: 41.581 GC heap after
Heap after GC invocations=18 (full 4):
 PSYoungGen      total 831488K, used 36994K [0x000000076ab00000, 0x00000007a1f00000, 0x00000007c0000000)
  eden space 760832K, 0% used [0x000000076ab00000,0x000000076ab00000,0x0000000799200000)
  from space 70656K, 52% used [0x000000079da00000,0x000000079fe20968,0x00000007a1f00000)
  to   space 72192K, 0% used [0x0000000799200000,0x0000000799200000,0x000000079d880000)
 ParOldGen       total 182272K, used 129195K [0x00000006c0000000, 0x00000006cb200000, 0x000000076ab00000)
  object space 182272K, 70% used [0x00000006c0000000,0x00000006c7e2ac28,0x00000006cb200000)
 Metaspace       used 41935K, capacity 42361K, committed 42752K, reserved 1087488K
  class space    used 5185K, capacity 5333K, committed 5376K, reserved 1048576K
}
Event: 41.581 GC heap before
{Heap before GC invocations=19 (full 5):
 PSYoungGen      total 831488K, used 36994K [0x000000076ab00000, 0x00000007a1f00000, 0x00000007c0000000)
  eden space 760832K, 0% used [0x000000076ab00000,0x000000076ab00000,0x0000000799200000)
  from space 70656K, 52% used [0x000000079da00000,0x000000079fe20968,0x00000007a1f00000)
  to   space 72192K, 0% used [0x0000000799200000,0x0000000799200000,0x000000079d880000)
 ParOldGen       total 182272K, used 129195K [0x00000006c0000000, 0x00000006cb200000, 0x000000076ab00000)
  object space 182272K, 70% used [0x00000006c0000000,0x00000006c7e2ac28,0x00000006cb200000)
 Metaspace       used 41935K, capacity 42361K, committed 42752K, reserved 1087488K
  class space    used 5185K, capacity 5333K, committed 5376K, reserved 1048576K
Event: 41.953 GC heap after
Heap after GC invocations=19 (full 5):
 PSYoungGen      total 831488K, used 0K [0x000000076ab00000, 0x00000007a1f00000, 0x00000007c0000000)
  eden space 760832K, 0% used [0x000000076ab00000,0x000000076ab00000,0x0000000799200000)
  from space 70656K, 0% used [0x000000079da00000,0x000000079da00000,0x00000007a1f00000)
  to   space 72192K, 0% used [0x0000000799200000,0x0000000799200000,0x000000079d880000)
 ParOldGen       total 182272K, used 161695K [0x00000006c0000000, 0x00000006cb200000, 0x000000076ab00000)
  object space 182272K, 88% used [0x00000006c0000000,0x00000006c9de7d68,0x00000006cb200000)
 Metaspace       used 41935K, capacity 42361K, committed 42752K, reserved 1087488K
  class space    used 5185K, capacity 5333K, committed 5376K, reserved 1048576K
}
Event: 43.629 GC heap before
{Heap before GC invocations=20 (full 5):
 PSYoungGen      total 831488K, used 760832K [0x000000076ab00000, 0x00000007a1f00000, 0x00000007c0000000)
  eden space 760832K, 100% used [0x000000076ab00000,0x0000000799200000,0x0000000799200000)
  from space 70656K, 0% used [0x000000079da00000,0x000000079da00000,0x00000007a1f00000)
  to   space 72192K, 0% used [0x0000000799200000,0x0000000799200000,0x000000079d880000)
 ParOldGen       total 182272K, used 161695K [0x00000006c0000000, 0x00000006cb200000, 0x000000076ab00000)
  object space 182272K, 88% used [0x00000006c0000000,0x00000006c9de7d68,0x00000006cb200000)
 Metaspace       used 43282K, capacity 43685K, committed 44160K, reserved 1087488K
  class space    used 5280K, capacity 5431K, committed 5504K, reserved 1048576K
Event: 43.637 GC heap after
Heap after GC invocations=20 (full 5):
 PSYoungGen      total 833024K, used 14780K [0x000000076ab00000, 0x00000007abc80000, 0x00000007c0000000)
  eden space 760832K, 0% used [0x000000076ab00000,0x000000076ab00000,0x0000000799200000)
  from space 72192K, 20% used [0x0000000799200000,0x000000079a06f220,0x000000079d880000)
  to   space 70656K, 0% used [0x00000007a7780000,0x00000007a7780000,0x00000007abc80000)
 ParOldGen       total 182272K, used 161703K [0x00000006c0000000, 0x00000006cb200000, 0x000000076ab00000)
  object space 182272K, 88% used [0x00000006c0000000,0x00000006c9de9d68,0x00000006cb200000)
 Metaspace       used 43282K, capacity 43685K, committed 44160K, reserved 1087488K
  class space    used 5280K, capacity 5431K, committed 5504K, reserved 1048576K
}
Event: 48.525 GC heap before
{Heap before GC invocations=21 (full 5):
 PSYoungGen      total 833024K, used 775612K [0x000000076ab00000, 0x00000007abc80000, 0x00000007c0000000)
  eden space 760832K, 100% used [0x000000076ab00000,0x0000000799200000,0x0000000799200000)
  from space 72192K, 20% used [0x0000000799200000,0x000000079a06f220,0x000000079d880000)
  to   space 70656K, 0% used [0x00000007a7780000,0x00000007a7780000,0x00000007abc80000)
 ParOldGen       total 182272K, used 161703K [0x00000006c0000000, 0x00000006cb200000, 0x000000076ab00000)
  object space 182272K, 88% used [0x00000006c0000000,0x00000006c9de9d68,0x00000006cb200000)
 Metaspace       used 43706K, capacity 44069K, committed 44416K, reserved 1087488K
  class space    used 5281K, capacity 5431K, committed 5504K, reserved 1048576K
Event: 48.534 GC heap after
Heap after GC invocations=21 (full 5):
 PSYoungGen      total 939520K, used 18915K [0x000000076ab00000, 0x00000007a9f00000, 0x00000007c0000000)
  eden space 899072K, 0% used [0x000000076ab00000,0x000000076ab00000,0x00000007a1900000)
  from space 40448K, 46% used [0x00000007a7780000,0x00000007a89f8e10,0x00000007a9f00000)
  to   space 68608K, 0% used [0x00000007a1900000,0x00000007a1900000,0x00000007a5c00000)
 ParOldGen       total 182272K, used 161703K [0x00000006c0000000, 0x00000006cb200000, 0x000000076ab00000)
  object space 182272K, 88% used [0x00000006c0000000,0x00000006c9de9d68,0x00000006cb200000)
 Metaspace       used 43706K, capacity 44069K, committed 44416K, reserved 1087488K
  class space    used 5281K, capacity 5431K, committed 5504K, reserved 1048576K
}
Event: 56.071 GC heap before
{Heap before GC invocations=22 (full 5):
 PSYoungGen      total 939520K, used 917987K [0x000000076ab00000, 0x00000007a9f00000, 0x00000007c0000000)
  eden space 899072K, 100% used [0x000000076ab00000,0x00000007a1900000,0x00000007a1900000)
  from space 40448K, 46% used [0x00000007a7780000,0x00000007a89f8e10,0x00000007a9f00000)
  to   space 68608K, 0% used [0x00000007a1900000,0x00000007a1900000,0x00000007a5c00000)
 ParOldGen       total 182272K, used 161703K [0x00000006c0000000, 0x00000006cb200000, 0x000000076ab00000)
  object space 182272K, 88% used [0x00000006c0000000,0x00000006c9de9d68,0x00000006cb200000)
 Metaspace       used 44010K, capacity 44459K, committed 44928K, reserved 1089536K
  class space    used 5284K, capacity 5432K, committed 5504K, reserved 1048576K
Event: 56.079 GC heap after
Heap after GC invocations=22 (full 5):
 PSYoungGen      total 967680K, used 19139K [0x000000076ab00000, 0x00000007b1d00000, 0x00000007c0000000)
  eden space 899072K, 0% used [0x000000076ab00000,0x000000076ab00000,0x00000007a1900000)
  from space 68608K, 27% used [0x00000007a1900000,0x00000007a2bb0e10,0x00000007a5c00000)
  to   space 66048K, 0% used [0x00000007adc80000,0x00000007adc80000,0x00000007b1d00000)
 ParOldGen       total 182272K, used 161711K [0x00000006c0000000, 0x00000006cb200000, 0x000000076ab00000)
  object space 182272K, 88% used [0x00000006c0000000,0x00000006c9debd68,0x00000006cb200000)
 Metaspace       used 44010K, capacity 44459K, committed 44928K, reserved 1089536K
  class space    used 5284K, capacity 5432K, committed 5504K, reserved 1048576K
}

