# JRE version: Java(TM) SE Runtime Environment (8.0_101-b13) (build 1.8.0_101-b13)
# Java VM: Java HotSpot(TM) 64-Bit Server VM (25.101-b13 mixed mode windows-amd64 compressed oops)
Heap:
 PSYoungGen      total 1205248K, used 362579K [0x000000076ab00000, 0x00000007b7c00000, 0x00000007c0000000)
  eden space 1160704K, 29% used [0x000000076ab00000,0x000000077f9d81b8,0x00000007b1880000)
  from space 44544K, 44% used [0x00000007b1880000,0x00000007b2bbce00,0x00000007b4400000)
  to   space 43008K, 0% used [0x00000007b5200000,0x00000007b5200000,0x00000007b7c00000)
 ParOldGen       total 181760K, used 161601K [0x00000006c0000000, 0x00000006cb180000, 0x000000076ab00000)
  object space 181760K, 88% used [0x00000006c0000000,0x00000006c9dd04b0,0x00000006cb180000)
 Metaspace       used 44300K, capacity 44665K, committed 45184K, reserved 1089536K
  class space    used 5296K, capacity 5435K, committed 5504K, reserved 1048576K
GC Heap History (10 events):
Event: 86.504 GC heap before
{Heap before GC invocations=28 (full 5):
 PSYoungGen      total 1159168K, used 1137140K [0x000000076ab00000, 0x00000007b5580000, 0x00000007c0000000)
  eden space 1116672K, 100% used [0x000000076ab00000,0x00000007aed80000,0x00000007aed80000)
  from space 42496K, 48% used [0x00000007b2c00000,0x00000007b3ffd0f0,0x00000007b5580000)
  to   space 53248K, 0% used [0x00000007aed80000,0x00000007aed80000,0x00000007b2180000)
 ParOldGen       total 181760K, used 161593K [0x00000006c0000000, 0x00000006cb180000, 0x000000076ab00000)
  object space 181760K, 88% used [0x00000006c0000000,0x00000006c9dce4b0,0x00000006cb180000)
 Metaspace       used 44183K, capacity 44595K, committed 45184K, reserved 1089536K
  class space    used 5286K, capacity 5434K, committed 5504K, reserved 1048576K
Event: 86.512 GC heap after
Heap after GC invocations=28 (full 5):
 PSYoungGen      total 1169920K, used 20595K [0x000000076ab00000, 0x00000007b6e80000, 0x00000007c0000000)
  eden space 1116672K, 0% used [0x000000076ab00000,0x000000076ab00000,0x00000007aed80000)
  from space 53248K, 38% used [0x00000007aed80000,0x00000007b019ce00,0x00000007b2180000)
  to   space 50688K, 0% used [0x00000007b3d00000,0x00000007b3d00000,0x00000007b6e80000)
 ParOldGen       total 181760K, used 161593K [0x00000006c0000000, 0x00000006cb180000, 0x000000076ab00000)
  object space 181760K, 88% used [0x00000006c0000000,0x00000006c9dce4b0,0x00000006cb180000)
 Metaspace       used 44183K, capacity 44595K, committed 45184K, reserved 1089536K
  class space    used 5286K, capacity 5434K, committed 5504K, reserved 1048576K
}
Event: 96.298 GC heap before
{Heap before GC invocations=29 (full 5):
 PSYoungGen      total 1169920K, used 1137267K [0x000000076ab00000, 0x00000007b6e80000, 0x00000007c0000000)
  eden space 1116672K, 100% used [0x000000076ab00000,0x00000007aed80000,0x00000007aed80000)
  from space 53248K, 38% used [0x00000007aed80000,0x00000007b019ce00,0x00000007b2180000)
  to   space 50688K, 0% used [0x00000007b3d00000,0x00000007b3d00000,0x00000007b6e80000)
 ParOldGen       total 181760K, used 161593K [0x00000006c0000000, 0x00000006cb180000, 0x000000076ab00000)
  object space 181760K, 88% used [0x00000006c0000000,0x00000006c9dce4b0,0x00000006cb180000)
 Metaspace       used 44186K, capacity 44595K, committed 45184K, reserved 1089536K
  class space    used 5286K, capacity 5434K, committed 5504K, reserved 1048576K
Event: 96.306 GC heap after
Heap after GC invocations=29 (full 5):
 PSYoungGen      total 1183744K, used 20659K [0x000000076ab00000, 0x00000007b6580000, 0x00000007c0000000)
  eden space 1142272K, 0% used [0x000000076ab00000,0x000000076ab00000,0x00000007b0680000)
  from space 41472K, 49% used [0x00000007b3d00000,0x00000007b512ce00,0x00000007b6580000)
  to   space 48640K, 0% used [0x00000007b0680000,0x00000007b0680000,0x00000007b3600000)
 ParOldGen       total 181760K, used 161601K [0x00000006c0000000, 0x00000006cb180000, 0x000000076ab00000)
  object space 181760K, 88% used [0x00000006c0000000,0x00000006c9dd04b0,0x00000006cb180000)
 Metaspace       used 44186K, capacity 44595K, committed 45184K, reserved 1089536K
  class space    used 5286K, capacity 5434K, committed 5504K, reserved 1048576K
}
Event: 106.501 GC heap before
{Heap before GC invocations=30 (full 5):
 PSYoungGen      total 1183744K, used 1162931K [0x000000076ab00000, 0x00000007b6580000, 0x00000007c0000000)
  eden space 1142272K, 100% used [0x000000076ab00000,0x00000007b0680000,0x00000007b0680000)
  from space 41472K, 49% used [0x00000007b3d00000,0x00000007b512ce00,0x00000007b6580000)
  to   space 48640K, 0% used [0x00000007b0680000,0x00000007b0680000,0x00000007b3600000)
 ParOldGen       total 181760K, used 161601K [0x00000006c0000000, 0x00000006cb180000, 0x000000076ab00000)
  object space 181760K, 88% used [0x00000006c0000000,0x00000006c9dd04b0,0x00000006cb180000)
 Metaspace       used 44195K, capacity 44595K, committed 45184K, reserved 1089536K
  class space    used 5286K, capacity 5434K, committed 5504K, reserved 1048576K
Event: 106.509 GC heap after
Heap after GC invocations=30 (full 5):
 PSYoungGen      total 1190912K, used 20659K [0x000000076ab00000, 0x00000007b7680000, 0x00000007c0000000)
  eden space 1142272K, 0% used [0x000000076ab00000,0x000000076ab00000,0x00000007b0680000)
  from space 48640K, 42% used [0x00000007b0680000,0x00000007b1aace00,0x00000007b3600000)
  to   space 46592K, 0% used [0x00000007b4900000,0x00000007b4900000,0x00000007b7680000)
 ParOldGen       total 181760K, used 161601K [0x00000006c0000000, 0x00000006cb180000, 0x000000076ab00000)
  object space 181760K, 88% used [0x00000006c0000000,0x00000006c9dd04b0,0x00000006cb180000)
 Metaspace       used 44195K, capacity 44595K, committed 45184K, reserved 1089536K
  class space    used 5286K, capacity 5434K, committed 5504K, reserved 1048576K
}
Event: 116.651 GC heap before
{Heap before GC invocations=31 (full 5):
 PSYoungGen      total 1190912K, used 1162931K [0x000000076ab00000, 0x00000007b7680000, 0x00000007c0000000)
  eden space 1142272K, 100% used [0x000000076ab00000,0x00000007b0680000,0x00000007b0680000)
  from space 48640K, 42% used [0x00000007b0680000,0x00000007b1aace00,0x00000007b3600000)
  to   space 46592K, 0% used [0x00000007b4900000,0x00000007b4900000,0x00000007b7680000)
 ParOldGen       total 181760K, used 161601K [0x00000006c0000000, 0x00000006cb180000, 0x000000076ab00000)
  object space 181760K, 88% used [0x00000006c0000000,0x00000006c9dd04b0,0x00000006cb180000)
 Metaspace       used 44226K, capacity 44665K, committed 45184K, reserved 1089536K
  class space    used 5287K, capacity 5435K, committed 5504K, reserved 1048576K
Event: 116.659 GC heap after
Heap after GC invocations=31 (full 5):
 PSYoungGen      total 1200128K, used 19731K [0x000000076ab00000, 0x00000007b6f80000, 0x00000007c0000000)
  eden space 1160704K, 0% used [0x000000076ab00000,0x000000076ab00000,0x00000007b1880000)
  from space 39424K, 50% used [0x00000007b4900000,0x00000007b5c44e00,0x00000007b6f80000)
  to   space 44544K, 0% used [0x00000007b1880000,0x00000007b1880000,0x00000007b4400000)
 ParOldGen       total 181760K, used 161601K [0x00000006c0000000, 0x00000006cb180000, 0x000000076ab00000)
  object space 181760K, 88% used [0x00000006c0000000,0x00000006c9dd04b0,0x00000006cb180000)
 Metaspace       used 44226K, capacity 44665K, committed 45184K, reserved 1089536K
  class space    used 5287K, capacity 5435K, committed 5504K, reserved 1048576K
}
Event: 127.002 GC heap before
{Heap before GC invocations=32 (full 5):
 PSYoungGen      total 1200128K, used 1180435K [0x000000076ab00000, 0x00000007b6f80000, 0x00000007c0000000)
  eden space 1160704K, 100% used [0x000000076ab00000,0x00000007b1880000,0x00000007b1880000)
  from space 39424K, 50% used [0x00000007b4900000,0x00000007b5c44e00,0x00000007b6f80000)
  to   space 44544K, 0% used [0x00000007b1880000,0x00000007b1880000,0x00000007b4400000)
 ParOldGen       total 181760K, used 161601K [0x00000006c0000000, 0x00000006cb180000, 0x000000076ab00000)
  object space 181760K, 88% used [0x00000006c0000000,0x00000006c9dd04b0,0x00000006cb180000)
 Metaspace       used 44226K, capacity 44665K, committed 45184K, reserved 1089536K
  class space    used 5287K, capacity 5435K, committed 5504K, reserved 1048576K
Event: 127.009 GC heap after
Heap after GC invocations=32 (full 5):
 PSYoungGen      total 1205248K, used 19699K [0x000000076ab00000, 0x00000007b7c00000, 0x00000007c0000000)
  eden space 1160704K, 0% used [0x000000076ab00000,0x000000076ab00000,0x00000007b1880000)
  from space 44544K, 44% used [0x00000007b1880000,0x00000007b2bbce00,0x00000007b4400000)
  to   space 43008K, 0% used [0x00000007b5200000,0x00000007b5200000,0x00000007b7c00000)
 ParOldGen       total 181760K, used 161601K [0x00000006c0000000, 0x00000006cb180000, 0x000000076ab00000)
  object space 181760K, 88% used [0x00000006c0000000,0x00000006c9dd04b0,0x00000006cb180000)
 Metaspace       used 44226K, capacity 44665K, committed 45184K, reserved 1089536K
  class space    used 5287K, capacity 5435K, committed 5504K, reserved 1048576K
}

